[07-31-2021 :: 17:57:25] [World] [Error] Error decrypting message from client
[07-31-2021 :: 17:57:25] [World] [Error] Error decrypting message from client
[07-31-2021 :: 17:58:24] [World] [World Server] Setting to 'northkarana' (13:0)
[07-31-2021 :: 17:58:24] [World] [World Server] Setting to 'northkarana' (13:0)
[07-31-2021 :: 18:07:54] [World] [World Server] Setting to 'qrg' (3:0)
[07-31-2021 :: 18:07:55] [World] [World Server] Setting to 'qrg' (3:0)
[07-31-2021 :: 18:10:23] [World] [World Server] Setting to 'qeytoqrg' (4:0)
[07-31-2021 :: 18:10:24] [World] [World Server] Setting to 'qeytoqrg' (4:0)
[07-31-2021 :: 18:22:07] [World] [World Server] Setting to 'qey2hh1' (12:0)
[07-31-2021 :: 18:22:08] [World] [World Server] Setting to 'qey2hh1' (12:0)
[07-31-2021 :: 19:01:43] [World] [World Server] Setting to 'qey2hh1' (12:0)
[07-31-2021 :: 19:19:32] [World] [World Server] Setting to 'northkarana' (13:0)
[07-31-2021 :: 19:19:32] [World] [World Server] Setting to 'northkarana' (13:0)
[07-31-2021 :: 19:57:40] [World] [World Server] Setting to 'northkarana' (13:0)
[07-31-2021 :: 19:59:53] [World] [World Server] Setting to 'northkarana' (13:0)
[07-31-2021 :: 20:11:18] [World] [World Server] Setting to 'northkarana' (13:0)
[07-31-2021 :: 20:13:17] [World] [World Server] Setting to 'northkarana' (13:0)
[07-31-2021 :: 20:14:24] [World] [World Server] Setting to 'northkarana' (13:0)
[07-31-2021 :: 20:39:58] [World] [World Server] Setting to 'eastkarana' (15:0)
[07-31-2021 :: 20:39:59] [World] [World Server] Setting to 'eastkarana' (15:0)
[07-31-2021 :: 20:40:06] [World] [World Server] Setting to 'northkarana' (13:0)
[07-31-2021 :: 20:40:35] [World] [World Server] Setting to 'eastkarana' (15:0)
[07-31-2021 :: 21:06:30] [World] [World Server] Setting to 'eastkarana' (15:0)
[07-31-2021 :: 21:17:55] [World] [World Server] Setting to 'eastkarana' (15:0)
[07-31-2021 :: 21:22:29] [World] [World Server] Setting to 'eastkarana' (15:0)
[07-31-2021 :: 21:30:39] [World] [World Server] Setting to 'eastkarana' (15:0)
[07-31-2021 :: 21:39:25] [World] [World Server] Setting to 'eastkarana' (15:0)
[07-31-2021 :: 21:40:36] [World] [World Server] Setting to 'eastkarana' (15:0)
[07-31-2021 :: 21:40:36] [World] [World Server] Setting to 'eastkarana' (15:0)
[07-31-2021 :: 22:03:21] [World] [World Server] Setting to 'eastkarana' (15:0)
[07-31-2021 :: 22:06:11] [World] [World Server] Setting to 'ecommons' (22:0)
[07-31-2021 :: 22:06:12] [World] [World Server] Setting to 'ecommons' (22:0)
[07-31-2021 :: 23:19:33] [World] [World Server] Setting to 'ecommons' (22:0)
[07-31-2021 :: 23:19:33] [World] [World Server] Setting to 'ecommons' (22:0)
[07-31-2021 :: 23:51:56] [World] [World Server] Setting to 'ecommons' (22:0)
[07-31-2021 :: 23:56:08] [World] [World Server] Setting to 'gfaydark' (54:0)
[07-31-2021 :: 23:56:10] [World] [World Server] Setting to 'gfaydark' (54:0)
[08-01-2021 :: 00:20:03] [World] [World Server] Setting to 'nro' (34:0)
[08-01-2021 :: 00:20:04] [World] [World Server] Setting to 'nro' (34:0)
[08-01-2021 :: 00:20:48] [World] [World Server] Setting to 'ecommons' (22:0)
[08-01-2021 :: 00:20:49] [World] [World Server] Setting to 'ecommons' (22:0)
[08-01-2021 :: 00:21:12] [World] [World Server] Setting to 'northkarana' (13:0)
[08-01-2021 :: 00:21:13] [World] [World Server] Setting to 'northkarana' (13:0)
[08-01-2021 :: 00:21:42] [World] [World Server] Setting to 'lavastorm' (27:0)
[08-01-2021 :: 00:21:43] [World] [World Server] Setting to 'lavastorm' (27:0)
[08-01-2021 :: 00:22:13] [World] [World Server] Setting to 'nektulos' (25:0)
[08-01-2021 :: 00:22:13] [World] [World Server] Setting to 'nektulos' (25:0)
[08-01-2021 :: 00:22:33] [World] [World Server] Setting to 'ecommons' (22:0)
[08-01-2021 :: 00:23:31] [World] [World Server] Setting to 'nektulos' (25:0)
[08-01-2021 :: 00:24:28] [World] [World Server] Setting to 'ecommons' (22:0)
[08-01-2021 :: 00:25:54] [World] [World Server] Setting to 'nektulos' (25:0)
[08-01-2021 :: 00:26:05] [World] [World Server] Setting to 'ecommons' (22:0)
[08-01-2021 :: 00:26:43] [World] [World Server] Setting to 'nektulos' (25:0)
[08-01-2021 :: 00:28:08] [World] [World Server] Setting to 'kithicor' (20:0)
[08-01-2021 :: 00:28:08] [World] [World Server] Setting to 'kithicor' (20:0)
[08-01-2021 :: 00:46:28] [World] [World Server] Setting to 'kithicor' (20:0)
[08-01-2021 :: 00:47:31] [World] [World Server] Setting to 'rivervale' (19:0)
[08-01-2021 :: 00:47:33] [World] [World Server] Setting to 'rivervale' (19:0)
[08-01-2021 :: 00:47:38] [World] [World Server] Setting to 'kithicor' (20:0)
[08-01-2021 :: 00:50:55] [World] [World Server] Setting to 'kithicor' (20:0)
[08-01-2021 :: 00:51:19] [World] [World Server] Setting to 'gfaydark' (54:0)
[08-01-2021 :: 00:52:48] [World] [World Server] Setting to 'gfaydark' (54:0)
[08-01-2021 :: 00:53:25] [World] [World Server] Setting to 'ecommons' (22:0)
[08-01-2021 :: 00:53:35] [World] [World Server] Setting to 'gfaydark' (54:0)
[08-01-2021 :: 00:53:54] [World] [World Server] Setting to 'ecommons' (22:0)
[08-01-2021 :: 00:54:04] [World] [World Server] Setting to 'gfaydark' (54:0)
[08-01-2021 :: 00:55:20] [World] [World Server] Setting to 'gfaydark' (54:0)
[08-01-2021 :: 00:56:13] [World] [World Server] Setting to 'gfaydark' (54:0)
[08-01-2021 :: 00:56:13] [World] [World Server] Setting to 'gfaydark' (54:0)
[08-01-2021 :: 00:56:35] [World] [World Server] Setting to 'ecommons' (22:0)
[08-01-2021 :: 00:56:45] [World] [World Server] Setting to 'gfaydark' (54:0)
[08-01-2021 :: 00:57:12] [World] [World Server] Setting to 'ecommons' (22:0)
[08-01-2021 :: 00:57:24] [World] [World Server] Setting to 'gfaydark' (54:0)
[08-01-2021 :: 01:01:00] [World] [World Server] Setting to 'ecommons' (22:0)
[08-01-2021 :: 01:01:08] [World] [World Server] Setting to 'gfaydark' (54:0)
[08-01-2021 :: 01:15:47] [World] [World Server] Setting to 'gfaydark' (54:0)
[08-01-2021 :: 01:16:03] [World] [World Server] Setting to 'ecommons' (22:0)
[08-01-2021 :: 01:17:31] [World] [World Server] Setting to 'northkarana' (13:0)
[08-01-2021 :: 01:27:39] [World] [World Server] Setting to 'northkarana' (13:0)
[08-01-2021 :: 01:27:39] [World] [World Server] Setting to 'northkarana' (13:0)
[08-01-2021 :: 01:30:52] [World] [World Server] Setting to 'kithicor' (20:0)
[08-01-2021 :: 01:31:11] [World] [World Server] Setting to 'ecommons' (22:0)
[08-01-2021 :: 01:31:12] [World] [World Server] Setting to 'ecommons' (22:0)
[08-01-2021 :: 01:31:29] [World] [World Server] Setting to 'kithicor' (20:0)
[08-01-2021 :: 01:31:52] [World] [World Server] Setting to 'northkarana' (13:0)
[08-01-2021 :: 01:43:15] [World] [World Server] Setting to 'northkarana' (13:0)
[08-01-2021 :: 01:49:48] [World] [World Server] Setting to 'ecommons' (22:0)
[08-01-2021 :: 01:50:04] [World] [World Server] Setting to 'gfaydark' (54:0)
[08-01-2021 :: 01:52:55] [World] [World Server] Setting to 'ecommons' (22:0)
[08-01-2021 :: 01:53:04] [World] [World Server] Setting to 'gfaydark' (54:0)
[08-01-2021 :: 01:57:01] [World] [World Server] Setting to 'gfaydark' (54:0)
[08-01-2021 :: 01:57:01] [World] [World Server] Setting to 'gfaydark' (54:0)
[08-01-2021 :: 01:57:20] [World] [World Server] Setting to 'ecommons' (22:0)
[08-01-2021 :: 01:57:33] [World] [World Server] Setting to 'gfaydark' (54:0)
[08-01-2021 :: 01:57:43] [World] [World Server] Setting to 'nro' (34:0)
[08-01-2021 :: 01:57:44] [World] [World Server] Setting to 'nro' (34:0)
[08-01-2021 :: 01:58:10] [World] [World Server] Setting to 'kithicor' (20:0)
[08-01-2021 :: 01:58:34] [World] [World Server] Setting to 'northkarana' (13:0)
[08-01-2021 :: 02:02:04] [World] [World Server] Setting to 'ecommons' (22:0)
[08-01-2021 :: 02:02:20] [World] [World Server] Setting to 'nro' (34:0)
[08-01-2021 :: 02:02:46] [World] [World Server] Setting to 'oasis' (37:0)
[08-01-2021 :: 02:02:47] [World] [World Server] Setting to 'oasis' (37:0)
[08-01-2021 :: 02:03:11] [World] [World Server] Setting to 'nro' (34:0)
[08-01-2021 :: 08:38:40] [World] [World Server] Setting to 'nro' (34:0)
[08-01-2021 :: 08:38:40] [World] [World Server] Setting to 'nro' (34:0)
[08-01-2021 :: 08:49:15] [World] [World Server] Setting to 'nro' (34:0)
[08-01-2021 :: 09:02:40] [World] [World Server] Setting to 'nro' (34:0)
[08-01-2021 :: 09:30:52] [World] [World Server] Setting to 'nro' (34:0)
[08-01-2021 :: 09:35:02] [World] [World Server] Setting to 'nro' (34:0)
[08-01-2021 :: 09:39:10] [World] [World Server] Setting to 'nro' (34:0)
[08-01-2021 :: 09:39:10] [World] [World Server] Setting to 'nro' (34:0)
[08-01-2021 :: 09:41:58] [World] [World Server] Setting to 'nro' (34:0)
[08-01-2021 :: 09:46:16] [World] [World Server] Setting to 'nro' (34:0)
[08-01-2021 :: 09:49:47] [World] [World Server] Setting to 'nro' (34:0)
[08-01-2021 :: 09:52:53] [World] [World Server] Setting to 'nro' (34:0)
[08-01-2021 :: 09:55:18] [World] [World Server] Setting to 'nro' (34:0)
[08-01-2021 :: 09:57:17] [World] [World Server] Setting to 'nro' (34:0)
[08-01-2021 :: 09:59:16] [World] [World Server] Setting to 'nro' (34:0)
[08-01-2021 :: 10:01:11] [World] [World Server] Setting to 'nro' (34:0)
[08-01-2021 :: 10:02:20] [World] [World Server] Setting to 'nro' (34:0)
[08-01-2021 :: 10:03:28] [World] [World Server] Setting to 'nro' (34:0)
[08-01-2021 :: 10:04:18] [World] [World Server] Setting to 'nro' (34:0)
[08-01-2021 :: 10:05:13] [World] [World Server] Setting to 'nro' (34:0)
[08-01-2021 :: 10:08:56] [World] [World Server] Setting to 'nro' (34:0)
[08-01-2021 :: 10:17:22] [World] [World Server] Setting to 'nro' (34:0)
[08-01-2021 :: 10:22:10] [World] [World Server] Setting to 'nro' (34:0)
[08-01-2021 :: 10:23:25] [World] [World Server] Setting to 'nro' (34:0)
[08-01-2021 :: 10:30:35] [World] [World Server] Setting to 'nro' (34:0)
[08-01-2021 :: 10:36:22] [World] [World Server] Setting to 'nro' (34:0)
[08-01-2021 :: 10:41:29] [World] [World Server] Setting to 'nro' (34:0)
[08-01-2021 :: 10:43:51] [World] [World Server] Setting to 'nro' (34:0)
[08-01-2021 :: 10:45:00] [World] [World Server] Setting to 'nro' (34:0)
[08-01-2021 :: 10:46:39] [World] [World Server] Setting to 'nro' (34:0)
[08-01-2021 :: 11:24:39] [World] [World Server] Setting to 'nro' (34:0)
[08-01-2021 :: 11:26:15] [World] [World Server] Setting to 'nro' (34:0)
[08-01-2021 :: 11:28:46] [World] [World Server] Setting to 'nro' (34:0)
[08-01-2021 :: 11:31:59] [World] [World Server] Setting to 'nro' (34:0)
[08-01-2021 :: 11:36:46] [World] [World Server] Setting to 'nro' (34:0)
[08-01-2021 :: 11:39:06] [World] [World Server] Setting to 'ecommons' (22:0)
[08-01-2021 :: 11:39:08] [World] [World Server] Setting to 'ecommons' (22:0)
[08-01-2021 :: 11:39:17] [World] [World Server] Setting to 'nro' (34:0)
[08-01-2021 :: 11:39:18] [World] [World Server] Setting to 'nro' (34:0)
[08-01-2021 :: 11:46:34] [World] [World Server] Setting to 'nro' (34:0)
[08-01-2021 :: 13:38:22] [World] [World Server] Setting to 'nro' (34:0)
[08-01-2021 :: 13:38:22] [World] [World Server] Setting to 'nro' (34:0)
[08-01-2021 :: 13:48:22] [World] [World Server] Setting to 'ecommons' (22:0)
[08-01-2021 :: 13:48:24] [World] [World Server] Setting to 'ecommons' (22:0)
[08-01-2021 :: 14:05:41] [World] [World Server] Setting to 'nro' (34:0)
[08-01-2021 :: 14:05:55] [World] [World Server] Setting to 'kithicor' (20:0)
[08-01-2021 :: 14:06:35] [World] [World Server] Setting to 'nektulos' (25:0)
[08-01-2021 :: 14:06:35] [World] [World Server] Setting to 'nektulos' (25:0)
[08-01-2021 :: 14:07:03] [World] [World Server] Setting to 'ecommons' (22:0)
[08-01-2021 :: 14:07:22] [World] [World Server] Setting to 'nektulos' (25:0)
[08-01-2021 :: 14:07:40] [World] [World Server] Setting to 'gfaydark' (54:0)
[08-01-2021 :: 14:07:41] [World] [World Server] Setting to 'gfaydark' (54:0)
[08-01-2021 :: 14:08:02] [World] [World Server] Setting to 'ecommons' (22:0)
[08-01-2021 :: 14:08:11] [World] [World Server] Setting to 'kithicor' (20:0)
[08-01-2021 :: 14:08:25] [World] [World Server] Setting to 'nektulos' (25:0)
[08-01-2021 :: 14:08:55] [World] [World Server] Setting to 'gfaydark' (54:0)
[08-01-2021 :: 14:09:52] [World] [World Server] Setting to 'kithicor' (20:0)
[08-01-2021 :: 14:10:09] [World] [World Server] Setting to 'nektulos' (25:0)
[08-01-2021 :: 14:10:31] [World] [World Server] Setting to 'ecommons' (22:0)
[08-01-2021 :: 14:10:39] [World] [World Server] Setting to 'nektulos' (25:0)
[08-01-2021 :: 14:11:09] [World] [World Server] Setting to 'ecommons' (22:0)
[08-01-2021 :: 14:11:21] [World] [World Server] Setting to 'nektulos' (25:0)
[08-01-2021 :: 14:11:58] [World] [World Server] Setting to 'ecommons' (22:0)
[08-01-2021 :: 14:15:53] [World] [World Server] Setting to 'ecommons' (22:0)
[08-01-2021 :: 14:16:11] [World] [World Server] Setting to 'nro' (34:0)
[08-01-2021 :: 14:16:36] [World] [World Server] Setting to 'nektulos' (25:0)
[08-01-2021 :: 14:16:46] [World] [World Server] Setting to 'kithicor' (20:0)
[08-01-2021 :: 14:16:58] [World] [World Server] Setting to 'gfaydark' (54:0)
[08-01-2021 :: 14:17:44] [World] [World Server] Setting to 'ecommons' (22:0)
[08-01-2021 :: 14:21:01] [World] [World Server] Setting to 'nektulos' (25:0)
[08-01-2021 :: 14:21:10] [World] [World Server] Setting to 'gfaydark' (54:0)
[08-01-2021 :: 14:23:06] [World] [World Server] Setting to 'ecommons' (22:0)
[08-01-2021 :: 14:23:21] [World] [World Server] Setting to 'gfaydark' (54:0)
[08-01-2021 :: 14:23:35] [World] [World Server] Setting to 'ecommons' (22:0)
[08-01-2021 :: 14:23:49] [World] [World Server] Setting to 'gfaydark' (54:0)
[08-01-2021 :: 14:24:31] [World] [World Server] Setting to 'kithicor' (20:0)
[08-01-2021 :: 14:24:44] [World] [World Server] Setting to 'nektulos' (25:0)
[08-01-2021 :: 14:25:13] [World] [World Server] Setting to 'oasis' (37:0)
[08-01-2021 :: 14:25:14] [World] [World Server] Setting to 'oasis' (37:0)
[08-01-2021 :: 14:32:29] [World] [World Server] Setting to 'nro' (34:0)
[08-01-2021 :: 14:33:27] [World] [World Server] Setting to 'oasis' (37:0)
[08-01-2021 :: 14:33:51] [World] [World Server] Setting to 'nro' (34:0)
[08-01-2021 :: 14:37:22] [World] [World Server] Setting to 'nro' (34:0)
[08-01-2021 :: 14:38:13] [World] [World Server] Setting to 'nro' (34:0)
[08-01-2021 :: 14:38:13] [World] [World Server] Setting to 'nro' (34:0)
[08-01-2021 :: 14:38:32] [World] [World Server] Setting to 'nektulos' (25:0)
[08-01-2021 :: 14:38:43] [World] [World Server] Setting to 'kithicor' (20:0)
[08-01-2021 :: 14:38:54] [World] [World Server] Setting to 'gfaydark' (54:0)
[08-01-2021 :: 14:39:02] [World] [World Server] Setting to 'oasis' (37:0)
[08-01-2021 :: 14:39:27] [World] [World Server] Setting to 'nektulos' (25:0)
[08-01-2021 :: 14:39:36] [World] [World Server] Setting to 'kithicor' (20:0)
[08-01-2021 :: 14:39:46] [World] [World Server] Setting to 'gfaydark' (54:0)
[08-01-2021 :: 14:40:06] [World] [World Server] Setting to 'lavastorm' (27:0)
[08-01-2021 :: 14:40:07] [World] [World Server] Setting to 'lavastorm' (27:0)
[08-01-2021 :: 14:40:21] [World] [World Server] Setting to 'oasis' (37:0)
[08-01-2021 :: 20:15:20] [World] [World Server] Setting to 'oasis' (37:0)
[08-01-2021 :: 20:15:21] [World] [World Server] Setting to 'oasis' (37:0)
[08-01-2021 :: 20:15:51] [World] [World Server] Setting to 'runnyeye' (11:0)
[08-01-2021 :: 20:15:53] [World] [World Server] Setting to 'runnyeye' (11:0)
