[07-30-2021 :: 23:37:31] [World] [World Server] Setting to 'northkarana' (13:0)
[07-30-2021 :: 23:37:31] [World] [World Server] Setting to 'northkarana' (13:0)
[07-30-2021 :: 23:37:48] [World] [World Server] Setting to 'nro' (34:0)
[07-30-2021 :: 23:37:49] [World] [World Server] Setting to 'nro' (34:0)
[07-30-2021 :: 23:38:23] [World] [World Server] Setting to 'oasis' (37:0)
[07-30-2021 :: 23:38:24] [World] [World Server] Setting to 'oasis' (37:0)
[07-30-2021 :: 23:42:22] [World] [World Server] Setting to 'oasis' (37:0)
[07-30-2021 :: 23:48:27] [World] [World Server] Setting to 'nro' (34:0)
[07-31-2021 :: 00:00:06] [World] [World Server] Setting to 'ecommons' (22:0)
[07-31-2021 :: 00:00:06] [World] [World Server] Setting to 'ecommons' (22:0)
[07-31-2021 :: 00:10:16] [World] [World Server] Setting to 'ecommons' (22:0)
[07-31-2021 :: 00:14:25] [World] [World Server] Setting to 'ecommons' (22:0)
[07-31-2021 :: 00:15:03] [World] [World Server] Setting to 'freportw' (9:0)
[07-31-2021 :: 00:15:04] [World] [World Server] Setting to 'freportw' (9:0)
[07-31-2021 :: 00:15:12] [World] [World Server] Setting to 'ecommons' (22:0)
[07-31-2021 :: 00:15:27] [World] [World Server] Setting to 'freportw' (9:0)
[07-31-2021 :: 00:15:33] [World] [World Server] Setting to 'ecommons' (22:0)
[07-31-2021 :: 07:44:41] [World] [World Server] Setting to 'ecommons' (22:0)
[07-31-2021 :: 07:44:41] [World] [World Server] Setting to 'ecommons' (22:0)
[07-31-2021 :: 08:00:33] [World] [World Server] Setting to 'ecommons' (22:0)
[07-31-2021 :: 08:01:36] [World] [World Server] Setting to 'northkarana' (13:0)
[07-31-2021 :: 08:01:36] [World] [World Server] Setting to 'northkarana' (13:0)
[07-31-2021 :: 08:02:28] [World] [World Server] Setting to 'grobb' (52:0)
[07-31-2021 :: 08:02:28] [World] [World Server] Setting to 'grobb' (52:0)
[07-31-2021 :: 08:03:40] [World] [World Server] Setting to 'gfaydark' (54:0)
[07-31-2021 :: 08:03:40] [World] [World Server] Setting to 'gfaydark' (54:0)
[07-31-2021 :: 08:18:54] [World] [World Server] Setting to 'ecommons' (22:0)
[07-31-2021 :: 08:19:43] [World] [World Server] Setting to 'grobb' (52:0)
[07-31-2021 :: 08:20:29] [World] [World Server] Setting to 'erudnint' (23:0)
[07-31-2021 :: 08:20:29] [World] [World Server] Setting to 'erudnint' (23:0)
[07-31-2021 :: 08:22:01] [World] [World Server] Setting to 'ecommons' (22:0)
[07-31-2021 :: 09:54:36] [World] [World Server] Setting to 'ecommons' (22:0)
[07-31-2021 :: 09:54:36] [World] [World Server] Setting to 'ecommons' (22:0)
[07-31-2021 :: 09:56:30] [World] [World Server] Setting to 'nro' (34:0)
[07-31-2021 :: 09:56:31] [World] [World Server] Setting to 'nro' (34:0)
[07-31-2021 :: 09:59:58] [World] [World Server] Setting to 'northkarana' (13:0)
[07-31-2021 :: 09:59:58] [World] [World Server] Setting to 'northkarana' (13:0)
[07-31-2021 :: 10:18:15] [World] [World Server] Setting to 'qey2hh1' (12:0)
[07-31-2021 :: 10:18:16] [World] [World Server] Setting to 'qey2hh1' (12:0)
[07-31-2021 :: 10:21:39] [World] [World Server] Setting to 'qrg' (3:0)
[07-31-2021 :: 10:21:40] [World] [World Server] Setting to 'qrg' (3:0)
[07-31-2021 :: 10:39:09] [World] [World Server] Setting to 'qrg' (3:0)
[07-31-2021 :: 10:41:25] [World] [World Server] Setting to 'qeytoqrg' (4:0)
[07-31-2021 :: 10:41:26] [World] [World Server] Setting to 'qeytoqrg' (4:0)
[07-31-2021 :: 10:48:38] [World] [World Server] Setting to 'qeytoqrg' (4:0)
[07-31-2021 :: 10:58:26] [World] [World Server] Setting to 'qeytoqrg' (4:0)
[07-31-2021 :: 13:38:19] [World] [World Server] Setting to 'qeytoqrg' (4:0)
[07-31-2021 :: 13:38:19] [World] [World Server] Setting to 'qeytoqrg' (4:0)
[07-31-2021 :: 13:45:11] [World] [World Server] Setting to 'qey2hh1' (12:0)
[07-31-2021 :: 13:45:11] [World] [World Server] Setting to 'qey2hh1' (12:0)
[07-31-2021 :: 14:26:11] [World] [World Server] Setting to 'northkarana' (13:0)
[07-31-2021 :: 14:26:12] [World] [World Server] Setting to 'northkarana' (13:0)
[07-31-2021 :: 14:40:21] [World] [World Server] Setting to 'northkarana' (13:0)
[07-31-2021 :: 14:42:11] [World] [World Server] Setting to 'eastkarana' (15:0)
[07-31-2021 :: 14:42:13] [World] [World Server] Setting to 'eastkarana' (15:0)
[07-31-2021 :: 15:01:44] [World] [World Server] Setting to 'highpass' (5:0)
[07-31-2021 :: 15:01:45] [World] [World Server] Setting to 'highpass' (5:0)
[07-31-2021 :: 15:17:15] [World] [World Server] Setting to 'highpass' (5:0)
[07-31-2021 :: 15:20:42] [World] [World Server] Setting to 'highpass' (5:0)
[07-31-2021 :: 15:22:31] [World] [World Server] Setting to 'highpass' (5:0)
