[08-02-2021 :: 07:37:38] [World] [Error] Error decrypting message from client
[08-02-2021 :: 07:37:38] [World] [Error] Error decrypting message from client
[08-02-2021 :: 07:38:10] [World] [World Server] Setting to 'runnyeye' (11:0)
[08-02-2021 :: 07:38:10] [World] [World Server] Setting to 'runnyeye' (11:0)
[08-02-2021 :: 07:41:27] [World] [World Server] Setting to 'qrg' (3:0)
[08-02-2021 :: 07:41:28] [World] [World Server] Setting to 'qrg' (3:0)
[08-02-2021 :: 07:41:39] [World] [World Server] Setting to 'runnyeye' (11:0)
[08-02-2021 :: 07:47:15] [World] [World Server] Setting to 'nro' (34:0)
[08-02-2021 :: 07:47:16] [World] [World Server] Setting to 'nro' (34:0)
[08-02-2021 :: 08:21:52] [World] [World Server] Setting to 'nro' (34:0)
[08-02-2021 :: 08:33:11] [World] [World Server] Setting to 'nro' (34:0)
[08-02-2021 :: 08:37:10] [World] [World Server] Setting to 'nro' (34:0)
[08-02-2021 :: 08:46:30] [World] [World Server] Setting to 'nro' (34:0)
[08-02-2021 :: 08:47:25] [World] [World Server] Setting to 'nro' (34:0)
[08-02-2021 :: 08:47:25] [World] [World Server] Setting to 'nro' (34:0)
[08-02-2021 :: 08:49:16] [World] [World Server] Setting to 'nro' (34:0)
[08-02-2021 :: 08:52:39] [World] [World Server] Setting to 'nro' (34:0)
[08-02-2021 :: 08:54:56] [World] [World Server] Setting to 'nro' (34:0)
[08-02-2021 :: 09:01:24] [World] [World Server] Setting to 'nro' (34:0)
[08-02-2021 :: 09:01:59] [World] [World Server] Setting to 'ecommons' (22:0)
[08-02-2021 :: 09:02:00] [World] [World Server] Setting to 'ecommons' (22:0)
[08-02-2021 :: 09:02:37] [World] [World Server] Setting to 'northkarana' (13:0)
[08-02-2021 :: 09:02:37] [World] [World Server] Setting to 'northkarana' (13:0)
[08-02-2021 :: 09:12:01] [World] [World Server] Setting to 'northkarana' (13:0)
[08-02-2021 :: 09:14:48] [World] [World Server] Setting to 'ecommons' (22:0)
[08-02-2021 :: 09:15:34] [World] [World Server] Setting to 'nro' (34:0)
[08-02-2021 :: 09:19:30] [World] [World Server] Setting to 'gfaydark' (54:0)
[08-02-2021 :: 09:19:31] [World] [World Server] Setting to 'gfaydark' (54:0)
[08-02-2021 :: 09:20:12] [World] [World Server] Setting to 'northkarana' (13:0)
[08-02-2021 :: 09:27:19] [World] [World Server] Setting to 'northkarana' (13:0)
[08-02-2021 :: 09:29:48] [World] [World Server] Setting to 'nro' (34:0)
[08-02-2021 :: 09:30:19] [World] [World Server] Setting to 'northkarana' (13:0)
[08-02-2021 :: 09:30:45] [World] [World Server] Setting to 'ecommons' (22:0)
[08-02-2021 :: 09:31:09] [World] [World Server] Setting to 'kithicor' (20:0)
[08-02-2021 :: 09:31:10] [World] [World Server] Setting to 'kithicor' (20:0)
[08-02-2021 :: 09:31:36] [World] [World Server] Setting to 'nro' (34:0)
[08-02-2021 :: 09:42:24] [World] [World Server] Setting to 'nro' (34:0)
[08-02-2021 :: 09:53:17] [World] [World Server] Setting to 'nro' (34:0)
[08-02-2021 :: 09:53:17] [World] [World Server] Setting to 'nro' (34:0)
[08-02-2021 :: 09:57:08] [World] [World Server] Setting to 'nro' (34:0)
[08-02-2021 :: 10:18:16] [World] [World Server] Setting to 'nro' (34:0)
[08-02-2021 :: 10:55:27] [World] [World Server] Setting to 'nro' (34:0)
[08-02-2021 :: 10:55:27] [World] [World Server] Setting to 'nro' (34:0)
[08-02-2021 :: 11:03:55] [World] [World Server] Setting to 'nro' (34:0)
[08-02-2021 :: 11:06:41] [World] [World Server] Setting to 'nro' (34:0)
[08-02-2021 :: 11:10:47] [World] [World Server] Setting to 'nro' (34:0)
[08-02-2021 :: 11:16:47] [World] [World Server] Setting to 'nro' (34:0)
[08-02-2021 :: 11:22:08] [World] [World Server] Setting to 'kithicor' (20:0)
[08-02-2021 :: 11:22:21] [World] [World Server] Setting to 'nektulos' (25:0)
[08-02-2021 :: 11:22:21] [World] [World Server] Setting to 'nektulos' (25:0)
[08-02-2021 :: 11:22:32] [World] [World Server] Setting to 'gfaydark' (54:0)
[08-02-2021 :: 11:22:33] [World] [World Server] Setting to 'gfaydark' (54:0)
[08-02-2021 :: 11:22:43] [World] [World Server] Setting to 'ecommons' (22:0)
[08-02-2021 :: 11:22:44] [World] [World Server] Setting to 'ecommons' (22:0)
[08-02-2021 :: 11:22:57] [World] [World Server] Setting to 'northkarana' (13:0)
[08-02-2021 :: 11:22:58] [World] [World Server] Setting to 'northkarana' (13:0)
[08-02-2021 :: 11:23:11] [World] [World Server] Setting to 'unrest' (63:0)
[08-02-2021 :: 11:23:12] [World] [World Server] Setting to 'unrest' (63:0)
[08-02-2021 :: 11:23:33] [World] [World Server] Setting to 'cauldron' (70:0)
[08-02-2021 :: 11:23:34] [World] [World Server] Setting to 'cauldron' (70:0)
[08-02-2021 :: 11:23:45] [World] [World Server] Setting to 'unrest' (63:0)
[08-02-2021 :: 11:24:20] [World] [World Server] Setting to 'ecommons' (22:0)
[08-02-2021 :: 11:25:00] [World] [World Server] Setting to 'nro' (34:0)
[08-02-2021 :: 11:25:23] [World] [World Server] Setting to 'northkarana' (13:0)
[08-02-2021 :: 11:25:56] [World] [World Server] Setting to 'ecommons' (22:0)
[08-02-2021 :: 11:26:06] [World] [World Server] Setting to 'nro' (34:0)
[08-02-2021 :: 11:26:24] [World] [World Server] Setting to 'oasis' (37:0)
[08-02-2021 :: 11:26:25] [World] [World Server] Setting to 'oasis' (37:0)
[08-02-2021 :: 11:26:42] [World] [World Server] Setting to 'ecommons' (22:0)
[08-02-2021 :: 11:26:59] [World] [World Server] Setting to 'northkarana' (13:0)
[08-02-2021 :: 11:27:26] [World] [World Server] Setting to 'ecommons' (22:0)
[08-02-2021 :: 11:27:39] [World] [World Server] Setting to 'northkarana' (13:0)
[08-02-2021 :: 11:28:11] [World] [World Server] Setting to 'cauldron' (70:0)
[08-02-2021 :: 11:29:31] [World] [World Server] Setting to 'gfaydark' (54:0)
[08-02-2021 :: 11:29:46] [World] [World Server] Setting to 'kithicor' (20:0)
[08-02-2021 :: 11:30:02] [World] [World Server] Setting to 'nektulos' (25:0)
[08-02-2021 :: 11:30:13] [World] [World Server] Setting to 'lavastorm' (27:0)
[08-02-2021 :: 11:30:14] [World] [World Server] Setting to 'lavastorm' (27:0)
[08-02-2021 :: 11:37:06] [World] [World Server] Setting to 'lavastorm' (27:0)
[08-02-2021 :: 11:37:24] [World] [World Server] Setting to 'ecommons' (22:0)
[08-02-2021 :: 11:37:45] [World] [World Server] Setting to 'gfaydark' (54:0)
[08-02-2021 :: 11:37:56] [World] [World Server] Setting to 'kithicor' (20:0)
[08-02-2021 :: 11:41:01] [World] [World Server] Setting to 'kithicor' (20:0)
[08-02-2021 :: 11:41:16] [World] [World Server] Setting to 'ecommons' (22:0)
[08-02-2021 :: 11:41:34] [World] [World Server] Setting to 'nektulos' (25:0)
[08-02-2021 :: 11:45:26] [World] [World Server] Setting to 'nektulos' (25:0)
[08-02-2021 :: 11:45:37] [World] [World Server] Setting to 'ecommons' (22:0)
[08-02-2021 :: 11:46:03] [World] [World Server] Setting to 'nro' (34:0)
[08-02-2021 :: 11:53:00] [World] [World Server] Setting to 'nro' (34:0)
[08-02-2021 :: 11:55:05] [World] [World Server] Setting to 'kithicor' (20:0)
[08-02-2021 :: 11:55:17] [World] [World Server] Setting to 'gfaydark' (54:0)
[08-02-2021 :: 11:55:26] [World] [World Server] Setting to 'nektulos' (25:0)
[08-02-2021 :: 11:57:35] [World] [World Server] Setting to 'nektulos' (25:0)
[08-02-2021 :: 11:57:48] [World] [World Server] Setting to 'kithicor' (20:0)
[08-02-2021 :: 11:58:01] [World] [World Server] Setting to 'gfaydark' (54:0)
[08-02-2021 :: 11:58:11] [World] [World Server] Setting to 'ecommons' (22:0)
[08-02-2021 :: 11:58:23] [World] [World Server] Setting to 'northkarana' (13:0)
[08-02-2021 :: 11:58:47] [World] [World Server] Setting to 'nro' (34:0)
[08-02-2021 :: 11:58:48] [World] [World Server] Setting to 'nro' (34:0)
[08-02-2021 :: 12:00:28] [World] [World Server] Setting to 'nektulos' (25:0)
[08-02-2021 :: 12:00:38] [World] [World Server] Setting to 'gfaydark' (54:0)
[08-02-2021 :: 12:00:47] [World] [World Server] Setting to 'kithicor' (20:0)
[08-02-2021 :: 12:00:57] [World] [World Server] Setting to 'ecommons' (22:0)
[08-02-2021 :: 12:09:55] [World] [World Server] Setting to 'ecommons' (22:0)
[08-02-2021 :: 12:10:41] [World] [World Server] Setting to 'nro' (34:0)
[08-02-2021 :: 12:12:34] [World] [World Server] Setting to 'gfaydark' (54:0)
[08-02-2021 :: 12:12:43] [World] [World Server] Setting to 'kithicor' (20:0)
[08-02-2021 :: 12:12:53] [World] [World Server] Setting to 'nektulos' (25:0)
[08-02-2021 :: 12:13:05] [World] [World Server] Setting to 'oasis' (37:0)
[08-02-2021 :: 12:13:18] [World] [World Server] Setting to 'unrest' (63:0)
[08-02-2021 :: 12:13:30] [World] [World Server] Setting to 'cauldron' (70:0)
[08-02-2021 :: 12:13:36] [World] [World Server] Setting to 'unrest' (63:0)
[08-02-2021 :: 12:13:42] [World] [World Server] Setting to 'cauldron' (70:0)
[08-02-2021 :: 12:13:47] [World] [World Server] Setting to 'unrest' (63:0)
[08-02-2021 :: 12:14:30] [World] [World Server] Setting to 'ecommons' (22:0)
[08-02-2021 :: 12:14:40] [World] [World Server] Setting to 'unrest' (63:0)
[08-02-2021 :: 12:14:56] [World] [World Server] Setting to 'cauldron' (70:0)
[08-02-2021 :: 12:15:02] [World] [World Server] Setting to 'unrest' (63:0)
[08-02-2021 :: 12:16:02] [World] [World Server] Setting to 'nro' (34:0)
[08-02-2021 :: 12:23:45] [World] [World Server] Setting to 'grobb' (52:0)
[08-02-2021 :: 12:23:45] [World] [World Server] Setting to 'grobb' (52:0)
[08-02-2021 :: 12:24:33] [World] [World Server] Setting to 'nektulos' (25:0)
[08-02-2021 :: 12:24:33] [World] [World Server] Setting to 'nektulos' (25:0)
[08-02-2021 :: 12:24:43] [World] [World Server] Setting to 'kithicor' (20:0)
[08-02-2021 :: 12:24:53] [World] [World Server] Setting to 'gfaydark' (54:0)
[08-02-2021 :: 12:24:54] [World] [World Server] Setting to 'gfaydark' (54:0)
[08-02-2021 :: 12:25:03] [World] [World Server] Setting to 'nro' (34:0)
[08-02-2021 :: 12:26:28] [World] [World Server] Setting to 'ecommons' (22:0)
[08-02-2021 :: 12:26:29] [World] [World Server] Setting to 'ecommons' (22:0)
[08-02-2021 :: 12:26:49] [World] [World Server] Setting to 'northkarana' (13:0)
[08-02-2021 :: 12:26:50] [World] [World Server] Setting to 'northkarana' (13:0)
[08-02-2021 :: 12:30:16] [World] [World Server] Setting to 'ecommons' (22:0)
[08-02-2021 :: 12:30:25] [World] [World Server] Setting to 'kithicor' (20:0)
[08-02-2021 :: 12:30:35] [World] [World Server] Setting to 'nektulos' (25:0)
[08-02-2021 :: 12:30:47] [World] [World Server] Setting to 'gfaydark' (54:0)
