[08-04-2021 :: 21:09:16] [World] [Error] Error decrypting message from client
[08-04-2021 :: 21:09:16] [World] [Error] Error decrypting message from client
[08-04-2021 :: 21:09:16] [World] [Error] Error decrypting message from client
[08-04-2021 :: 21:09:56] [World] [World Server] Setting to 'runnyeye' (11:0)
[08-04-2021 :: 21:09:56] [World] [World Server] Setting to 'runnyeye' (11:0)
[08-04-2021 :: 21:42:57] [World] [World Server] Setting to 'runnyeye' (11:0)
[08-04-2021 :: 21:44:57] [World] [World Server] Setting to 'oot' (69:0)
[08-04-2021 :: 21:44:58] [World] [World Server] Setting to 'oot' (69:0)
[08-04-2021 :: 22:08:11] [World] [World Server] Setting to 'ecommons' (22:0)
[08-04-2021 :: 22:08:11] [World] [World Server] Setting to 'ecommons' (22:0)
[08-04-2021 :: 22:14:14] [World] [MySQL Error] [1364] [Field 'public_note' doesn't have a default value]
[INSERT INTO `guild_members` SET `char_id` = 7130, `guild_id` = '1']
[08-04-2021 :: 22:14:14] [World] [World Server] Race: 1  Class: 6  Gender: 0  Deity: 207  Start zone: 1  Tutorial: true
[08-04-2021 :: 22:14:14] [World] [World Server]  80  110   75   75   85   75   75     575
[08-04-2021 :: 22:14:14] [World] [World Server] Current location: qrg (3)  -430.00, -209.00, 6.75, 192.00
[08-04-2021 :: 22:14:14] [World] [World Server] Bind location: qrg (3) -430.00, -209.00, 6.75
[08-04-2021 :: 22:14:14] [World] [World Server] Home location: qrg (3) -430.00, -209.00, 6.75
[08-04-2021 :: 22:14:14] [World] [World Server] Setting to 'qrg' (3:0)
[08-04-2021 :: 22:14:14] [World] [World Server] Setting to 'qrg' (3:0)
[08-04-2021 :: 22:23:03] [World] [World Server] Setting to 'qrg' (3:0)
[08-04-2021 :: 22:23:29] [World] [World Server] Setting to 'nro' (34:0)
[08-04-2021 :: 22:23:30] [World] [World Server] Setting to 'nro' (34:0)
[08-04-2021 :: 23:46:20] [World] [World Server] Setting to 'oot' (69:0)
[08-04-2021 :: 23:46:21] [World] [World Server] Setting to 'oot' (69:0)
[08-05-2021 :: 00:08:31] [World] [World Server] Setting to 'freporte' (10:0)
[08-05-2021 :: 00:08:31] [World] [World Server] Setting to 'freporte' (10:0)
[08-05-2021 :: 00:08:57] [World] [World Server] Setting to 'nro' (34:0)
[08-05-2021 :: 00:09:04] [World] [World Server] Setting to 'freporte' (10:0)
[08-05-2021 :: 00:09:16] [World] [World Server] Setting to 'nro' (34:0)
[08-05-2021 :: 00:09:23] [World] [World Server] Setting to 'freporte' (10:0)
[08-05-2021 :: 08:40:30] [World] [World Server] Setting to 'ecommons' (22:0)
[08-05-2021 :: 08:40:31] [World] [World Server] Setting to 'ecommons' (22:0)
