[07-30-2021 :: 23:36:59] [Login] [Error] Error parsing message from client: bad allocation
[07-30-2021 :: 23:36:59] [Login] [Error] Error parsing message from client: bad allocation
[07-30-2021 :: 23:36:59] [Login] [Error] Error parsing message from client: bad allocation
[07-30-2021 :: 23:36:59] [Login] [Error] Error parsing message from client: bad allocation
[07-30-2021 :: 23:36:59] [Login] [Error] Error parsing message from client: bad allocation
[07-30-2021 :: 23:36:59] [Login] [Error] Error parsing message from client: bad allocation
[07-30-2021 :: 23:36:59] [Login] [Error] Error parsing message from client: bad allocation
[07-30-2021 :: 23:36:59] [Login] [Error] Error parsing message from client: bad allocation
[07-30-2021 :: 23:36:59] [Login] [Error] Error parsing message from client: bad allocation
[07-30-2021 :: 23:36:59] [Login] [Error] Error parsing message from client: bad allocation
[07-30-2021 :: 23:36:59] [Login] [Error] Error parsing message from client: bad allocation
[07-30-2021 :: 23:36:59] [Login] [Error] Error parsing message from client: bad allocation
[07-30-2021 :: 23:36:59] [Login] [Error] Error parsing message from client: bad allocation
[07-30-2021 :: 23:36:59] [Login] [Error] Error parsing message from client: bad allocation
[07-31-2021 :: 17:47:24] [Login] [MySQL Error] [1146] [Table 'peq.login_accounts' doesn't exist]
[SELECT id, account_password FROM login_accounts WHERE account_name = 'notmarcusd' AND source_loginserver = 'local' LIMIT 1]
[07-31-2021 :: 17:47:24] [Login] [MySQL Error] [1146] [Table 'peq.login_accounts' doesn't exist]
[SELECT IFNULL(MAX(id), 0) + 1 FROM login_accounts WHERE source_loginserver = 'local']
[07-31-2021 :: 17:49:46] [Login] [MySQL Error] [1146] [Table 'peq.login_accounts' doesn't exist]
[SELECT id, account_password FROM login_accounts WHERE account_name = 'notmarcusd' AND source_loginserver = 'local' LIMIT 1]
[07-31-2021 :: 17:49:46] [Login] [MySQL Error] [1146] [Table 'peq.login_accounts' doesn't exist]
[SELECT IFNULL(MAX(id), 0) + 1 FROM login_accounts WHERE source_loginserver = 'local']
[07-31-2021 :: 17:49:52] [Login] [MySQL Error] [1146] [Table 'peq.login_accounts' doesn't exist]
[SELECT id, account_password FROM login_accounts WHERE account_name = 'notmarcusd1' AND source_loginserver = 'local' LIMIT 1]
[07-31-2021 :: 17:49:52] [Login] [MySQL Error] [1146] [Table 'peq.login_accounts' doesn't exist]
[SELECT IFNULL(MAX(id), 0) + 1 FROM login_accounts WHERE source_loginserver = 'local']
[07-31-2021 :: 17:50:18] [Login] [MySQL Error] [1146] [Table 'peq.login_accounts' doesn't exist]
[SELECT id, account_password FROM login_accounts WHERE account_name = 'notmarcusd' AND source_loginserver = 'local' LIMIT 1]
[07-31-2021 :: 17:50:18] [Login] [MySQL Error] [1146] [Table 'peq.login_accounts' doesn't exist]
[SELECT IFNULL(MAX(id), 0) + 1 FROM login_accounts WHERE source_loginserver = 'local']
