[08-25-2021 :: 14:36:04] [World] [Error] Error decrypting message from client
[08-25-2021 :: 14:36:04] [World] [Error] Error decrypting message from client
[08-25-2021 :: 14:36:04] [World] [Error] Error decrypting message from client
[08-25-2021 :: 14:36:04] [World] [Error] Error decrypting message from client
[08-25-2021 :: 14:37:02] [World] [MySQL Error] [1364] [Field 'public_note' doesn't have a default value]
[INSERT INTO `guild_members` SET `char_id` = 7217, `guild_id` = '1']
[08-25-2021 :: 14:37:03] [World] [World Server] Race: 1  Class: 6  Gender: 1  Deity: 215  Start zone: 1  Tutorial: true
[08-25-2021 :: 14:37:03] [World] [World Server]  86  104   75   75   85   75   75     575
[08-25-2021 :: 14:37:03] [World] [World Server] Current location: qrg (3)  -430.00, -209.00, 6.75, 192.00
[08-25-2021 :: 14:37:03] [World] [World Server] Bind location: (null) (0) 0.00, 0.00, 0.00
[08-25-2021 :: 14:37:03] [World] [World Server] Home location: qrg (3) -430.00, -209.00, 6.75
[08-25-2021 :: 14:37:03] [World] [World Server] Setting to 'qrg' (3:0)
[08-25-2021 :: 14:37:03] [World] [World Server] Setting to 'qrg' (3:0)
[08-25-2021 :: 14:39:30] [World] [World Server] Setting to 'freportn' (8:0)
[08-25-2021 :: 14:39:30] [World] [World Server] Setting to 'freportn' (8:0)
[08-25-2021 :: 14:40:18] [World] [World Server] Setting to 'freportn' (8:0)
[08-25-2021 :: 14:41:04] [World] [World Server] Setting to 'freportn' (8:0)
[08-25-2021 :: 14:44:06] [World] [MySQL Error] [1364] [Field 'public_note' doesn't have a default value]
[INSERT INTO `guild_members` SET `char_id` = 7218, `guild_id` = '1']
[08-25-2021 :: 14:44:07] [World] [World Server] Race: 1  Class: 2  Gender: 1  Deity: 204  Start zone: 4  Tutorial: true
[08-25-2021 :: 14:44:07] [World] [World Server] 100   90   75   75   85   75   75     575
[08-25-2021 :: 14:44:07] [World] [World Server] Current location: freportn (8)  335.00, 147.00, 73.72, 0.00
[08-25-2021 :: 14:44:07] [World] [World Server] Bind location: (null) (0) 0.00, 0.00, 0.00
[08-25-2021 :: 14:44:07] [World] [World Server] Home location: freportn (8) 335.00, 147.00, 73.72
[08-25-2021 :: 14:44:07] [World] [World Server] Setting to 'freportn' (8:0)
