[08-25-2021 :: 23:51:04] [World] [MySQL Error] [1364] [Field 'public_note' doesn't have a default value]
[INSERT INTO `guild_members` SET `char_id` = 7228, `guild_id` = '1']
[08-25-2021 :: 23:51:04] [World] [World Server] Race: 1  Class: 2  Gender: 0  Deity: 212  Start zone: 1  Tutorial: true
[08-25-2021 :: 23:51:04] [World] [World Server]  89  101   75   75   85   75   75     575
[08-25-2021 :: 23:51:04] [World] [World Server] Current location: qeynos (1)  -440.00, -173.00, 3.75, 0.00
[08-25-2021 :: 23:51:04] [World] [World Server] Bind location: (null) (0) 0.00, 0.00, 0.00
[08-25-2021 :: 23:51:04] [World] [World Server] Home location: qeynos (1) -440.00, -173.00, 3.75
[08-25-2021 :: 23:51:05] [World] [World Server] Setting to 'qeynos' (1:0)
[08-25-2021 :: 23:51:05] [World] [World Server] Setting to 'qeynos' (1:0)
[08-25-2021 :: 23:56:57] [World] [MySQL Error] [1364] [Field 'public_note' doesn't have a default value]
[INSERT INTO `guild_members` SET `char_id` = 7229, `guild_id` = '1']
[08-25-2021 :: 23:56:57] [World] [World Server] Race: 1  Class: 2  Gender: 0  Deity: 212  Start zone: 1  Tutorial: true
[08-25-2021 :: 23:56:57] [World] [World Server]  89  101   75   75   85   75   75     575
[08-25-2021 :: 23:56:57] [World] [World Server] Current location: qeynos (1)  -314.12, 372.66, 3.75, 0.00
[08-25-2021 :: 23:56:57] [World] [World Server] Bind location: (null) (0) 0.00, 0.00, 0.00
[08-25-2021 :: 23:56:57] [World] [World Server] Home location: qeynos (1) -314.12, 372.66, 3.75
[08-25-2021 :: 23:56:57] [World] [World Server] Setting to 'qeynos' (1:0)
[08-26-2021 :: 03:29:32] [World] [World Server] Setting to 'nektulos' (25:0)
[08-26-2021 :: 03:29:32] [World] [World Server] Setting to 'nektulos' (25:0)
[08-26-2021 :: 03:38:29] [World] [World Server] Setting to 'neriaka' (40:0)
[08-26-2021 :: 03:38:31] [World] [World Server] Setting to 'neriaka' (40:0)
[08-26-2021 :: 03:39:03] [World] [World Server] Setting to 'neriakb' (41:0)
[08-26-2021 :: 03:39:05] [World] [World Server] Setting to 'neriakb' (41:0)
[08-26-2021 :: 03:39:12] [World] [World Server] Setting to 'neriaka' (40:0)
[08-26-2021 :: 03:39:21] [World] [World Server] Setting to 'neriakb' (41:0)
[08-26-2021 :: 03:40:16] [World] [World Server] Setting to 'neriakc' (42:0)
[08-26-2021 :: 03:40:18] [World] [World Server] Setting to 'neriakc' (42:0)
[08-26-2021 :: 03:40:24] [World] [World Server] Setting to 'neriakb' (41:0)
[08-26-2021 :: 03:40:31] [World] [World Server] Setting to 'neriakc' (42:0)
