[08-13-2021 :: 18:09:00] [World] [World Server] Setting to 'freportw' (9:0)
[08-13-2021 :: 18:09:00] [World] [World Server] Setting to 'freportw' (9:0)
[08-13-2021 :: 18:09:25] [World] [World Server] Setting to 'freportn' (8:0)
[08-13-2021 :: 18:09:25] [World] [World Server] Setting to 'freportn' (8:0)
[08-13-2021 :: 18:09:33] [World] [World Server] Setting to 'freportw' (9:0)
[08-13-2021 :: 18:09:46] [World] [World Server] Setting to 'freportn' (8:0)
[08-13-2021 :: 18:09:53] [World] [World Server] Setting to 'freportw' (9:0)
[08-13-2021 :: 18:10:00] [World] [World Server] Setting to 'freportn' (8:0)
[08-13-2021 :: 18:13:41] [World] [World Server] Setting to 'freportw' (9:0)
[08-13-2021 :: 18:13:55] [World] [World Server] Setting to 'freportn' (8:0)
[08-13-2021 :: 18:14:03] [World] [World Server] Setting to 'freportw' (9:0)
[08-13-2021 :: 18:14:12] [World] [World Server] Setting to 'freportn' (8:0)
[08-13-2021 :: 18:19:50] [World] [World Server] Setting to 'freportn' (8:0)
[08-13-2021 :: 18:20:03] [World] [World Server] Setting to 'freportw' (9:0)
[08-13-2021 :: 18:20:25] [World] [World Server] Setting to 'freportn' (8:0)
[08-13-2021 :: 18:20:36] [World] [World Server] Setting to 'freportw' (9:0)
[08-13-2021 :: 18:20:46] [World] [World Server] Setting to 'freportn' (8:0)
[08-13-2021 :: 18:21:53] [World] [World Server] Setting to 'freportw' (9:0)
[08-13-2021 :: 18:22:13] [World] [World Server] Setting to 'freportn' (8:0)
[08-13-2021 :: 18:22:20] [World] [World Server] Setting to 'freportw' (9:0)
[08-13-2021 :: 18:22:38] [World] [World Server] Setting to 'freportn' (8:0)
[08-13-2021 :: 18:26:16] [World] [World Server] Setting to 'qey2hh1' (12:0)
[08-13-2021 :: 18:26:17] [World] [World Server] Setting to 'qey2hh1' (12:0)
[08-13-2021 :: 18:26:49] [World] [World Server] Setting to 'qeytoqrg' (4:0)
[08-13-2021 :: 18:26:49] [World] [World Server] Setting to 'qeytoqrg' (4:0)
[08-13-2021 :: 18:27:31] [World] [World Server] Setting to 'qey2hh1' (12:0)
[08-13-2021 :: 18:27:36] [World] [World Server] Setting to 'qeytoqrg' (4:0)
[08-13-2021 :: 18:27:41] [World] [World Server] Setting to 'qey2hh1' (12:0)
[08-13-2021 :: 18:28:36] [World] [World Server] Setting to 'qeytoqrg' (4:0)
[08-13-2021 :: 18:28:41] [World] [World Server] Setting to 'qey2hh1' (12:0)
[08-13-2021 :: 18:28:58] [World] [World Server] Setting to 'qeytoqrg' (4:0)
[08-13-2021 :: 18:31:30] [World] [World Server] Setting to 'qey2hh1' (12:0)
[08-13-2021 :: 18:31:44] [World] [World Server] Setting to 'qeytoqrg' (4:0)
[08-13-2021 :: 18:31:50] [World] [World Server] Setting to 'qey2hh1' (12:0)
[08-13-2021 :: 18:32:39] [World] [World Server] Setting to 'qeytoqrg' (4:0)
[08-13-2021 :: 18:32:51] [World] [World Server] Setting to 'qey2hh1' (12:0)
[08-13-2021 :: 18:33:16] [World] [World Server] Setting to 'qeytoqrg' (4:0)
[08-13-2021 :: 18:34:09] [World] [World Server] Setting to 'qey2hh1' (12:0)
[08-13-2021 :: 18:34:51] [World] [World Server] Setting to 'qeytoqrg' (4:0)
[08-13-2021 :: 18:34:57] [World] [World Server] Setting to 'qey2hh1' (12:0)
[08-13-2021 :: 18:35:02] [World] [World Server] Setting to 'qeytoqrg' (4:0)
[08-13-2021 :: 18:36:03] [World] [World Server] Setting to 'qey2hh1' (12:0)
[08-13-2021 :: 18:36:56] [World] [World Server] Setting to 'qeytoqrg' (4:0)
[08-13-2021 :: 18:37:08] [World] [World Server] Setting to 'qey2hh1' (12:0)
[08-13-2021 :: 18:37:14] [World] [World Server] Setting to 'qeytoqrg' (4:0)
[08-13-2021 :: 19:14:31] [World] [World Server] Setting to 'qeytoqrg' (4:0)
[08-13-2021 :: 19:14:47] [World] [World Server] Setting to 'qey2hh1' (12:0)
[08-13-2021 :: 19:14:52] [World] [World Server] Setting to 'qeytoqrg' (4:0)
[08-13-2021 :: 19:16:42] [World] [World Server] Setting to 'blackburrow' (17:0)
[08-13-2021 :: 19:16:43] [World] [World Server] Setting to 'blackburrow' (17:0)
[08-13-2021 :: 19:16:52] [World] [World Server] Setting to 'qeytoqrg' (4:0)
[08-13-2021 :: 19:20:55] [World] [World Server] Setting to 'blackburrow' (17:0)
[08-13-2021 :: 19:21:03] [World] [World Server] Setting to 'qeytoqrg' (4:0)
[08-13-2021 :: 19:21:14] [World] [World Server] Setting to 'blackburrow' (17:0)
[08-13-2021 :: 19:21:45] [World] [World Server] Setting to 'qeytoqrg' (4:0)
[08-13-2021 :: 19:22:01] [World] [World Server] Setting to 'blackburrow' (17:0)
[08-13-2021 :: 19:23:25] [World] [World Server] Setting to 'qeytoqrg' (4:0)
[08-13-2021 :: 19:24:10] [World] [World Server] Setting to 'blackburrow' (17:0)
[08-13-2021 :: 19:24:19] [World] [World Server] Setting to 'qeytoqrg' (4:0)
[08-13-2021 :: 19:24:36] [World] [World Server] Setting to 'blackburrow' (17:0)
[08-13-2021 :: 19:24:40] [World] [World Server] Setting to 'qeytoqrg' (4:0)
[08-13-2021 :: 19:28:20] [World] [World Server] Setting to 'qrg' (3:0)
[08-13-2021 :: 19:28:21] [World] [World Server] Setting to 'qrg' (3:0)
[08-13-2021 :: 19:35:19] [World] [World Server] Setting to 'qeytoqrg' (4:0)
[08-13-2021 :: 19:35:45] [World] [World Server] Setting to 'qrg' (3:0)
[08-13-2021 :: 19:37:31] [World] [World Server] Setting to 'qeytoqrg' (4:0)
[08-13-2021 :: 19:37:55] [World] [World Server] Setting to 'qrg' (3:0)
[08-13-2021 :: 19:38:36] [World] [World Server] Setting to 'qeytoqrg' (4:0)
[08-13-2021 :: 19:38:43] [World] [World Server] Setting to 'qrg' (3:0)
[08-13-2021 :: 19:39:36] [World] [World Server] Setting to 'qeytoqrg' (4:0)
[08-13-2021 :: 19:40:22] [World] [World Server] Setting to 'qrg' (3:0)
[08-13-2021 :: 19:40:30] [World] [World Server] Setting to 'qeytoqrg' (4:0)
[08-13-2021 :: 19:40:35] [World] [World Server] Setting to 'qrg' (3:0)
[08-13-2021 :: 19:40:44] [World] [World Server] Setting to 'qeytoqrg' (4:0)
[08-13-2021 :: 19:41:03] [World] [World Server] Setting to 'qrg' (3:0)
[08-13-2021 :: 19:42:29] [World] [World Server] Setting to 'qeytoqrg' (4:0)
[08-13-2021 :: 19:42:35] [World] [World Server] Setting to 'qrg' (3:0)
[08-13-2021 :: 19:42:40] [World] [World Server] Setting to 'qeytoqrg' (4:0)
[08-13-2021 :: 19:42:48] [World] [World Server] Setting to 'qrg' (3:0)
[08-13-2021 :: 19:43:06] [World] [World Server] Setting to 'qeytoqrg' (4:0)
[08-13-2021 :: 19:44:06] [World] [World Server] Setting to 'qrg' (3:0)
[08-13-2021 :: 19:44:18] [World] [World Server] Setting to 'qeytoqrg' (4:0)
[08-13-2021 :: 19:44:24] [World] [World Server] Setting to 'qrg' (3:0)
[08-13-2021 :: 19:44:32] [World] [World Server] Setting to 'qeytoqrg' (4:0)
[08-13-2021 :: 19:44:48] [World] [World Server] Setting to 'qrg' (3:0)
[08-13-2021 :: 19:46:00] [World] [World Server] Setting to 'qeytoqrg' (4:0)
[08-13-2021 :: 19:46:17] [World] [World Server] Setting to 'qrg' (3:0)
[08-13-2021 :: 19:46:22] [World] [World Server] Setting to 'qeytoqrg' (4:0)
[08-13-2021 :: 19:51:27] [World] [World Server] Setting to 'qeynos2' (2:0)
[08-13-2021 :: 19:51:28] [World] [World Server] Setting to 'qeynos2' (2:0)
[08-13-2021 :: 19:52:24] [World] [World Server] Setting to 'qeytoqrg' (4:0)
[08-13-2021 :: 19:55:05] [World] [World Server] Setting to 'qeynos2' (2:0)
[08-13-2021 :: 19:55:28] [World] [World Server] Setting to 'qeytoqrg' (4:0)
[08-13-2021 :: 19:59:54] [World] [World Server] Setting to 'qeynos2' (2:0)
[08-13-2021 :: 20:00:27] [World] [World Server] Setting to 'qeytoqrg' (4:0)
[08-13-2021 :: 20:00:41] [World] [World Server] Setting to 'qeynos2' (2:0)
[08-13-2021 :: 20:00:55] [World] [World Server] Setting to 'qeytoqrg' (4:0)
[08-13-2021 :: 20:03:12] [World] [World Server] Setting to 'qeynos2' (2:0)
[08-13-2021 :: 20:03:28] [World] [World Server] Setting to 'qeytoqrg' (4:0)
[08-13-2021 :: 20:03:58] [World] [World Server] Setting to 'qeynos2' (2:0)
[08-13-2021 :: 20:04:33] [World] [World Server] Setting to 'qeytoqrg' (4:0)
[08-13-2021 :: 20:04:50] [World] [World Server] Setting to 'qeynos2' (2:0)
[08-13-2021 :: 20:05:05] [World] [World Server] Setting to 'qeytoqrg' (4:0)
[08-13-2021 :: 20:05:15] [World] [World Server] Setting to 'qeynos2' (2:0)
[08-13-2021 :: 20:05:35] [World] [World Server] Setting to 'qeytoqrg' (4:0)
[08-13-2021 :: 20:05:51] [World] [World Server] Setting to 'qeynos2' (2:0)
[08-13-2021 :: 20:06:44] [World] [World Server] Setting to 'qeytoqrg' (4:0)
[08-13-2021 :: 20:06:53] [World] [World Server] Setting to 'qeynos2' (2:0)
[08-13-2021 :: 20:07:57] [World] [World Server] Setting to 'qeytoqrg' (4:0)
[08-13-2021 :: 20:08:32] [World] [World Server] Setting to 'qeynos2' (2:0)
[08-13-2021 :: 20:08:55] [World] [World Server] Setting to 'qeytoqrg' (4:0)
[08-13-2021 :: 20:10:32] [World] [World Server] Setting to 'qeynos2' (2:0)
[08-13-2021 :: 20:11:00] [World] [World Server] Setting to 'qeytoqrg' (4:0)
[08-13-2021 :: 20:11:12] [World] [World Server] Setting to 'qeynos2' (2:0)
[08-13-2021 :: 20:11:24] [World] [World Server] Setting to 'qeytoqrg' (4:0)
[08-13-2021 :: 20:11:39] [World] [World Server] Setting to 'qeynos2' (2:0)
[08-13-2021 :: 20:11:52] [World] [World Server] Setting to 'qeytoqrg' (4:0)
[08-13-2021 :: 20:11:57] [World] [World Server] Setting to 'qeynos2' (2:0)
[08-13-2021 :: 20:12:02] [World] [World Server] Setting to 'qeytoqrg' (4:0)
[08-13-2021 :: 20:21:57] [World] [World Server] Setting to 'qeytoqrg' (4:0)
[08-13-2021 :: 20:25:45] [World] [World Server] Setting to 'blackburrow' (17:0)
[08-13-2021 :: 20:25:46] [World] [World Server] Setting to 'blackburrow' (17:0)
[08-13-2021 :: 20:26:13] [World] [World Server] Setting to 'everfrost' (30:0)
[08-13-2021 :: 20:26:14] [World] [World Server] Setting to 'everfrost' (30:0)
[08-13-2021 :: 20:30:07] [World] [World Server] Setting to 'blackburrow' (17:0)
[08-13-2021 :: 20:30:15] [World] [World Server] Setting to 'everfrost' (30:0)
[08-13-2021 :: 20:30:24] [World] [World Server] Setting to 'blackburrow' (17:0)
[08-13-2021 :: 20:30:29] [World] [World Server] Setting to 'everfrost' (30:0)
[08-13-2021 :: 20:32:00] [World] [World Server] Setting to 'blackburrow' (17:0)
[08-13-2021 :: 20:34:07] [World] [World Server] Setting to 'everfrost' (30:0)
[08-13-2021 :: 20:34:17] [World] [World Server] Setting to 'blackburrow' (17:0)
[08-13-2021 :: 20:35:06] [World] [World Server] Setting to 'everfrost' (30:0)
[08-13-2021 :: 20:35:12] [World] [World Server] Setting to 'blackburrow' (17:0)
[08-13-2021 :: 20:35:27] [World] [World Server] Setting to 'everfrost' (30:0)
[08-13-2021 :: 20:35:33] [World] [World Server] Setting to 'blackburrow' (17:0)
[08-13-2021 :: 20:35:52] [World] [World Server] Setting to 'everfrost' (30:0)
[08-13-2021 :: 20:36:30] [World] [World Server] Setting to 'blackburrow' (17:0)
[08-13-2021 :: 20:36:37] [World] [World Server] Setting to 'everfrost' (30:0)
[08-13-2021 :: 20:36:46] [World] [World Server] Setting to 'blackburrow' (17:0)
[08-13-2021 :: 20:36:55] [World] [World Server] Setting to 'everfrost' (30:0)
[08-13-2021 :: 21:12:56] [World] [World Server] Setting to 'permafrost' (73:0)
[08-13-2021 :: 21:12:57] [World] [World Server] Setting to 'permafrost' (73:0)
[08-13-2021 :: 21:13:17] [World] [World Server] Setting to 'everfrost' (30:0)
[08-13-2021 :: 21:13:27] [World] [World Server] Setting to 'permafrost' (73:0)
[08-13-2021 :: 21:14:06] [World] [World Server] Setting to 'everfrost' (30:0)
[08-13-2021 :: 21:15:39] [World] [World Server] Setting to 'permafrost' (73:0)
[08-13-2021 :: 21:15:46] [World] [World Server] Setting to 'everfrost' (30:0)
[08-13-2021 :: 21:16:18] [World] [World Server] Setting to 'permafrost' (73:0)
[08-13-2021 :: 21:17:55] [World] [World Server] Setting to 'everfrost' (30:0)
[08-13-2021 :: 21:18:00] [World] [World Server] Setting to 'permafrost' (73:0)
[08-13-2021 :: 21:18:04] [World] [World Server] Setting to 'everfrost' (30:0)
[08-13-2021 :: 21:18:11] [World] [World Server] Setting to 'permafrost' (73:0)
[08-13-2021 :: 21:18:16] [World] [World Server] Setting to 'everfrost' (30:0)
[08-13-2021 :: 21:18:25] [World] [World Server] Setting to 'permafrost' (73:0)
[08-13-2021 :: 21:18:34] [World] [World Server] Setting to 'everfrost' (30:0)
[08-13-2021 :: 21:19:26] [World] [World Server] Setting to 'permafrost' (73:0)
[08-13-2021 :: 21:19:37] [World] [World Server] Setting to 'everfrost' (30:0)
[08-13-2021 :: 21:21:15] [World] [World Server] Setting to 'qrg' (3:0)
[08-13-2021 :: 21:21:16] [World] [World Server] Setting to 'qrg' (3:0)
[08-13-2021 :: 21:21:32] [World] [World Server] Setting to 'everfrost' (30:0)
[08-13-2021 :: 21:22:51] [World] [World Server] Setting to 'halas' (29:0)
[08-13-2021 :: 21:22:52] [World] [World Server] Setting to 'halas' (29:0)
[08-13-2021 :: 21:22:58] [World] [World Server] Setting to 'everfrost' (30:0)
[08-13-2021 :: 21:23:07] [World] [World Server] Setting to 'halas' (29:0)
[08-13-2021 :: 21:23:35] [World] [World Server] Setting to 'everfrost' (30:0)
[08-13-2021 :: 21:25:46] [World] [World Server] Setting to 'halas' (29:0)
[08-13-2021 :: 21:25:54] [World] [World Server] Setting to 'everfrost' (30:0)
[08-13-2021 :: 21:25:54] [World] [World Server] Setting to 'everfrost' (30:0)
[08-13-2021 :: 21:26:43] [World] [World Server] Setting to 'halas' (29:0)
[08-13-2021 :: 21:28:20] [World] [World Server] Setting to 'everfrost' (30:0)
[08-13-2021 :: 21:28:33] [World] [World Server] Setting to 'halas' (29:0)
[08-13-2021 :: 21:28:38] [World] [World Server] Setting to 'everfrost' (30:0)
[08-13-2021 :: 21:28:44] [World] [World Server] Setting to 'halas' (29:0)
[08-14-2021 :: 00:48:46] [World] [World Server] Setting to 'halas' (29:0)
[08-14-2021 :: 00:48:47] [World] [World Server] Setting to 'halas' (29:0)
[08-14-2021 :: 00:48:56] [World] [World Server] Setting to 'qeynos2' (2:0)
[08-14-2021 :: 00:48:57] [World] [World Server] Setting to 'qeynos2' (2:0)
[08-14-2021 :: 00:51:11] [World] [World Server] Setting to 'qeynos' (1:0)
[08-14-2021 :: 00:51:12] [World] [World Server] Setting to 'qeynos' (1:0)
[08-14-2021 :: 00:51:27] [World] [World Server] Setting to 'qeynos2' (2:0)
[08-14-2021 :: 00:52:16] [World] [World Server] Setting to 'qeynos' (1:0)
[08-14-2021 :: 00:55:20] [World] [World Server] Setting to 'qeynos2' (2:0)
[08-14-2021 :: 00:55:26] [World] [World Server] Setting to 'qeynos' (1:0)
[08-14-2021 :: 00:56:42] [World] [World Server] Setting to 'qeynos2' (2:0)
[08-14-2021 :: 00:57:34] [World] [World Server] Setting to 'qeynos' (1:0)
[08-14-2021 :: 00:57:39] [World] [World Server] Setting to 'qeynos2' (2:0)
[08-14-2021 :: 00:57:47] [World] [World Server] Setting to 'qeynos' (1:0)
[08-14-2021 :: 00:58:13] [World] [World Server] Setting to 'qeynos2' (2:0)
[08-14-2021 :: 00:59:51] [World] [World Server] Setting to 'qeynos' (1:0)
[08-14-2021 :: 00:59:59] [World] [World Server] Setting to 'qeynos2' (2:0)
[08-14-2021 :: 01:00:30] [World] [World Server] Setting to 'qeynos' (1:0)
[08-14-2021 :: 01:01:44] [World] [World Server] Setting to 'qeynos2' (2:0)
[08-14-2021 :: 01:01:50] [World] [World Server] Setting to 'qeynos' (1:0)
[08-14-2021 :: 01:02:44] [World] [World Server] Setting to 'qeynos2' (2:0)
[08-14-2021 :: 01:03:28] [World] [World Server] Setting to 'qeynos' (1:0)
[08-14-2021 :: 01:03:33] [World] [World Server] Setting to 'qeynos2' (2:0)
[08-14-2021 :: 01:03:41] [World] [World Server] Setting to 'qeynos' (1:0)
[08-14-2021 :: 01:03:48] [World] [World Server] Setting to 'qeynos2' (2:0)
[08-14-2021 :: 01:11:19] [World] [World Server] Setting to 'qcat' (45:0)
[08-14-2021 :: 01:11:20] [World] [World Server] Setting to 'qcat' (45:0)
[08-14-2021 :: 01:11:34] [World] [World Server] Setting to 'qeynos2' (2:0)
[08-14-2021 :: 01:12:00] [World] [World Server] Setting to 'qcat' (45:0)
[08-14-2021 :: 01:12:09] [World] [World Server] Setting to 'qeynos2' (2:0)
[08-14-2021 :: 01:12:17] [World] [World Server] Setting to 'qcat' (45:0)
[08-14-2021 :: 01:14:53] [World] [World Server] Setting to 'qeynos2' (2:0)
[08-14-2021 :: 01:15:54] [World] [World Server] Setting to 'qcat' (45:0)
[08-14-2021 :: 01:16:18] [World] [World Server] Setting to 'qeynos2' (2:0)
[08-14-2021 :: 01:16:31] [World] [World Server] Setting to 'qcat' (45:0)
[08-14-2021 :: 01:16:37] [World] [World Server] Setting to 'qeynos2' (2:0)
[08-14-2021 :: 01:17:36] [World] [World Server] Setting to 'qcat' (45:0)
[08-14-2021 :: 01:18:20] [World] [World Server] Setting to 'qeynos' (1:0)
[08-14-2021 :: 01:25:40] [World] [World Server] Setting to 'ecommons' (22:0)
[08-14-2021 :: 01:25:41] [World] [World Server] Setting to 'ecommons' (22:0)
[08-14-2021 :: 01:25:50] [World] [World Server] Setting to 'qeynos' (1:0)
[08-14-2021 :: 01:30:22] [World] [World Server] Setting to 'ecommons' (22:0)
[08-14-2021 :: 01:30:31] [World] [World Server] Setting to 'qeynos' (1:0)
