[08-25-2021 :: 00:06:30] [World] [Error] Error decrypting message from client
[08-25-2021 :: 00:06:30] [World] [Error] Error decrypting message from client
[08-25-2021 :: 00:06:30] [World] [Error] Error decrypting message from client
[08-25-2021 :: 00:07:19] [World] [MySQL Error] [1364] [Field 'public_note' doesn't have a default value]
[INSERT INTO `guild_members` SET `char_id` = 7153, `guild_id` = '1']
[08-25-2021 :: 00:07:19] [World] [World Server] Race: 1  Class: 2  Gender: 1  Deity: 201  Start zone: 1  Tutorial: true
[08-25-2021 :: 00:07:19] [World] [World Server] 105   85   75   75   85   75   75     575
[08-25-2021 :: 00:07:19] [World] [World Server] Current location: qcat (45)  -625.00, 354.00, -35.25, 0.00
[08-25-2021 :: 00:07:19] [World] [World Server] Bind location: (null) (0) 0.00, 0.00, 0.00
[08-25-2021 :: 00:07:19] [World] [World Server] Home location: qcat (45) -625.00, 354.00, -35.25
[08-25-2021 :: 00:07:19] [World] [World Server] Setting to 'qcat' (45:0)
[08-25-2021 :: 00:07:19] [World] [World Server] Setting to 'qcat' (45:0)
[08-25-2021 :: 00:08:36] [World] [MySQL Error] [1364] [Field 'public_note' doesn't have a default value]
[INSERT INTO `guild_members` SET `char_id` = 7154, `guild_id` = '1']
[08-25-2021 :: 00:08:36] [World] [World Server] Race: 4  Class: 6  Gender: 0  Deity: 215  Start zone: 9  Tutorial: true
[08-25-2021 :: 00:08:36] [World] [World Server]  90   80   95   80   90   75   75     585
[08-25-2021 :: 00:08:36] [World] [World Server] Current location: gfaydark (54)  226.00, -629.00, 77.06, 160.00
[08-25-2021 :: 00:08:36] [World] [World Server] Bind location: (null) (0) 0.00, 0.00, 0.00
[08-25-2021 :: 00:08:36] [World] [World Server] Home location: gfaydark (54) 226.00, -629.00, 77.06
[08-25-2021 :: 00:08:37] [World] [World Server] Setting to 'gfaydark' (54:0)
[08-25-2021 :: 00:08:37] [World] [World Server] Setting to 'gfaydark' (54:0)
