[08-25-2021 :: 02:40:37] [World] [MySQL Error] [1364] [Field 'public_note' doesn't have a default value]
[INSERT INTO `guild_members` SET `char_id` = 7184, `guild_id` = '1']
[08-25-2021 :: 02:40:38] [World] [World Server] Race: 1  Class: 14  Gender: 1  Deity: 201  Start zone: 1  Tutorial: true
[08-25-2021 :: 02:40:38] [World] [World Server]  95   85   75   75   75   85   85     575
[08-25-2021 :: 02:40:38] [World] [World Server] Current location: qcat (45)  -370.00, 397.00, -38.22, 0.00
[08-25-2021 :: 02:40:38] [World] [World Server] Bind location: (null) (0) 0.00, 0.00, 0.00
[08-25-2021 :: 02:40:38] [World] [World Server] Home location: qcat (45) -370.00, 397.00, -38.22
[08-25-2021 :: 02:40:38] [World] [World Server] Setting to 'qcat' (45:0)
[08-25-2021 :: 02:40:38] [World] [World Server] Setting to 'qcat' (45:0)
[08-25-2021 :: 02:42:04] [World] [MySQL Error] [1364] [Field 'public_note' doesn't have a default value]
[INSERT INTO `guild_members` SET `char_id` = 7185, `guild_id` = '1']
[08-25-2021 :: 02:42:05] [World] [World Server] Race: 1  Class: 13  Gender: 1  Deity: 201  Start zone: 1  Tutorial: true
[08-25-2021 :: 02:42:05] [World] [World Server]  88  102   75   75   75   85   75     575
[08-25-2021 :: 02:42:05] [World] [World Server] Current location: qcat (45)  -363.00, 382.00, -38.22, 0.00
[08-25-2021 :: 02:42:05] [World] [World Server] Bind location: (null) (0) 0.00, 0.00, 0.00
[08-25-2021 :: 02:42:05] [World] [World Server] Home location: qcat (45) -363.00, 382.00, -38.22
[08-25-2021 :: 02:42:05] [World] [World Server] Setting to 'qcat' (45:0)
[08-25-2021 :: 02:43:44] [World] [MySQL Error] [1364] [Field 'public_note' doesn't have a default value]
[INSERT INTO `guild_members` SET `char_id` = 7186, `guild_id` = '1']
[08-25-2021 :: 02:43:44] [World] [World Server] Race: 1  Class: 12  Gender: 1  Deity: 201  Start zone: 1  Tutorial: true
[08-25-2021 :: 02:43:44] [World] [World Server]  85  105   75   75   75   85   75     575
[08-25-2021 :: 02:43:44] [World] [World Server] Current location: qcat (45)  -353.00, 309.00, -38.22, 0.00
[08-25-2021 :: 02:43:44] [World] [World Server] Bind location: qeynos2 (2) -74.00, 428.00, 3.00
[08-25-2021 :: 02:43:44] [World] [World Server] Home location: qcat (45) -353.00, 309.00, -38.22
[08-25-2021 :: 02:43:44] [World] [World Server] Setting to 'qcat' (45:0)
[08-25-2021 :: 02:46:19] [World] [MySQL Error] [1364] [Field 'public_note' doesn't have a default value]
[INSERT INTO `guild_members` SET `char_id` = 7187, `guild_id` = '1']
[08-25-2021 :: 02:46:19] [World] [World Server] Race: 1  Class: 11  Gender: 1  Deity: 201  Start zone: 1  Tutorial: true
[08-25-2021 :: 02:46:19] [World] [World Server]  88   92   75   85   75   85   75     575
[08-25-2021 :: 02:46:19] [World] [World Server] Current location: qcat (45)  -427.00, 302.00, -38.22, 0.00
[08-25-2021 :: 02:46:19] [World] [World Server] Bind location: (null) (0) 0.00, 0.00, 0.00
[08-25-2021 :: 02:46:19] [World] [World Server] Home location: qcat (45) -427.00, 302.00, -38.22
[08-25-2021 :: 02:46:19] [World] [World Server] Setting to 'qcat' (45:0)
[08-25-2021 :: 02:48:25] [World] [MySQL Error] [1364] [Field 'public_note' doesn't have a default value]
[INSERT INTO `guild_members` SET `char_id` = 7188, `guild_id` = '1']
[08-25-2021 :: 02:48:25] [World] [World Server] Race: 1  Class: 5  Gender: 0  Deity: 201  Start zone: 1  Tutorial: true
[08-25-2021 :: 02:48:25] [World] [World Server]  94   91   75   75   75   85   80     575
[08-25-2021 :: 02:48:25] [World] [World Server] Current location: qcat (45)  -319.00, 416.00, -38.22, 0.00
[08-25-2021 :: 02:48:25] [World] [World Server] Bind location: (null) (0) 0.00, 0.00, 0.00
[08-25-2021 :: 02:48:25] [World] [World Server] Home location: qcat (45) -319.00, 416.00, -38.22
[08-25-2021 :: 02:48:25] [World] [World Server] Setting to 'qcat' (45:0)
[08-25-2021 :: 02:50:08] [World] [MySQL Error] [1364] [Field 'public_note' doesn't have a default value]
[INSERT INTO `guild_members` SET `char_id` = 7189, `guild_id` = '1']
[08-25-2021 :: 02:50:08] [World] [World Server] Race: 1  Class: 1  Gender: 0  Deity: 201  Start zone: 1  Tutorial: true
[08-25-2021 :: 02:50:08] [World] [World Server]  97   98   80   75   75   75   75     575
[08-25-2021 :: 02:50:08] [World] [World Server] Current location: qcat (45)  -510.00, 57.00, 31.75, 0.00
[08-25-2021 :: 02:50:08] [World] [World Server] Bind location: (null) (0) 0.00, 0.00, 0.00
[08-25-2021 :: 02:50:08] [World] [World Server] Home location: qcat (45) -510.00, 57.00, 31.75
[08-25-2021 :: 02:50:08] [World] [World Server] Setting to 'qcat' (45:0)
[08-25-2021 :: 02:56:03] [World] [MySQL Error] [1364] [Field 'public_note' doesn't have a default value]
[INSERT INTO `guild_members` SET `char_id` = 7190, `guild_id` = '1']
[08-25-2021 :: 02:56:04] [World] [World Server] Race: 12  Class: 1  Gender: 0  Deity: 201  Start zone: 11  Tutorial: true
[08-25-2021 :: 02:56:04] [World] [World Server]  83   92   90   85   67   98   60     575
[08-25-2021 :: 02:56:04] [World] [World Server] Current location: akanon (55)  -442.00, 854.00, -30.12, 0.00
[08-25-2021 :: 02:56:04] [World] [World Server] Bind location: (null) (0) 0.00, 0.00, 0.00
[08-25-2021 :: 02:56:04] [World] [World Server] Home location: akanon (55) -442.00, 854.00, -30.12
[08-25-2021 :: 02:56:04] [World] [World Server] Setting to 'akanon' (55:0)
[08-25-2021 :: 02:56:04] [World] [World Server] Setting to 'akanon' (55:0)
[08-25-2021 :: 08:16:16] [World] [World Server] Setting to 'qeynos2' (2:0)
[08-25-2021 :: 08:16:16] [World] [World Server] Setting to 'qeynos2' (2:0)
[08-25-2021 :: 08:19:51] [World] [World Server] Setting to 'qeynos2' (2:0)
[08-25-2021 :: 08:20:49] [World] [MySQL Error] [1364] [Field 'public_note' doesn't have a default value]
[INSERT INTO `guild_members` SET `char_id` = 7191, `guild_id` = '1']
[08-25-2021 :: 08:20:50] [World] [World Server] Race: 1  Class: 14  Gender: 1  Deity: 396  Start zone: 4  Tutorial: false
[08-25-2021 :: 08:20:50] [World] [World Server]  75   75   75   75   75  100  100     575
[08-25-2021 :: 08:20:50] [World] [World Server] Current location: freportw (9)  72.00, -812.00, -52.22, 0.00
[08-25-2021 :: 08:20:50] [World] [World Server] Bind location: (null) (0) 0.00, 0.00, 0.00
[08-25-2021 :: 08:20:50] [World] [World Server] Home location: freportw (9) 72.00, -812.00, -52.22
[08-25-2021 :: 08:21:05] [World] [World Server] Setting to 'qeynos2' (2:0)
[08-25-2021 :: 08:21:29] [World] [MySQL Error] [1364] [Field 'public_note' doesn't have a default value]
[INSERT INTO `guild_members` SET `char_id` = 7192, `guild_id` = '1']
[08-25-2021 :: 08:21:30] [World] [World Server] Race: 1  Class: 14  Gender: 1  Deity: 396  Start zone: 1  Tutorial: false
[08-25-2021 :: 08:21:30] [World] [World Server]  75   75   75   75   75  100  100     575
[08-25-2021 :: 08:21:30] [World] [World Server] Current location: qeynos (1)  -654.00, 305.00, 3.75, 232.00
[08-25-2021 :: 08:21:30] [World] [World Server] Bind location: (null) (0) 0.00, 0.00, 0.00
[08-25-2021 :: 08:21:30] [World] [World Server] Home location: qeynos (1) -654.00, 305.00, 3.75
[08-25-2021 :: 08:21:33] [World] [World Server] Setting to 'qeynos' (1:0)
[08-25-2021 :: 08:21:33] [World] [World Server] Setting to 'qeynos' (1:0)
[08-25-2021 :: 08:23:45] [World] [World Server] Setting to 'qeynos2' (2:0)
[08-25-2021 :: 08:40:09] [World] [World Server] Setting to 'qeynos2' (2:0)
[08-25-2021 :: 08:45:22] [World] [World Server] Setting to 'qeynos2' (2:0)
[08-25-2021 :: 08:52:22] [World] [MySQL Error] [1364] [Field 'public_note' doesn't have a default value]
[INSERT INTO `guild_members` SET `char_id` = 7193, `guild_id` = '1']
[08-25-2021 :: 08:52:22] [World] [World Server] Race: 1  Class: 13  Gender: 1  Deity: 396  Start zone: 1  Tutorial: true
[08-25-2021 :: 08:52:22] [World] [World Server]  75   90   75   75   75  110   75     575
[08-25-2021 :: 08:52:22] [World] [World Server] Current location: qeynos (1)  -654.00, 319.00, 3.75, 160.00
[08-25-2021 :: 08:52:22] [World] [World Server] Bind location: (null) (0) 0.00, 0.00, 0.00
[08-25-2021 :: 08:52:22] [World] [World Server] Home location: qeynos (1) -654.00, 319.00, 3.75
[08-25-2021 :: 08:58:54] [World] [MySQL Error] [1364] [Field 'public_note' doesn't have a default value]
[INSERT INTO `guild_members` SET `char_id` = 7194, `guild_id` = '1']
[08-25-2021 :: 08:58:55] [World] [World Server] Race: 3  Class: 12  Gender: 1  Deity: 396  Start zone: 0  Tutorial: true
[08-25-2021 :: 08:58:55] [World] [World Server]  79   91   70   70   83  117   70     580
[08-25-2021 :: 08:58:55] [World] [World Server] Current location: erudnint (23)  740.00, 887.00, 83.72, 192.00
[08-25-2021 :: 08:58:55] [World] [World Server] Bind location: (null) (0) 0.00, 0.00, 0.00
[08-25-2021 :: 08:58:55] [World] [World Server] Home location: erudnint (23) 740.00, 887.00, 83.72
[08-25-2021 :: 08:58:55] [World] [World Server] Setting to 'erudnint' (23:0)
[08-25-2021 :: 08:58:55] [World] [World Server] Setting to 'erudnint' (23:0)
[08-25-2021 :: 08:59:58] [World] [World Server] Setting to 'lakerathe' (51:0)
[08-25-2021 :: 08:59:58] [World] [World Server] Setting to 'lakerathe' (51:0)
[08-25-2021 :: 09:08:35] [World] [MySQL Error] [1364] [Field 'public_note' doesn't have a default value]
[INSERT INTO `guild_members` SET `char_id` = 7195, `guild_id` = '1']
[08-25-2021 :: 09:08:35] [World] [World Server] Race: 9  Class: 5  Gender: 0  Deity: 203  Start zone: 6  Tutorial: true
[08-25-2021 :: 09:08:35] [World] [World Server] 129  123   83   75   60   62   45     577
[08-25-2021 :: 09:08:35] [World] [World Server] Current location: grobb (52)  0.00, -100.00, 3.00, 0.00
[08-25-2021 :: 09:08:35] [World] [World Server] Bind location: innothule (46) -588.00, -2192.00, -25.00
[08-25-2021 :: 09:08:35] [World] [World Server] Home location: grobb (52) 0.00, -100.00, 3.00
[08-25-2021 :: 09:08:35] [World] [World Server] Setting to 'grobb' (52:0)
[08-25-2021 :: 09:08:35] [World] [World Server] Setting to 'grobb' (52:0)
[08-25-2021 :: 09:32:12] [World] [MySQL Error] [1364] [Field 'public_note' doesn't have a default value]
[INSERT INTO `guild_members` SET `char_id` = 7196, `guild_id` = '1']
[08-25-2021 :: 09:32:12] [World] [World Server] Race: 1  Class: 12  Gender: 1  Deity: 213  Start zone: 4  Tutorial: true
[08-25-2021 :: 09:32:12] [World] [World Server]  84  106   75   75   75   85   75     575
[08-25-2021 :: 09:32:12] [World] [World Server] Current location: freportw (9)  -710.00, 138.00, -17.75, 0.00
[08-25-2021 :: 09:32:12] [World] [World Server] Bind location: freportw (9) 181.00, 335.00, -24.00
[08-25-2021 :: 09:32:12] [World] [World Server] Home location: freportw (9) -710.00, 138.00, -17.75
[08-25-2021 :: 09:32:13] [World] [World Server] Setting to 'freportw' (9:0)
[08-25-2021 :: 09:32:13] [World] [World Server] Setting to 'freportw' (9:0)
[08-25-2021 :: 09:51:46] [World] [MySQL Error] [1364] [Field 'public_note' doesn't have a default value]
[INSERT INTO `guild_members` SET `char_id` = 7197, `guild_id` = '1']
[08-25-2021 :: 09:51:47] [World] [World Server] Race: 10  Class: 1  Gender: 0  Deity: 396  Start zone: 7  Tutorial: true
[08-25-2021 :: 09:51:47] [World] [World Server] 150  147   75   70   67   60   37     606
[08-25-2021 :: 09:51:47] [World] [World Server] Current location: oggok (49)  71.00, -2.00, -25.00, 0.00
[08-25-2021 :: 09:51:47] [World] [World Server] Bind location: (null) (0) 0.00, 0.00, 0.00
[08-25-2021 :: 09:51:47] [World] [World Server] Home location: oggok (49) 71.00, -2.00, -25.00
[08-25-2021 :: 09:51:47] [World] [World Server] Setting to 'oggok' (49:0)
[08-25-2021 :: 09:51:47] [World] [World Server] Setting to 'oggok' (49:0)
[08-25-2021 :: 09:53:03] [World] [MySQL Error] [1364] [Field 'public_note' doesn't have a default value]
[INSERT INTO `guild_members` SET `char_id` = 7198, `guild_id` = '1']
[08-25-2021 :: 09:53:03] [World] [World Server] Race: 5  Class: 12  Gender: 0  Deity: 207  Start zone: 10  Tutorial: true
[08-25-2021 :: 09:53:03] [World] [World Server]  72   88   85   70   95  102   80     592
[08-25-2021 :: 09:53:03] [World] [World Server] Current location: felwitheb (62)  -422.00, 506.00, 0.00, 64.00
[08-25-2021 :: 09:53:03] [World] [World Server] Bind location: (null) (0) 0.00, 0.00, 0.00
[08-25-2021 :: 09:53:03] [World] [World Server] Home location: felwitheb (62) -422.00, 506.00, 0.00
[08-25-2021 :: 09:53:03] [World] [World Server] Setting to 'felwitheb' (62:0)
[08-25-2021 :: 09:53:03] [World] [World Server] Setting to 'felwitheb' (62:0)
[08-25-2021 :: 09:54:23] [World] [MySQL Error] [1364] [Field 'public_note' doesn't have a default value]
[INSERT INTO `guild_members` SET `char_id` = 7199, `guild_id` = '1']
[08-25-2021 :: 09:54:23] [World] [World Server] Race: 4  Class: 8  Gender: 0  Deity: 207  Start zone: 9  Tutorial: true
[08-25-2021 :: 09:54:23] [World] [World Server]  80   80   95   90   80   75   85     585
[08-25-2021 :: 09:54:23] [World] [World Server] Current location: gfaydark (54)  252.00, -234.00, 77.09, 135.00
[08-25-2021 :: 09:54:23] [World] [World Server] Bind location: (null) (0) 0.00, 0.00, 0.00
[08-25-2021 :: 09:54:23] [World] [World Server] Home location: gfaydark (54) 252.00, -234.00, 77.09
[08-25-2021 :: 09:54:24] [World] [World Server] Setting to 'gfaydark' (54:0)
[08-25-2021 :: 09:54:24] [World] [World Server] Setting to 'gfaydark' (54:0)
[08-25-2021 :: 10:00:16] [World] [MySQL Error] [1364] [Field 'public_note' doesn't have a default value]
[INSERT INTO `guild_members` SET `char_id` = 7200, `guild_id` = '1']
[08-25-2021 :: 10:00:16] [World] [World Server] Race: 6  Class: 11  Gender: 1  Deity: 206  Start zone: 5  Tutorial: true
[08-25-2021 :: 10:00:16] [World] [World Server]  65   90   90   85   83  109   60     582
[08-25-2021 :: 10:00:16] [World] [World Server] Current location: neriakc (42)  -1253.00, 1255.00, -80.84, 0.00
[08-25-2021 :: 10:00:16] [World] [World Server] Bind location: (null) (0) 0.00, 0.00, 0.00
[08-25-2021 :: 10:00:16] [World] [World Server] Home location: neriakc (42) -1253.00, 1255.00, -80.84
[08-25-2021 :: 10:00:17] [World] [World Server] Setting to 'neriakc' (42:0)
[08-25-2021 :: 10:00:17] [World] [World Server] Setting to 'neriakc' (42:0)
[08-25-2021 :: 10:01:43] [World] [MySQL Error] [1364] [Field 'public_note' doesn't have a default value]
[INSERT INTO `guild_members` SET `char_id` = 7201, `guild_id` = '1']
[08-25-2021 :: 10:01:43] [World] [World Server] Race: 6  Class: 12  Gender: 1  Deity: 213  Start zone: 5  Tutorial: true
[08-25-2021 :: 10:01:43] [World] [World Server]  82   83   90   75   83  109   60     582
[08-25-2021 :: 10:01:43] [World] [World Server] Current location: neriakb (41)  -947.00, 141.00, -38.84, 192.00
[08-25-2021 :: 10:01:43] [World] [World Server] Bind location: (null) (0) 0.00, 0.00, 0.00
[08-25-2021 :: 10:01:43] [World] [World Server] Home location: neriakb (41) -947.00, 141.00, -38.84
[08-25-2021 :: 10:01:44] [World] [World Server] Setting to 'neriakb' (41:0)
[08-25-2021 :: 10:01:44] [World] [World Server] Setting to 'neriakb' (41:0)
[08-25-2021 :: 10:16:09] [World] [World Server] Setting to 'neriaka' (40:0)
[08-25-2021 :: 10:16:11] [World] [World Server] Setting to 'neriaka' (40:0)
[08-25-2021 :: 10:16:41] [World] [World Server] Setting to 'neriakb' (41:0)
[08-25-2021 :: 10:24:53] [World] [MySQL Error] [1364] [Field 'public_note' doesn't have a default value]
[INSERT INTO `guild_members` SET `char_id` = 7202, `guild_id` = '1']
[08-25-2021 :: 10:24:53] [World] [World Server] Race: 9  Class: 5  Gender: 0  Deity: 203  Start zone: 6  Tutorial: true
[08-25-2021 :: 10:24:53] [World] [World Server] 131  121   83   75   60   62   45     577
[08-25-2021 :: 10:24:53] [World] [World Server] Current location: grobb (52)  0.00, -100.00, 3.00, 0.00
[08-25-2021 :: 10:24:53] [World] [World Server] Bind location: innothule (46) -588.00, -2192.00, -25.00
[08-25-2021 :: 10:24:53] [World] [World Server] Home location: grobb (52) 0.00, -100.00, 3.00
[08-25-2021 :: 10:24:53] [World] [World Server] Setting to 'grobb' (52:0)
[08-25-2021 :: 10:24:53] [World] [World Server] Setting to 'grobb' (52:0)
[08-25-2021 :: 10:27:11] [World] [MySQL Error] [1364] [Field 'public_note' doesn't have a default value]
[INSERT INTO `guild_members` SET `char_id` = 7203, `guild_id` = '1']
[08-25-2021 :: 10:27:11] [World] [World Server] Race: 6  Class: 14  Gender: 0  Deity: 396  Start zone: 5  Tutorial: true
[08-25-2021 :: 10:27:11] [World] [World Server]  65   65  115   75   83  109   70     582
[08-25-2021 :: 10:27:11] [World] [World Server] Current location: neriakb (41)  -951.00, 144.00, -38.84, 224.00
[08-25-2021 :: 10:27:11] [World] [World Server] Bind location: (null) (0) 0.00, 0.00, 0.00
[08-25-2021 :: 10:27:11] [World] [World Server] Home location: neriakb (41) -951.00, 144.00, -38.84
[08-25-2021 :: 10:27:11] [World] [World Server] Setting to 'neriakb' (41:0)
[08-25-2021 :: 10:28:47] [World] [MySQL Error] [1364] [Field 'public_note' doesn't have a default value]
[INSERT INTO `guild_members` SET `char_id` = 7204, `guild_id` = '1']
[08-25-2021 :: 10:28:47] [World] [World Server] Race: 11  Class: 6  Gender: 1  Deity: 207  Start zone: 3  Tutorial: true
[08-25-2021 :: 10:28:47] [World] [World Server]  90   95   95   90   90   67   50     577
[08-25-2021 :: 10:28:48] [World] [World Server] Current location: rivervale (19)  -424.00, -52.00, -11.81, 0.00
[08-25-2021 :: 10:28:48] [World] [World Server] Bind location: (null) (0) 0.00, 0.00, 0.00
[08-25-2021 :: 10:28:48] [World] [World Server] Home location: rivervale (19) -424.00, -52.00, -11.81
[08-25-2021 :: 10:28:48] [World] [World Server] Setting to 'rivervale' (19:0)
[08-25-2021 :: 10:28:48] [World] [World Server] Setting to 'rivervale' (19:0)
[08-25-2021 :: 10:30:33] [World] [MySQL Error] [1364] [Field 'public_note' doesn't have a default value]
[INSERT INTO `guild_members` SET `char_id` = 7205, `guild_id` = '1']
[08-25-2021 :: 10:30:33] [World] [World Server] Race: 3  Class: 14  Gender: 0  Deity: 210  Start zone: 0  Tutorial: true
[08-25-2021 :: 10:30:33] [World] [World Server]  60   70   95   75   83  117   80     580
[08-25-2021 :: 10:30:33] [World] [World Server] Current location: erudnint (23)  753.00, 536.00, 83.72, 64.00
[08-25-2021 :: 10:30:33] [World] [World Server] Bind location: (null) (0) 0.00, 0.00, 0.00
[08-25-2021 :: 10:30:33] [World] [World Server] Home location: erudnint (23) 753.00, 536.00, 83.72
[08-25-2021 :: 10:30:34] [World] [World Server] Setting to 'erudnint' (23:0)
[08-25-2021 :: 10:30:34] [World] [World Server] Setting to 'erudnint' (23:0)
[08-25-2021 :: 10:32:15] [World] [MySQL Error] [1364] [Field 'public_note' doesn't have a default value]
[INSERT INTO `guild_members` SET `char_id` = 7206, `guild_id` = '1']
[08-25-2021 :: 10:32:16] [World] [World Server] Race: 11  Class: 4  Gender: 1  Deity: 207  Start zone: 3  Tutorial: true
[08-25-2021 :: 10:32:16] [World] [World Server]  75   92  118   90   85   67   50     577
[08-25-2021 :: 10:32:16] [World] [World Server] Current location: rivervale (19)  -439.00, -47.00, -11.81, 0.00
[08-25-2021 :: 10:32:16] [World] [World Server] Bind location: (null) (0) 0.00, 0.00, 0.00
[08-25-2021 :: 10:32:16] [World] [World Server] Home location: rivervale (19) -439.00, -47.00, -11.81
[08-25-2021 :: 10:32:16] [World] [World Server] Setting to 'rivervale' (19:0)
[08-25-2021 :: 10:34:10] [World] [MySQL Error] [1364] [Field 'public_note' doesn't have a default value]
[INSERT INTO `guild_members` SET `char_id` = 7207, `guild_id` = '1']
[08-25-2021 :: 10:34:10] [World] [World Server] Race: 1  Class: 2  Gender: 0  Deity: 204  Start zone: 4  Tutorial: true
[08-25-2021 :: 10:34:10] [World] [World Server] 100   90   75   75   85   75   75     575
[08-25-2021 :: 10:34:10] [World] [World Server] Current location: freportn (8)  335.00, 147.00, 73.72, 0.00
[08-25-2021 :: 10:34:10] [World] [World Server] Bind location: (null) (0) 0.00, 0.00, 0.00
[08-25-2021 :: 10:34:10] [World] [World Server] Home location: freportn (8) 335.00, 147.00, 73.72
[08-25-2021 :: 10:34:11] [World] [World Server] Setting to 'freportn' (8:0)
[08-25-2021 :: 10:34:11] [World] [World Server] Setting to 'freportn' (8:0)
[08-25-2021 :: 10:35:32] [World] [MySQL Error] [1364] [Field 'public_note' doesn't have a default value]
[INSERT INTO `guild_members` SET `char_id` = 7208, `guild_id` = '1']
[08-25-2021 :: 10:35:33] [World] [World Server] Race: 1  Class: 2  Gender: 0  Deity: 208  Start zone: 4  Tutorial: true
[08-25-2021 :: 10:35:33] [World] [World Server]  90  100   75   75   85   75   75     575
[08-25-2021 :: 10:35:33] [World] [World Server] Current location: freportn (8)  201.00, -126.00, 17.75, 0.00
[08-25-2021 :: 10:35:33] [World] [World Server] Bind location: (null) (0) 0.00, 0.00, 0.00
[08-25-2021 :: 10:35:33] [World] [World Server] Home location: freportn (8) 201.00, -126.00, 17.75
[08-25-2021 :: 10:35:33] [World] [World Server] Setting to 'freportn' (8:0)
[08-25-2021 :: 10:48:21] [World] [MySQL Error] [1364] [Field 'public_note' doesn't have a default value]
[INSERT INTO `guild_members` SET `char_id` = 7209, `guild_id` = '1']
[08-25-2021 :: 10:48:21] [World] [World Server] Race: 1  Class: 2  Gender: 1  Deity: 208  Start zone: 4  Tutorial: true
[08-25-2021 :: 10:48:21] [World] [World Server]  92   98   75   75   85   75   75     575
[08-25-2021 :: 10:48:21] [World] [World Server] Current location: freportn (8)  201.00, -126.00, 17.75, 0.00
[08-25-2021 :: 10:48:21] [World] [World Server] Bind location: (null) (0) 0.00, 0.00, 0.00
[08-25-2021 :: 10:48:21] [World] [World Server] Home location: freportn (8) 201.00, -126.00, 17.75
[08-25-2021 :: 10:48:21] [World] [World Server] Setting to 'freportn' (8:0)
