[08-03-2021 :: 21:28:18] [World] [World Server] Setting to 'cshome' (26:0)
[08-03-2021 :: 21:28:18] [World] [World Server] Setting to 'cshome' (26:0)
[08-03-2021 :: 21:28:29] [World] [World Server] Setting to 'arena' (77:0)
[08-03-2021 :: 21:28:31] [World] [World Server] Setting to 'cshome' (26:0)
[08-03-2021 :: 21:28:36] [World] [World Server] Setting to 'cshome' (26:0)
[08-03-2021 :: 21:28:41] [World] [World Server] Setting to 'cshome' (26:0)
[08-03-2021 :: 21:28:45] [World] [World Server] Setting to 'cshome' (26:0)
[08-03-2021 :: 21:28:50] [World] [World Server] Setting to 'cshome' (26:0)
[08-03-2021 :: 21:28:55] [World] [World Server] Setting to 'cshome' (26:0)
[08-03-2021 :: 21:28:59] [World] [World Server] Setting to 'cshome' (26:0)
[08-03-2021 :: 21:29:04] [World] [World Server] Setting to 'cshome' (26:0)
[08-03-2021 :: 21:29:09] [World] [World Server] Setting to 'cshome' (26:0)
[08-03-2021 :: 21:29:14] [World] [World Server] Setting to 'cshome' (26:0)
[08-03-2021 :: 21:29:19] [World] [World Server] Setting to 'cshome' (26:0)
[08-03-2021 :: 21:29:23] [World] [World Server] Setting to 'cshome' (26:0)
[08-03-2021 :: 21:29:28] [World] [World Server] Setting to 'cshome' (26:0)
[08-03-2021 :: 21:29:33] [World] [World Server] Setting to 'cshome' (26:0)
[08-03-2021 :: 21:29:37] [World] [World Server] Setting to 'cshome' (26:0)
[08-03-2021 :: 21:29:42] [World] [World Server] Setting to 'cshome' (26:0)
[08-03-2021 :: 21:29:47] [World] [World Server] Setting to 'cshome' (26:0)
[08-03-2021 :: 21:29:52] [World] [World Server] Setting to 'cshome' (26:0)
[08-03-2021 :: 21:29:57] [World] [World Server] Setting to 'cshome' (26:0)
[08-03-2021 :: 21:30:01] [World] [World Server] Setting to 'cshome' (26:0)
[08-03-2021 :: 21:30:06] [World] [World Server] Setting to 'cshome' (26:0)
[08-03-2021 :: 21:30:11] [World] [World Server] Setting to 'cshome' (26:0)
[08-03-2021 :: 21:30:16] [World] [World Server] Setting to 'cshome' (26:0)
[08-03-2021 :: 21:30:21] [World] [World Server] Setting to 'cshome' (26:0)
[08-03-2021 :: 21:35:49] [World] [MySQL Error] [1364] [Field 'public_note' doesn't have a default value]
[INSERT INTO `guild_members` SET `char_id` = 7129, `guild_id` = '1']
[08-03-2021 :: 21:35:49] [World] [World Server] Race: 11  Class: 4  Gender: 0  Deity: 207  Start zone: 19  Tutorial: false
[08-03-2021 :: 21:35:49] [World] [World Server]  75   85  105  110   85   67   50     577
[08-03-2021 :: 21:35:49] [World] [World Server] Current location: rivervale (19)  -439.00, -47.00, -11.81, 0.00
[08-03-2021 :: 21:35:49] [World] [World Server] Bind location: rivervale (19) -439.00, -47.00, -11.81
[08-03-2021 :: 21:35:49] [World] [World Server] Home location: rivervale (19) -439.00, -47.00, -11.81
[08-03-2021 :: 21:35:50] [World] [World Server] Setting to 'rivervale' (19:0)
[08-03-2021 :: 21:35:50] [World] [World Server] Setting to 'rivervale' (19:0)
[08-03-2021 :: 21:37:57] [World] [World Server] Setting to 'runnyeye' (11:0)
[08-03-2021 :: 21:37:58] [World] [World Server] Setting to 'runnyeye' (11:0)
[08-03-2021 :: 21:38:08] [World] [World Server] Setting to 'misty' (33:0)
[08-03-2021 :: 21:38:09] [World] [World Server] Setting to 'misty' (33:0)
[08-03-2021 :: 21:38:16] [World] [World Server] Setting to 'runnyeye' (11:0)
[08-03-2021 :: 21:40:29] [World] [World Server] Setting to 'misty' (33:0)
[08-03-2021 :: 21:40:43] [World] [World Server] Setting to 'runnyeye' (11:0)
[08-03-2021 :: 21:42:01] [World] [World Server] Setting to 'beholder' (16:0)
[08-03-2021 :: 21:42:02] [World] [World Server] Setting to 'beholder' (16:0)
[08-03-2021 :: 21:42:10] [World] [World Server] Setting to 'runnyeye' (11:0)
