[07-30-2021 :: 15:08:53] [World] [Error] Error decrypting message from client
[07-30-2021 :: 15:08:53] [World] [Error] Error decrypting message from client
[07-30-2021 :: 15:10:52] [World] [World Server] Setting to 'northkarana' (13:0)
[07-30-2021 :: 15:10:52] [World] [World Server] Setting to 'northkarana' (13:0)
[07-30-2021 :: 15:11:33] [World] [World Server] Setting to 'oasis' (37:0)
[07-30-2021 :: 15:11:35] [World] [World Server] Setting to 'oasis' (37:0)
[07-30-2021 :: 15:23:29] [World] [World Server] Setting to 'oasis' (37:0)
[07-30-2021 :: 15:26:24] [World] [World Server] Setting to 'northkarana' (13:0)
[07-30-2021 :: 15:27:16] [World] [World Server] Setting to 'qey2hh1' (12:0)
[07-30-2021 :: 15:27:17] [World] [World Server] Setting to 'qey2hh1' (12:0)
[07-30-2021 :: 15:51:13] [World] [World Server] Setting to 'northkarana' (13:0)
[07-30-2021 :: 15:53:03] [World] [World Server] Setting to 'qey2hh1' (12:0)
[07-30-2021 :: 16:16:54] [World] [World Server] Setting to 'oasis' (37:0)
[07-30-2021 :: 16:16:54] [World] [World Server] Setting to 'oasis' (37:0)
[07-30-2021 :: 16:19:54] [World] [World Server] Setting to 'ecommons' (22:0)
[07-30-2021 :: 16:19:55] [World] [World Server] Setting to 'ecommons' (22:0)
[07-30-2021 :: 16:20:12] [World] [World Server] Setting to 'oasis' (37:0)
[07-30-2021 :: 16:32:37] [World] [World Server] Setting to 'oasis' (37:0)
[07-30-2021 :: 16:33:00] [World] [World Server] Setting to 'ecommons' (22:0)
[07-30-2021 :: 16:33:07] [World] [World Server] Setting to 'oasis' (37:0)
[07-30-2021 :: 16:34:20] [World] [World Server] Setting to 'nro' (34:0)
[07-30-2021 :: 16:34:21] [World] [World Server] Setting to 'nro' (34:0)
[07-30-2021 :: 16:44:26] [World] [World Server] Setting to 'nro' (34:0)
[07-30-2021 :: 16:46:27] [World] [World Server] Setting to 'ecommons' (22:0)
