[08-14-2021 :: 01:48:15] [World] [Error] Error decrypting message from client
[08-14-2021 :: 01:48:46] [World] [World Server] Setting to 'qeynos' (1:0)
[08-14-2021 :: 01:48:46] [World] [World Server] Setting to 'qeynos' (1:0)
[08-14-2021 :: 01:49:06] [World] [World Server] Setting to 'qcat' (45:0)
[08-14-2021 :: 01:49:07] [World] [World Server] Setting to 'qcat' (45:0)
[08-14-2021 :: 01:49:42] [World] [World Server] Setting to 'qeynos' (1:0)
[08-14-2021 :: 01:53:48] [World] [World Server] Setting to 'qcat' (45:0)
[08-14-2021 :: 01:53:58] [World] [World Server] Setting to 'qeynos' (1:0)
[08-14-2021 :: 01:54:10] [World] [World Server] Setting to 'qcat' (45:0)
[08-14-2021 :: 01:54:23] [World] [World Server] Setting to 'qeynos' (1:0)
[08-14-2021 :: 01:54:48] [World] [World Server] Setting to 'qcat' (45:0)
[08-14-2021 :: 01:54:56] [World] [World Server] Setting to 'qeynos' (1:0)
[08-14-2021 :: 01:55:04] [World] [World Server] Setting to 'qcat' (45:0)
[08-14-2021 :: 01:55:11] [World] [World Server] Setting to 'qeynos' (1:0)
[08-14-2021 :: 01:55:17] [World] [World Server] Setting to 'qcat' (45:0)
[08-14-2021 :: 01:55:23] [World] [World Server] Setting to 'qeynos' (1:0)
[08-14-2021 :: 01:55:31] [World] [World Server] Setting to 'qcat' (45:0)
[08-14-2021 :: 01:55:42] [World] [World Server] Setting to 'qeynos' (1:0)
[08-14-2021 :: 01:55:51] [World] [World Server] Setting to 'qcat' (45:0)
[08-14-2021 :: 01:55:57] [World] [World Server] Setting to 'qeynos' (1:0)
[08-14-2021 :: 01:56:54] [World] [World Server] Setting to 'qcat' (45:0)
[08-14-2021 :: 01:57:02] [World] [World Server] Setting to 'qeynos' (1:0)
[08-14-2021 :: 01:57:08] [World] [World Server] Setting to 'qcat' (45:0)
[08-14-2021 :: 01:57:19] [World] [World Server] Setting to 'qeynos' (1:0)
[08-14-2021 :: 01:57:49] [World] [World Server] Setting to 'qcat' (45:0)
[08-14-2021 :: 01:58:00] [World] [World Server] Setting to 'qeynos' (1:0)
[08-14-2021 :: 01:58:15] [World] [World Server] Setting to 'qcat' (45:0)
[08-14-2021 :: 01:58:27] [World] [World Server] Setting to 'qeynos' (1:0)
[08-14-2021 :: 01:58:54] [World] [World Server] Setting to 'qcat' (45:0)
[08-14-2021 :: 01:59:07] [World] [World Server] Setting to 'qeynos' (1:0)
[08-14-2021 :: 11:31:23] [World] [World Server] Setting to 'qeynos' (1:0)
[08-14-2021 :: 11:31:23] [World] [World Server] Setting to 'qeynos' (1:0)
[08-14-2021 :: 11:31:45] [World] [World Server] Setting to 'qcat' (45:0)
[08-14-2021 :: 11:31:46] [World] [World Server] Setting to 'qcat' (45:0)
[08-14-2021 :: 11:36:02] [World] [World Server] Setting to 'qeynos' (1:0)
[08-14-2021 :: 11:41:31] [World] [World Server] Setting to 'qcat' (45:0)
[08-14-2021 :: 11:41:53] [World] [World Server] Setting to 'qeynos' (1:0)
[08-14-2021 :: 11:42:08] [World] [World Server] Setting to 'qcat' (45:0)
[08-14-2021 :: 11:42:36] [World] [World Server] Setting to 'qeynos' (1:0)
[08-14-2021 :: 11:59:43] [World] [World Server] Setting to 'qeynos' (1:0)
[08-14-2021 :: 21:36:45] [World] [World Server] Setting to 'qeynos' (1:0)
[08-14-2021 :: 21:36:45] [World] [World Server] Setting to 'qeynos' (1:0)
[08-14-2021 :: 21:40:15] [World] [World Server] Setting to 'qcat' (45:0)
[08-14-2021 :: 21:40:16] [World] [World Server] Setting to 'qcat' (45:0)
[08-14-2021 :: 21:40:51] [World] [World Server] Setting to 'qeynos' (1:0)
[08-14-2021 :: 21:41:05] [World] [World Server] Setting to 'qcat' (45:0)
[08-14-2021 :: 21:42:17] [World] [World Server] Setting to 'qrg' (3:0)
[08-14-2021 :: 21:42:18] [World] [World Server] Setting to 'qrg' (3:0)
[08-14-2021 :: 21:43:14] [World] [World Server] Setting to 'qeynos' (1:0)
[08-14-2021 :: 21:49:25] [World] [World Server] Setting to 'qcat' (45:0)
[08-14-2021 :: 21:49:29] [World] [World Server] Setting to 'qeynos' (1:0)
[08-14-2021 :: 21:50:10] [World] [World Server] Setting to 'qcat' (45:0)
[08-14-2021 :: 21:50:14] [World] [World Server] Setting to 'qeynos' (1:0)
[08-14-2021 :: 21:50:23] [World] [World Server] Setting to 'qcat' (45:0)
[08-14-2021 :: 21:50:30] [World] [World Server] Setting to 'qeynos' (1:0)
[08-14-2021 :: 21:50:57] [World] [World Server] Setting to 'qcat' (45:0)
[08-14-2021 :: 21:51:01] [World] [World Server] Setting to 'qeynos' (1:0)
[08-14-2021 :: 21:51:12] [World] [World Server] Setting to 'qcat' (45:0)
[08-14-2021 :: 21:51:18] [World] [World Server] Setting to 'qeynos' (1:0)
[08-14-2021 :: 21:52:35] [World] [World Server] Setting to 'qcat' (45:0)
[08-14-2021 :: 21:52:51] [World] [World Server] Setting to 'qeynos' (1:0)
[08-14-2021 :: 21:53:07] [World] [World Server] Setting to 'qcat' (45:0)
[08-14-2021 :: 21:53:39] [World] [World Server] Setting to 'qeynos' (1:0)
[08-14-2021 :: 21:54:00] [World] [World Server] Setting to 'qcat' (45:0)
[08-14-2021 :: 21:54:14] [World] [World Server] Setting to 'qeynos' (1:0)
[08-14-2021 :: 21:55:10] [World] [World Server] Setting to 'qcat' (45:0)
[08-14-2021 :: 21:55:39] [World] [World Server] Setting to 'qeynos' (1:0)
[08-14-2021 :: 21:56:12] [World] [World Server] Setting to 'qcat' (45:0)
[08-14-2021 :: 21:56:37] [World] [World Server] Setting to 'qeynos' (1:0)
[08-14-2021 :: 21:59:09] [World] [World Server] Setting to 'qcat' (45:0)
[08-14-2021 :: 21:59:29] [World] [World Server] Setting to 'qeynos' (1:0)
[08-14-2021 :: 21:59:36] [World] [World Server] Setting to 'qcat' (45:0)
[08-14-2021 :: 21:59:40] [World] [World Server] Setting to 'qeynos' (1:0)
[08-14-2021 :: 22:01:04] [World] [World Server] Setting to 'qcat' (45:0)
[08-14-2021 :: 22:01:50] [World] [World Server] Setting to 'qeynos' (1:0)
[08-14-2021 :: 22:04:55] [World] [World Server] Setting to 'qcat' (45:0)
[08-14-2021 :: 22:10:59] [World] [World Server] Setting to 'qeynos' (1:0)
[08-14-2021 :: 22:12:29] [World] [World Server] Setting to 'qcat' (45:0)
[08-14-2021 :: 22:14:47] [World] [World Server] Setting to 'qeynos' (1:0)
[08-14-2021 :: 22:16:25] [World] [World Server] Setting to 'qcat' (45:0)
[08-14-2021 :: 22:19:30] [World] [World Server] Setting to 'qeynos' (1:0)
[08-14-2021 :: 22:21:10] [World] [World Server] Setting to 'qcat' (45:0)
[08-14-2021 :: 22:22:59] [World] [World Server] Setting to 'qeynos' (1:0)
[08-14-2021 :: 22:23:07] [World] [World Server] Setting to 'qcat' (45:0)
[08-14-2021 :: 22:23:13] [World] [World Server] Setting to 'qeynos' (1:0)
[08-14-2021 :: 22:24:04] [World] [World Server] Setting to 'qcat' (45:0)
[08-14-2021 :: 22:24:22] [World] [World Server] Setting to 'qeynos' (1:0)
[08-14-2021 :: 22:29:44] [World] [World Server] Setting to 'qcat' (45:0)
[08-14-2021 :: 22:30:16] [World] [World Server] Setting to 'qeynos' (1:0)
[08-14-2021 :: 22:31:02] [World] [World Server] Setting to 'qeynos2' (2:0)
[08-14-2021 :: 22:31:02] [World] [World Server] Setting to 'qeynos2' (2:0)
[08-14-2021 :: 22:32:54] [World] [World Server] Setting to 'qcat' (45:0)
[08-14-2021 :: 22:33:32] [World] [World Server] Setting to 'qeynos2' (2:0)
[08-14-2021 :: 22:33:44] [World] [World Server] Setting to 'qcat' (45:0)
[08-14-2021 :: 22:34:04] [World] [World Server] Setting to 'qeynos2' (2:0)
[08-14-2021 :: 22:34:17] [World] [World Server] Setting to 'qcat' (45:0)
[08-14-2021 :: 22:35:22] [World] [World Server] Setting to 'qeynos2' (2:0)
[08-14-2021 :: 22:35:30] [World] [World Server] Setting to 'qcat' (45:0)
[08-14-2021 :: 22:35:46] [World] [World Server] Setting to 'qeynos2' (2:0)
[08-14-2021 :: 22:36:02] [World] [World Server] Setting to 'qcat' (45:0)
[08-14-2021 :: 22:36:42] [World] [World Server] Setting to 'qeynos2' (2:0)
[08-14-2021 :: 22:37:43] [World] [World Server] Setting to 'qcat' (45:0)
[08-14-2021 :: 22:37:51] [World] [World Server] Setting to 'qeynos2' (2:0)
[08-14-2021 :: 22:38:18] [World] [World Server] Setting to 'qcat' (45:0)
[08-14-2021 :: 22:39:14] [World] [World Server] Setting to 'qeynos2' (2:0)
[08-14-2021 :: 22:40:18] [World] [World Server] Setting to 'qcat' (45:0)
[08-14-2021 :: 22:40:18] [World] [World Server] Setting to 'qcat' (45:0)
[08-14-2021 :: 22:40:18] [World] [World Server] Setting to 'qcat' (45:0)
[08-14-2021 :: 22:40:28] [World] [World Server] Setting to 'qeynos2' (2:0)
[08-14-2021 :: 22:40:39] [World] [World Server] Setting to 'qcat' (45:0)
[08-14-2021 :: 22:40:51] [World] [World Server] Setting to 'qeynos2' (2:0)
[08-14-2021 :: 22:40:56] [World] [World Server] Setting to 'qcat' (45:0)
[08-14-2021 :: 22:41:02] [World] [World Server] Setting to 'qeynos2' (2:0)
[08-14-2021 :: 22:42:44] [World] [World Server] Setting to 'qcat' (45:0)
[08-14-2021 :: 22:43:01] [World] [World Server] Setting to 'qeynos2' (2:0)
[08-14-2021 :: 22:43:08] [World] [World Server] Setting to 'qcat' (45:0)
[08-14-2021 :: 22:43:15] [World] [World Server] Setting to 'qeynos2' (2:0)
[08-14-2021 :: 22:44:28] [World] [World Server] Setting to 'qcat' (45:0)
[08-14-2021 :: 22:45:45] [World] [World Server] Setting to 'qeynos2' (2:0)
[08-14-2021 :: 22:47:09] [World] [World Server] Setting to 'qcat' (45:0)
[08-14-2021 :: 22:47:34] [World] [World Server] Setting to 'qeynos2' (2:0)
[08-14-2021 :: 22:47:47] [World] [World Server] Setting to 'qcat' (45:0)
[08-14-2021 :: 22:48:17] [World] [World Server] Setting to 'qeynos2' (2:0)
[08-14-2021 :: 22:48:23] [World] [World Server] Setting to 'qcat' (45:0)
[08-14-2021 :: 22:48:28] [World] [World Server] Setting to 'qeynos2' (2:0)
[08-14-2021 :: 22:49:24] [World] [World Server] Setting to 'qcat' (45:0)
[08-14-2021 :: 22:50:10] [World] [World Server] Setting to 'qeynos2' (2:0)
[08-14-2021 :: 22:50:16] [World] [World Server] Setting to 'qcat' (45:0)
[08-14-2021 :: 22:50:21] [World] [World Server] Setting to 'qeynos2' (2:0)
[08-14-2021 :: 22:51:11] [World] [World Server] Setting to 'qcat' (45:0)
[08-14-2021 :: 22:51:23] [World] [World Server] Setting to 'qeynos2' (2:0)
[08-14-2021 :: 22:52:50] [World] [World Server] Setting to 'qcat' (45:0)
[08-14-2021 :: 22:53:05] [World] [World Server] Setting to 'qeynos2' (2:0)
[08-14-2021 :: 22:53:11] [World] [World Server] Setting to 'qcat' (45:0)
[08-14-2021 :: 22:53:16] [World] [World Server] Setting to 'qeynos2' (2:0)
[08-14-2021 :: 22:59:39] [World] [World Server] Setting to 'qcat' (45:0)
[08-14-2021 :: 22:59:48] [World] [World Server] Setting to 'qeynos2' (2:0)
[08-14-2021 :: 22:59:56] [World] [World Server] Setting to 'qcat' (45:0)
[08-14-2021 :: 23:00:45] [World] [World Server] Setting to 'qeynos2' (2:0)
[08-14-2021 :: 23:01:41] [World] [World Server] Setting to 'qcat' (45:0)
[08-14-2021 :: 23:01:54] [World] [World Server] Setting to 'qeynos2' (2:0)
[08-14-2021 :: 23:02:42] [World] [World Server] Setting to 'qcat' (45:0)
[08-14-2021 :: 23:03:23] [World] [World Server] Setting to 'qeynos2' (2:0)
[08-14-2021 :: 23:03:30] [World] [World Server] Setting to 'qcat' (45:0)
[08-14-2021 :: 23:03:35] [World] [World Server] Setting to 'qeynos2' (2:0)
[08-14-2021 :: 23:05:04] [World] [World Server] Setting to 'qeynos' (1:0)
[08-14-2021 :: 23:05:04] [World] [World Server] Setting to 'qeynos' (1:0)
[08-14-2021 :: 23:10:12] [World] [World Server] Setting to 'qcat' (45:0)
[08-14-2021 :: 23:10:19] [World] [World Server] Setting to 'qeynos' (1:0)
[08-14-2021 :: 23:10:25] [World] [World Server] Setting to 'qcat' (45:0)
[08-14-2021 :: 23:10:31] [World] [World Server] Setting to 'qeynos' (1:0)
[08-14-2021 :: 23:10:39] [World] [World Server] Setting to 'qcat' (45:0)
[08-14-2021 :: 23:11:37] [World] [World Server] Setting to 'qeynos' (1:0)
[08-14-2021 :: 23:13:08] [World] [World Server] Setting to 'qcat' (45:0)
[08-14-2021 :: 23:13:27] [World] [World Server] Setting to 'qeynos' (1:0)
[08-14-2021 :: 23:13:56] [World] [World Server] Setting to 'qcat' (45:0)
[08-14-2021 :: 23:14:51] [World] [World Server] Setting to 'qeynos' (1:0)
[08-14-2021 :: 23:14:58] [World] [World Server] Setting to 'qcat' (45:0)
[08-14-2021 :: 23:15:09] [World] [World Server] Setting to 'qeynos' (1:0)
[08-14-2021 :: 23:15:16] [World] [World Server] Setting to 'qcat' (45:0)
[08-14-2021 :: 23:19:13] [World] [World Server] Setting to 'qeynos' (1:0)
[08-14-2021 :: 23:21:00] [World] [World Server] Setting to 'qeytoqrg' (4:0)
[08-14-2021 :: 23:21:01] [World] [World Server] Setting to 'qeytoqrg' (4:0)
[08-14-2021 :: 23:21:50] [World] [World Server] Setting to 'qeynos2' (2:0)
[08-14-2021 :: 23:22:01] [World] [World Server] Setting to 'qeytoqrg' (4:0)
[08-15-2021 :: 08:31:58] [World] [World Server] Setting to 'qeytoqrg' (4:0)
[08-15-2021 :: 08:31:58] [World] [World Server] Setting to 'qeytoqrg' (4:0)
[08-15-2021 :: 08:37:02] [World] [World Server] Setting to 'qeytoqrg' (4:0)
[08-15-2021 :: 08:40:31] [World] [World Server] Setting to 'qeytoqrg' (4:0)
[08-15-2021 :: 08:52:53] [World] [World Server] Setting to 'qeytoqrg' (4:0)
[08-15-2021 :: 08:53:46] [World] [World Server] Setting to 'qeytoqrg' (4:0)
[08-15-2021 :: 08:54:59] [World] [World Server] Setting to 'qeytoqrg' (4:0)
[08-15-2021 :: 08:55:51] [World] [World Server] Setting to 'qeytoqrg' (4:0)
[08-15-2021 :: 08:56:56] [World] [World Server] Setting to 'qeytoqrg' (4:0)
[08-15-2021 :: 08:57:55] [World] [World Server] Setting to 'qeytoqrg' (4:0)
[08-15-2021 :: 09:06:25] [World] [World Server] Setting to 'qeytoqrg' (4:0)
[08-15-2021 :: 09:06:38] [World] [World Server] Setting to 'qcat' (45:0)
[08-15-2021 :: 09:06:40] [World] [World Server] Setting to 'qcat' (45:0)
[08-15-2021 :: 09:14:30] [World] [World Server] Setting to 'qeynos' (1:0)
[08-15-2021 :: 09:14:32] [World] [World Server] Setting to 'qeynos' (1:0)
[08-15-2021 :: 09:15:19] [World] [World Server] Setting to 'qeynos2' (2:0)
[08-15-2021 :: 09:15:20] [World] [World Server] Setting to 'qeynos2' (2:0)
[08-15-2021 :: 09:15:31] [World] [World Server] Setting to 'qcat' (45:0)
