[09-06-2021 :: 06:36:01] [World] [Error] Error decrypting message from client
[09-06-2021 :: 06:36:01] [World] [Error] Error decrypting message from client
[09-06-2021 :: 13:25:22] [World] [World Server] Setting to 'nro' (34:0)
[09-06-2021 :: 13:25:22] [World] [World Server] Setting to 'nro' (34:0)
[09-06-2021 :: 13:25:27] [World] [World Server] Setting to 'ecommons' (22:0)
[09-06-2021 :: 13:25:28] [World] [World Server] Setting to 'ecommons' (22:0)
[09-07-2021 :: 18:03:53] [World] [MySQL Error] [1364] [Field 'public_note' doesn't have a default value]
[INSERT INTO `guild_members` SET `char_id` = 7233, `guild_id` = '1']
[09-07-2021 :: 18:03:53] [World] [World Server] Race: 6  Class: 2  Gender: 1  Deity: 206  Start zone: 5  Tutorial: true
[09-07-2021 :: 18:03:53] [World] [World Server]  90   75   90   75   93   99   60     582
[09-07-2021 :: 18:03:53] [World] [World Server] Current location: neriakc (42)  -774.00, 405.00, -52.84, 200.00
[09-07-2021 :: 18:03:53] [World] [World Server] Bind location: (null) (0) 0.00, 0.00, 0.00
[09-07-2021 :: 18:03:53] [World] [World Server] Home location: neriakc (42) -774.00, 405.00, -52.84
[09-07-2021 :: 18:03:53] [World] [World Server] Setting to 'neriakc' (42:0)
[09-07-2021 :: 18:03:54] [World] [World Server] Setting to 'neriakc' (42:0)
[09-07-2021 :: 18:06:45] [World] [World Server] Setting to 'neriaka' (40:0)
[09-07-2021 :: 18:06:46] [World] [World Server] Setting to 'neriaka' (40:0)
[09-07-2021 :: 18:06:56] [World] [World Server] Setting to 'nektulos' (25:0)
[09-07-2021 :: 18:06:56] [World] [World Server] Setting to 'nektulos' (25:0)
[09-07-2021 :: 18:07:02] [World] [World Server] Setting to 'neriaka' (40:0)
[09-07-2021 :: 18:07:07] [World] [World Server] Setting to 'nektulos' (25:0)
[09-07-2021 :: 18:07:28] [World] [World Server] Setting to 'neriakb' (41:0)
[09-07-2021 :: 18:07:30] [World] [World Server] Setting to 'neriakb' (41:0)
[09-07-2021 :: 18:07:44] [World] [World Server] Setting to 'neriaka' (40:0)
[09-07-2021 :: 18:07:50] [World] [World Server] Setting to 'neriakb' (41:0)
[09-07-2021 :: 18:07:56] [World] [World Server] Setting to 'neriaka' (40:0)
[09-07-2021 :: 18:10:28] [World] [World Server] Setting to 'neriakb' (41:0)
[09-07-2021 :: 18:11:14] [World] [World Server] Setting to 'neriaka' (40:0)
[09-07-2021 :: 18:12:41] [World] [World Server] Setting to 'neriakb' (41:0)
[09-07-2021 :: 18:15:14] [World] [World Server] Setting to 'neriaka' (40:0)
[09-07-2021 :: 18:15:51] [World] [World Server] Setting to 'neriakb' (41:0)
[09-07-2021 :: 18:16:01] [World] [World Server] Setting to 'neriaka' (40:0)
[09-07-2021 :: 18:16:06] [World] [World Server] Setting to 'neriakb' (41:0)
[09-07-2021 :: 18:16:12] [World] [World Server] Setting to 'neriaka' (40:0)
[09-07-2021 :: 18:16:19] [World] [World Server] Setting to 'neriakb' (41:0)
[09-07-2021 :: 18:16:27] [World] [World Server] Setting to 'neriaka' (40:0)
[09-07-2021 :: 18:28:38] [World] [World Server] Setting to 'neriakb' (41:0)
[09-07-2021 :: 18:29:47] [World] [World Server] Setting to 'neriaka' (40:0)
[09-07-2021 :: 18:31:14] [World] [World Server] Setting to 'neriakb' (41:0)
[09-07-2021 :: 18:33:03] [World] [World Server] Setting to 'neriaka' (40:0)
[09-07-2021 :: 18:33:19] [World] [World Server] Setting to 'neriakb' (41:0)
[09-07-2021 :: 18:33:42] [World] [World Server] Setting to 'neriaka' (40:0)
[09-07-2021 :: 18:35:12] [World] [World Server] Setting to 'neriakb' (41:0)
[09-07-2021 :: 18:36:07] [World] [World Server] Setting to 'neriaka' (40:0)
[09-07-2021 :: 18:36:12] [World] [World Server] Setting to 'neriakb' (41:0)
[09-07-2021 :: 18:47:47] [World] [World Server] Setting to 'neriaka' (40:0)
[09-07-2021 :: 18:49:28] [World] [World Server] Setting to 'neriakb' (41:0)
[09-07-2021 :: 18:52:45] [World] [World Server] Setting to 'neriaka' (40:0)
[09-07-2021 :: 18:54:54] [World] [World Server] Setting to 'neriakb' (41:0)
[09-07-2021 :: 19:07:02] [World] [World Server] Setting to 'neriakb' (41:0)
[09-07-2021 :: 19:14:07] [World] [World Server] Setting to 'neriaka' (40:0)
[09-07-2021 :: 19:14:08] [World] [World Server] Setting to 'neriaka' (40:0)
[09-07-2021 :: 19:17:14] [World] [World Server] Setting to 'neriakb' (41:0)
[09-07-2021 :: 19:20:28] [World] [World Server] Setting to 'neriaka' (40:0)
[09-07-2021 :: 19:24:06] [World] [World Server] Setting to 'neriakb' (41:0)
[09-07-2021 :: 19:24:54] [World] [World Server] Setting to 'neriaka' (40:0)
[09-07-2021 :: 19:25:03] [World] [World Server] Setting to 'ecommons' (22:0)
[09-07-2021 :: 19:25:04] [World] [World Server] Setting to 'ecommons' (22:0)
[09-07-2021 :: 19:29:16] [World] [World Server] Setting to 'neriaka' (40:0)
[09-07-2021 :: 19:30:43] [World] [World Server] Setting to 'neriakb' (41:0)
[09-07-2021 :: 19:30:58] [World] [World Server] Setting to 'neriaka' (40:0)
[09-07-2021 :: 19:31:19] [World] [World Server] Setting to 'neriakb' (41:0)
[09-07-2021 :: 19:31:42] [World] [World Server] Setting to 'neriaka' (40:0)
[09-07-2021 :: 19:38:32] [World] [World Server] Setting to 'neriakb' (41:0)
[09-07-2021 :: 19:38:41] [World] [World Server] Setting to 'neriaka' (40:0)
[09-07-2021 :: 19:38:55] [World] [World Server] Setting to 'neriakb' (41:0)
[09-07-2021 :: 19:39:15] [World] [World Server] Setting to 'neriaka' (40:0)
[09-07-2021 :: 19:45:35] [World] [World Server] Setting to 'neriakb' (41:0)
[09-07-2021 :: 19:46:03] [World] [World Server] Setting to 'neriaka' (40:0)
[09-07-2021 :: 20:00:50] [World] [World Server] Setting to 'ecommons' (22:0)
[09-07-2021 :: 20:01:01] [World] [World Server] Setting to 'neriaka' (40:0)
[09-07-2021 :: 20:02:25] [World] [World Server] Setting to 'neriakb' (41:0)
[09-07-2021 :: 20:02:39] [World] [World Server] Setting to 'neriaka' (40:0)
[09-07-2021 :: 20:03:52] [World] [World Server] Setting to 'neriakb' (41:0)
[09-07-2021 :: 20:04:09] [World] [World Server] Setting to 'neriaka' (40:0)
[09-07-2021 :: 20:05:37] [World] [World Server] Setting to 'neriakb' (41:0)
[09-07-2021 :: 20:08:39] [World] [World Server] Setting to 'neriaka' (40:0)
[09-07-2021 :: 20:09:26] [World] [World Server] Setting to 'neriakb' (41:0)
[09-07-2021 :: 20:10:17] [World] [World Server] Setting to 'neriaka' (40:0)
[09-07-2021 :: 20:19:45] [World] [World Server] Setting to 'neriakb' (41:0)
[09-07-2021 :: 20:20:05] [World] [World Server] Setting to 'neriaka' (40:0)
[09-07-2021 :: 20:49:43] [World] [World Server] Setting to 'neriaka' (40:0)
[09-07-2021 :: 20:51:24] [World] [World Server] Setting to 'neriakb' (41:0)
[09-07-2021 :: 20:52:18] [World] [World Server] Setting to 'neriaka' (40:0)
[09-07-2021 :: 20:55:05] [World] [World Server] Setting to 'neriakb' (41:0)
[09-07-2021 :: 20:56:30] [World] [World Server] Setting to 'neriaka' (40:0)
[09-07-2021 :: 20:57:00] [World] [World Server] Setting to 'neriakb' (41:0)
[09-07-2021 :: 20:57:55] [World] [World Server] Setting to 'neriaka' (40:0)
[09-07-2021 :: 21:00:38] [World] [World Server] Setting to 'neriakb' (41:0)
[09-07-2021 :: 21:00:52] [World] [World Server] Setting to 'neriaka' (40:0)
[09-07-2021 :: 21:01:05] [World] [World Server] Setting to 'neriakb' (41:0)
[09-07-2021 :: 21:01:27] [World] [World Server] Setting to 'neriaka' (40:0)
[09-07-2021 :: 21:01:39] [World] [World Server] Setting to 'neriakb' (41:0)
[09-07-2021 :: 21:02:16] [World] [World Server] Setting to 'neriaka' (40:0)
[09-07-2021 :: 21:08:02] [World] [World Server] Setting to 'neriakb' (41:0)
[09-07-2021 :: 21:08:03] [World] [World Server] Setting to 'neriakb' (41:0)
[09-07-2021 :: 21:08:19] [World] [World Server] Setting to 'neriaka' (40:0)
[09-07-2021 :: 21:08:23] [World] [World Server] Setting to 'neriakb' (41:0)
[09-07-2021 :: 21:09:50] [World] [World Server] Setting to 'neriaka' (40:0)
[09-07-2021 :: 21:09:55] [World] [World Server] Setting to 'neriakb' (41:0)
[09-07-2021 :: 21:10:27] [World] [World Server] Setting to 'neriaka' (40:0)
[09-07-2021 :: 21:12:33] [World] [World Server] Setting to 'neriakb' (41:0)
[09-07-2021 :: 21:12:43] [World] [World Server] Setting to 'neriaka' (40:0)
[09-07-2021 :: 21:13:50] [World] [World Server] Setting to 'neriakb' (41:0)
[09-07-2021 :: 21:15:26] [World] [World Server] Setting to 'neriaka' (40:0)
[09-07-2021 :: 21:15:26] [World] [World Server] Setting to 'neriaka' (40:0)
[09-07-2021 :: 21:15:26] [World] [World Server] Setting to 'neriaka' (40:0)
[09-07-2021 :: 21:15:41] [World] [World Server] Setting to 'neriakb' (41:0)
[09-07-2021 :: 21:16:10] [World] [World Server] Setting to 'neriaka' (40:0)
[09-07-2021 :: 21:16:18] [World] [World Server] Setting to 'neriakb' (41:0)
[09-07-2021 :: 21:16:23] [World] [World Server] Setting to 'neriaka' (40:0)
[09-07-2021 :: 21:16:29] [World] [World Server] Setting to 'neriakb' (41:0)
[09-07-2021 :: 21:16:33] [World] [World Server] Setting to 'neriaka' (40:0)
[09-07-2021 :: 21:16:42] [World] [World Server] Setting to 'neriakb' (41:0)
[09-07-2021 :: 21:16:48] [World] [World Server] Setting to 'neriaka' (40:0)
[09-07-2021 :: 21:17:50] [World] [World Server] Setting to 'neriakb' (41:0)
[09-07-2021 :: 21:18:06] [World] [World Server] Setting to 'neriaka' (40:0)
[09-07-2021 :: 21:19:03] [World] [World Server] Setting to 'neriakb' (41:0)
[09-07-2021 :: 21:21:00] [World] [World Server] Setting to 'neriaka' (40:0)
[09-07-2021 :: 21:21:26] [World] [World Server] Setting to 'neriakb' (41:0)
[09-07-2021 :: 21:21:50] [World] [World Server] Setting to 'neriaka' (40:0)
[09-07-2021 :: 21:26:27] [World] [World Server] Setting to 'neriakb' (41:0)
[09-07-2021 :: 21:30:25] [World] [World Server] Setting to 'neriakc' (42:0)
[09-07-2021 :: 21:30:26] [World] [World Server] Setting to 'neriakc' (42:0)
[09-07-2021 :: 21:30:31] [World] [World Server] Setting to 'neriakb' (41:0)
[09-07-2021 :: 21:31:35] [World] [World Server] Setting to 'neriakc' (42:0)
[09-07-2021 :: 21:32:03] [World] [World Server] Setting to 'neriakb' (41:0)
[09-07-2021 :: 21:33:07] [World] [World Server] Setting to 'neriakc' (42:0)
[09-07-2021 :: 21:33:22] [World] [World Server] Setting to 'neriakb' (41:0)
[09-07-2021 :: 21:33:58] [World] [World Server] Setting to 'neriakc' (42:0)
[09-07-2021 :: 21:35:13] [World] [World Server] Setting to 'neriakb' (41:0)
[09-07-2021 :: 21:35:24] [World] [World Server] Setting to 'neriakc' (42:0)
[09-07-2021 :: 21:35:29] [World] [World Server] Setting to 'neriakb' (41:0)
