[08-22-2021 :: 10:32:35] [World] [Error] Error decrypting message from client
[08-22-2021 :: 10:32:35] [World] [Error] Error decrypting message from client
[08-22-2021 :: 10:32:35] [World] [Error] Error decrypting message from client
[08-22-2021 :: 10:32:35] [World] [Error] Error decrypting message from client
[08-23-2021 :: 12:39:18] [World] [MySQL Error] [1364] [Field 'public_note' doesn't have a default value]
[INSERT INTO `guild_members` SET `char_id` = 7136, `guild_id` = '1']
[08-23-2021 :: 12:39:18] [World] [World Server] Race: 7  Class: 9  Gender: 1  Deity: 396  Start zone: 1  Tutorial: false
[08-23-2021 :: 12:39:18] [World] [World Server]  95   75  100   95   60   75   75     575
[08-23-2021 :: 12:39:18] [World] [World Server] Current location: qeynos2 (2)  168.00, 31.00, -29.56, 192.00
[08-23-2021 :: 12:39:18] [World] [World Server] Bind location: qeynos2 (2) 168.00, 31.00, -29.56
[08-23-2021 :: 12:39:18] [World] [World Server] Home location: qeynos2 (2) 168.00, 31.00, -29.56
[08-23-2021 :: 12:39:21] [World] [World Server] Setting to 'qeynos2' (2:0)
[08-23-2021 :: 12:39:21] [World] [World Server] Setting to 'qeynos2' (2:0)
[08-23-2021 :: 12:42:03] [World] [World Server] Setting to 'qeynos2' (2:0)
[08-23-2021 :: 12:42:24] [World] [MySQL Error] [1364] [Field 'public_note' doesn't have a default value]
[INSERT INTO `guild_members` SET `char_id` = 7137, `guild_id` = '1']
[08-23-2021 :: 12:42:24] [World] [World Server] Race: 1  Class: 3  Gender: 1  Deity: 207  Start zone: 1  Tutorial: true
[08-23-2021 :: 12:42:24] [World] [World Server] 105   80   75   75   80   75   85     575
[08-23-2021 :: 12:42:24] [World] [World Server] Current location: qeynos (1)  -509.00, -149.00, 6.75, 192.00
[08-23-2021 :: 12:42:24] [World] [World Server] Bind location: qeynos (1) -509.00, -149.00, 6.75
[08-23-2021 :: 12:42:24] [World] [World Server] Home location: qeynos (1) -509.00, -149.00, 6.75
[08-23-2021 :: 12:42:25] [World] [World Server] Setting to 'qeynos' (1:0)
[08-23-2021 :: 12:42:25] [World] [World Server] Setting to 'qeynos' (1:0)
[08-23-2021 :: 13:00:51] [World] [MySQL Error] [1364] [Field 'public_note' doesn't have a default value]
[INSERT INTO `guild_members` SET `char_id` = 7138, `guild_id` = '1']
[08-23-2021 :: 13:00:51] [World] [World Server] Race: 6  Class: 11  Gender: 1  Deity: 206  Start zone: 5  Tutorial: false
[08-23-2021 :: 13:00:51] [World] [World Server]  60   90   90   85   83  114   60     582
[08-23-2021 :: 13:00:51] [World] [World Server] Current location: neriakc (42)  -1253.00, 1255.00, -80.84, 0.00
[08-23-2021 :: 13:00:51] [World] [World Server] Bind location: neriakc (42) -1253.00, 1255.00, -80.84
[08-23-2021 :: 13:00:51] [World] [World Server] Home location: neriakc (42) -1253.00, 1255.00, -80.84
[08-23-2021 :: 13:00:54] [World] [World Server] Setting to 'neriakc' (42:0)
[08-23-2021 :: 13:00:54] [World] [World Server] Setting to 'neriakc' (42:0)
[08-24-2021 :: 04:23:08] [World] [MySQL Error] [1364] [Field 'public_note' doesn't have a default value]
[INSERT INTO `guild_members` SET `char_id` = 7139, `guild_id` = '1']
[08-24-2021 :: 04:23:08] [World] [World Server] Race: 1  Class: 7  Gender: 0  Deity: 396  Start zone: 1  Tutorial: false
[08-24-2021 :: 04:23:08] [World] [World Server]  80  100   85   85   75   75   75     575
[08-24-2021 :: 04:23:08] [World] [World Server] Current location: qeynos2 (2)  288.00, 344.00, 3.75, 64.00
[08-24-2021 :: 04:23:08] [World] [World Server] Bind location: qeynos2 (2) 288.00, 344.00, 3.75
[08-24-2021 :: 04:23:08] [World] [World Server] Home location: qeynos2 (2) 288.00, 344.00, 3.75
[08-24-2021 :: 04:23:12] [World] [World Server] Setting to 'qeynos2' (2:0)
[08-24-2021 :: 04:23:12] [World] [World Server] Setting to 'qeynos2' (2:0)
[08-24-2021 :: 04:27:53] [World] [MySQL Error] [1364] [Field 'public_note' doesn't have a default value]
[INSERT INTO `guild_members` SET `char_id` = 7140, `guild_id` = '1']
[08-24-2021 :: 04:27:54] [World] [World Server] Race: 1  Class: 2  Gender: 1  Deity: 212  Start zone: 1  Tutorial: false
[08-24-2021 :: 04:27:54] [World] [World Server]  85   80   75   75  110   75   75     575
[08-24-2021 :: 04:27:54] [World] [World Server] Current location: qeynos2 (2)  -677.00, -75.00, -10.25, 0.00
[08-24-2021 :: 04:27:54] [World] [World Server] Bind location: qeynos2 (2) -677.00, -75.00, -10.25
[08-24-2021 :: 04:27:54] [World] [World Server] Home location: qeynos2 (2) -677.00, -75.00, -10.25
[08-24-2021 :: 04:27:56] [World] [World Server] Setting to 'qeynos2' (2:0)
[08-24-2021 :: 05:35:24] [World] [MySQL Error] [1364] [Field 'public_note' doesn't have a default value]
[INSERT INTO `guild_members` SET `char_id` = 7141, `guild_id` = '1']
[08-24-2021 :: 05:35:24] [World] [World Server] Race: 6  Class: 11  Gender: 0  Deity: 206  Start zone: 5  Tutorial: false
[08-24-2021 :: 05:35:24] [World] [World Server]  60   90   90   85   83  114   60     582
[08-24-2021 :: 05:35:24] [World] [World Server] Current location: neriakc (42)  -1253.00, 1255.00, -80.84, 0.00
[08-24-2021 :: 05:35:24] [World] [World Server] Bind location: neriakc (42) -1253.00, 1255.00, -80.84
[08-24-2021 :: 05:35:24] [World] [World Server] Home location: neriakc (42) -1253.00, 1255.00, -80.84
[08-24-2021 :: 05:35:27] [World] [World Server] Setting to 'neriakc' (42:0)
[08-24-2021 :: 05:35:27] [World] [World Server] Setting to 'neriakc' (42:0)
[08-24-2021 :: 05:38:10] [World] [World Server] Setting to 'neriakb' (41:0)
[08-24-2021 :: 05:38:12] [World] [World Server] Setting to 'neriakb' (41:0)
[08-24-2021 :: 05:38:55] [World] [World Server] Setting to 'neriaka' (40:0)
[08-24-2021 :: 05:38:56] [World] [World Server] Setting to 'neriaka' (40:0)
[08-24-2021 :: 05:40:02] [World] [World Server] Setting to 'nektulos' (25:0)
[08-24-2021 :: 05:40:03] [World] [World Server] Setting to 'nektulos' (25:0)
[08-24-2021 :: 09:31:37] [World] [World Server] Setting to 'lavastorm' (27:0)
[08-24-2021 :: 09:31:37] [World] [World Server] Setting to 'lavastorm' (27:0)
[08-24-2021 :: 09:32:15] [World] [World Server] Setting to 'qeytoqrg' (4:0)
[08-24-2021 :: 09:32:15] [World] [World Server] Setting to 'qeytoqrg' (4:0)
[08-24-2021 :: 09:33:09] [World] [World Server] Setting to 'qeytoqrg' (4:0)
[08-24-2021 :: 09:35:49] [World] [World Server] Setting to 'blackburrow' (17:0)
[08-24-2021 :: 09:35:50] [World] [World Server] Setting to 'blackburrow' (17:0)
[08-24-2021 :: 09:37:00] [World] [World Server] Setting to 'qeynos2' (2:0)
[08-24-2021 :: 09:37:02] [World] [World Server] Setting to 'qeynos2' (2:0)
[08-24-2021 :: 09:45:33] [World] [World Server] Setting to 'qeytoqrg' (4:0)
[08-24-2021 :: 09:46:07] [World] [World Server] Setting to 'qrg' (3:0)
[08-24-2021 :: 09:46:08] [World] [World Server] Setting to 'qrg' (3:0)
[08-24-2021 :: 09:47:22] [World] [World Server] Setting to 'qeytoqrg' (4:0)
[08-24-2021 :: 10:05:32] [World] [MySQL Error] [1364] [Field 'public_note' doesn't have a default value]
[INSERT INTO `guild_members` SET `char_id` = 7142, `guild_id` = '1']
[08-24-2021 :: 10:05:32] [World] [World Server] Race: 10  Class: 1  Gender: 1  Deity: 203  Start zone: 7  Tutorial: true
[08-24-2021 :: 10:05:32] [World] [World Server] 150  147   75   70   67   60   37     606
[08-24-2021 :: 10:05:32] [World] [World Server] Current location: oggok (49)  71.00, -2.00, -25.00, 0.00
[08-24-2021 :: 10:05:32] [World] [World Server] Bind location: oggok (49) 71.00, -2.00, -25.00
[08-24-2021 :: 10:05:32] [World] [World Server] Home location: oggok (49) 71.00, -2.00, -25.00
[08-24-2021 :: 10:05:32] [World] [World Server] Setting to 'oggok' (49:0)
[08-24-2021 :: 10:05:32] [World] [World Server] Setting to 'oggok' (49:0)
[08-24-2021 :: 11:48:37] [World] [World Server] Setting to 'runnyeye' (11:0)
[08-24-2021 :: 11:48:37] [World] [World Server] Setting to 'runnyeye' (11:0)
[08-24-2021 :: 11:49:57] [World] [MySQL Error] [1364] [Field 'public_note' doesn't have a default value]
[INSERT INTO `guild_members` SET `char_id` = 7143, `guild_id` = '1']
[08-24-2021 :: 11:49:58] [World] [World Server] Race: 8  Class: 1  Gender: 0  Deity: 396  Start zone: 8  Tutorial: true
[08-24-2021 :: 11:49:58] [World] [World Server] 100  100  100   90   83   60   45     578
[08-24-2021 :: 11:49:58] [World] [World Server] Current location: kaladima (60)  304.00, 41.00, 14.50, 0.00
[08-24-2021 :: 11:49:58] [World] [World Server] Bind location: kaladima (60) 304.00, 41.00, 14.50
[08-24-2021 :: 11:49:58] [World] [World Server] Home location: kaladima (60) 304.00, 41.00, 14.50
[08-24-2021 :: 11:49:58] [World] [World Server] Setting to 'kaladima' (60:0)
[08-24-2021 :: 11:49:58] [World] [World Server] Setting to 'kaladima' (60:0)
[08-24-2021 :: 11:52:17] [World] [World Server] Setting to 'gfaydark' (54:0)
[08-24-2021 :: 11:52:17] [World] [World Server] Setting to 'gfaydark' (54:0)
[08-24-2021 :: 11:52:43] [World] [World Server] Setting to 'butcher' (68:0)
[08-24-2021 :: 11:52:45] [World] [World Server] Setting to 'butcher' (68:0)
[08-24-2021 :: 11:56:36] [World] [World Server] Setting to 'qeynos2' (2:0)
[08-24-2021 :: 11:56:36] [World] [World Server] Setting to 'qeynos2' (2:0)
[08-24-2021 :: 11:56:38] [World] [World Server] Setting to 'qeynos2' (2:0)
[08-24-2021 :: 12:10:57] [World] [World Server] Setting to 'lavastorm' (27:0)
[08-24-2021 :: 12:10:57] [World] [World Server] Setting to 'lavastorm' (27:0)
