[08-25-2021 :: 01:02:14] [World] [MySQL Error] [1364] [Field 'public_note' doesn't have a default value]
[INSERT INTO `guild_members` SET `char_id` = 7166, `guild_id` = '1']
[08-25-2021 :: 01:02:15] [World] [World Server] Race: 3  Class: 13  Gender: 1  Deity: 396  Start zone: 0  Tutorial: true
[08-25-2021 :: 01:02:15] [World] [World Server]  85   85   70   70   83  117   70     580
[08-25-2021 :: 01:02:15] [World] [World Server] Current location: erudnint (23)  920.00, 716.00, 83.72, 0.00
[08-25-2021 :: 01:02:15] [World] [World Server] Bind location: (null) (0) 0.00, 0.00, 0.00
[08-25-2021 :: 01:02:15] [World] [World Server] Home location: erudnint (23) 920.00, 716.00, 83.72
[08-25-2021 :: 01:02:15] [World] [World Server] Setting to 'erudnint' (23:0)
[08-25-2021 :: 01:02:15] [World] [World Server] Setting to 'erudnint' (23:0)
[08-25-2021 :: 01:04:14] [World] [MySQL Error] [1364] [Field 'public_note' doesn't have a default value]
[INSERT INTO `guild_members` SET `char_id` = 7167, `guild_id` = '1']
[08-25-2021 :: 01:04:14] [World] [World Server] Race: 1  Class: 8  Gender: 0  Deity: 205  Start zone: 1  Tutorial: true
[08-25-2021 :: 01:04:14] [World] [World Server] 105   75   75   85   75   75   85     575
[08-25-2021 :: 01:04:14] [World] [World Server] Current location: qeynos (1)  -141.00, 515.00, 3.75, 128.00
[08-25-2021 :: 01:04:14] [World] [World Server] Bind location: (null) (0) 0.00, 0.00, 0.00
[08-25-2021 :: 01:04:14] [World] [World Server] Home location: qeynos (1) -141.00, 515.00, 3.75
[08-25-2021 :: 01:04:15] [World] [World Server] Setting to 'qeynos' (1:0)
[08-25-2021 :: 01:04:15] [World] [World Server] Setting to 'qeynos' (1:0)
[08-25-2021 :: 01:06:03] [World] [MySQL Error] [1364] [Field 'public_note' doesn't have a default value]
[INSERT INTO `guild_members` SET `char_id` = 7168, `guild_id` = '1']
[08-25-2021 :: 01:06:04] [World] [World Server] Race: 1  Class: 8  Gender: 1  Deity: 202  Start zone: 1  Tutorial: true
[08-25-2021 :: 01:06:04] [World] [World Server] 105   75   75   85   75   75   85     575
[08-25-2021 :: 01:06:04] [World] [World Server] Current location: qeynos (1)  -141.00, 515.00, 3.75, 128.00
[08-25-2021 :: 01:06:04] [World] [World Server] Bind location: (null) (0) 0.00, 0.00, 0.00
[08-25-2021 :: 01:06:04] [World] [World Server] Home location: qeynos (1) -141.00, 515.00, 3.75
[08-25-2021 :: 01:06:04] [World] [World Server] Setting to 'qeynos' (1:0)
[08-25-2021 :: 01:07:48] [World] [MySQL Error] [1364] [Field 'public_note' doesn't have a default value]
[INSERT INTO `guild_members` SET `char_id` = 7169, `guild_id` = '1']
[08-25-2021 :: 01:07:48] [World] [World Server] Race: 1  Class: 8  Gender: 0  Deity: 211  Start zone: 1  Tutorial: true
[08-25-2021 :: 01:07:48] [World] [World Server] 105   75   75   85   75   75   85     575
[08-25-2021 :: 01:07:48] [World] [World Server] Current location: qeynos (1)  -141.00, 515.00, 3.75, 128.00
[08-25-2021 :: 01:07:48] [World] [World Server] Bind location: (null) (0) 0.00, 0.00, 0.00
[08-25-2021 :: 01:07:48] [World] [World Server] Home location: qeynos (1) -141.00, 515.00, 3.75
[08-25-2021 :: 01:07:49] [World] [World Server] Setting to 'qeynos' (1:0)
[08-25-2021 :: 01:09:07] [World] [MySQL Error] [1364] [Field 'public_note' doesn't have a default value]
[INSERT INTO `guild_members` SET `char_id` = 7170, `guild_id` = '1']
[08-25-2021 :: 01:09:08] [World] [World Server] Race: 1  Class: 2  Gender: 0  Deity: 206  Start zone: 4  Tutorial: true
[08-25-2021 :: 01:09:08] [World] [World Server] 105   85   75   75   85   75   75     575
[08-25-2021 :: 01:09:08] [World] [World Server] Current location: freporte (10)  -199.00, -30.00, -94.22, 0.00
[08-25-2021 :: 01:09:08] [World] [World Server] Bind location: (null) (0) 0.00, 0.00, 0.00
[08-25-2021 :: 01:09:08] [World] [World Server] Home location: freporte (10) -199.00, -30.00, -94.22
[08-25-2021 :: 01:09:08] [World] [World Server] Setting to 'freporte' (10:0)
[08-25-2021 :: 01:09:08] [World] [World Server] Setting to 'freporte' (10:0)
[08-25-2021 :: 01:12:13] [World] [MySQL Error] [1364] [Field 'public_note' doesn't have a default value]
[INSERT INTO `guild_members` SET `char_id` = 7171, `guild_id` = '1']
[08-25-2021 :: 01:12:13] [World] [World Server] Race: 1  Class: 14  Gender: 0  Deity: 206  Start zone: 4  Tutorial: true
[08-25-2021 :: 01:12:13] [World] [World Server] 100   80   75   75   75   85   85     575
[08-25-2021 :: 01:12:13] [World] [World Server] Current location: freporte (10)  -252.00, -37.00, -94.22, 0.00
[08-25-2021 :: 01:12:13] [World] [World Server] Bind location: (null) (0) 0.00, 0.00, 0.00
[08-25-2021 :: 01:12:13] [World] [World Server] Home location: freporte (10) -252.00, -37.00, -94.22
[08-25-2021 :: 01:12:13] [World] [World Server] Setting to 'freporte' (10:0)
[08-25-2021 :: 01:13:51] [World] [MySQL Error] [1364] [Field 'public_note' doesn't have a default value]
[INSERT INTO `guild_members` SET `char_id` = 7172, `guild_id` = '1']
[08-25-2021 :: 01:13:52] [World] [World Server] Race: 1  Class: 2  Gender: 1  Deity: 201  Start zone: 1  Tutorial: true
[08-25-2021 :: 01:13:52] [World] [World Server] 105   85   75   75   85   75   75     575
[08-25-2021 :: 01:13:52] [World] [World Server] Current location: qcat (45)  -625.00, 354.00, -35.25, 0.00
[08-25-2021 :: 01:13:52] [World] [World Server] Bind location: (null) (0) 0.00, 0.00, 0.00
[08-25-2021 :: 01:13:52] [World] [World Server] Home location: qcat (45) -625.00, 354.00, -35.25
[08-25-2021 :: 01:13:52] [World] [World Server] Setting to 'qcat' (45:0)
[08-25-2021 :: 01:13:52] [World] [World Server] Setting to 'qcat' (45:0)
[08-25-2021 :: 01:18:43] [World] [MySQL Error] [1364] [Field 'public_note' doesn't have a default value]
[INSERT INTO `guild_members` SET `char_id` = 7173, `guild_id` = '1']
[08-25-2021 :: 01:18:43] [World] [World Server] Race: 1  Class: 2  Gender: 1  Deity: 208  Start zone: 4  Tutorial: true
[08-25-2021 :: 01:18:43] [World] [World Server] 105   85   75   75   85   75   75     575
[08-25-2021 :: 01:18:43] [World] [World Server] Current location: freportn (8)  201.00, -126.00, 17.75, 0.00
[08-25-2021 :: 01:18:43] [World] [World Server] Bind location: (null) (0) 0.00, 0.00, 0.00
[08-25-2021 :: 01:18:43] [World] [World Server] Home location: freportn (8) 201.00, -126.00, 17.75
[08-25-2021 :: 01:18:44] [World] [World Server] Setting to 'freportn' (8:0)
[08-25-2021 :: 01:18:44] [World] [World Server] Setting to 'freportn' (8:0)
