[08-11-2021 :: 12:06:46] [World] [World Server] Setting to 'nro' (34:0)
[08-11-2021 :: 12:06:46] [World] [World Server] Setting to 'nro' (34:0)
[08-11-2021 :: 12:07:00] [World] [World Server] Setting to 'qeynos2' (2:0)
[08-11-2021 :: 12:07:01] [World] [World Server] Setting to 'qeynos2' (2:0)
[08-11-2021 :: 12:11:19] [World] [World Server] Setting to 'qeynos' (1:0)
[08-11-2021 :: 12:11:20] [World] [World Server] Setting to 'qeynos' (1:0)
[08-11-2021 :: 12:11:50] [World] [World Server] Setting to 'qeynos2' (2:0)
[08-11-2021 :: 12:13:19] [World] [World Server] Setting to 'qeynos' (1:0)
[08-11-2021 :: 12:15:19] [World] [World Server] Setting to 'nro' (34:0)
[08-11-2021 :: 12:25:34] [World] [World Server] Setting to 'nro' (34:0)
[08-11-2021 :: 12:25:56] [World] [World Server] Setting to 'qeynos2' (2:0)
[08-11-2021 :: 12:28:43] [World] [World Server] Setting to 'qeynos2' (2:0)
[08-11-2021 :: 12:30:19] [World] [World Server] Setting to 'qeynos2' (2:0)
[08-11-2021 :: 12:33:32] [World] [World Server] Setting to 'qeynos2' (2:0)
[08-11-2021 :: 12:36:26] [World] [World Server] Setting to 'qeynos2' (2:0)
[08-11-2021 :: 12:40:11] [World] [World Server] Setting to 'qeynos2' (2:0)
[08-11-2021 :: 12:40:46] [World] [World Server] Setting to 'ecommons' (22:0)
[08-11-2021 :: 12:40:47] [World] [World Server] Setting to 'ecommons' (22:0)
[08-11-2021 :: 12:43:23] [World] [World Server] Setting to 'ecommons' (22:0)
[08-11-2021 :: 12:43:41] [World] [World Server] Setting to 'qeynos2' (2:0)
[08-11-2021 :: 12:45:49] [World] [World Server] Setting to 'qeynos2' (2:0)
[08-11-2021 :: 12:53:50] [World] [World Server] Setting to 'qeynos2' (2:0)
[08-11-2021 :: 12:54:34] [World] [World Server] Setting to 'lavastorm' (27:0)
[08-11-2021 :: 12:54:35] [World] [World Server] Setting to 'lavastorm' (27:0)
[08-11-2021 :: 18:07:37] [World] [World Server] Setting to 'lavastorm' (27:0)
[08-11-2021 :: 18:07:37] [World] [World Server] Setting to 'lavastorm' (27:0)
[08-11-2021 :: 18:08:23] [World] [World Server] Setting to 'qeynos2' (2:0)
[08-11-2021 :: 18:08:24] [World] [World Server] Setting to 'qeynos2' (2:0)
[08-11-2021 :: 18:31:24] [World] [World Server] Setting to 'qeynos2' (2:0)
[08-11-2021 :: 18:35:17] [World] [World Server] Setting to 'qeynos2' (2:0)
[08-11-2021 :: 18:42:49] [World] [World Server] Setting to 'qeynos2' (2:0)
