[08-15-2021 :: 15:07:57] [World] [World Server] Setting to 'ecommons' (22:0)
[08-15-2021 :: 15:07:57] [World] [World Server] Setting to 'ecommons' (22:0)
[08-24-2021 :: 23:52:35] [World] [MySQL Error] [1364] [Field 'public_note' doesn't have a default value]
[INSERT INTO `guild_members` SET `char_id` = 7151, `guild_id` = '1']
[08-24-2021 :: 23:52:35] [World] [World Server] Race: 1  Class: 2  Gender: 0  Deity: 208  Start zone: 4  Tutorial: true
[08-24-2021 :: 23:52:35] [World] [World Server] 105   85   75   75   85   75   75     575
[08-24-2021 :: 23:52:35] [World] [World Server] Current location: freportn (8)  201.00, -126.00, 17.75, 0.00
[08-24-2021 :: 23:52:35] [World] [World Server] Bind location: (null) (0) 0.00, 0.00, 0.00
[08-24-2021 :: 23:52:35] [World] [World Server] Home location: freportn (8) 201.00, -126.00, 17.75
[08-24-2021 :: 23:52:36] [World] [World Server] Setting to 'freportn' (8:0)
[08-24-2021 :: 23:52:36] [World] [World Server] Setting to 'freportn' (8:0)
[08-24-2021 :: 23:53:44] [World] [MySQL Error] [1364] [Field 'public_note' doesn't have a default value]
[INSERT INTO `guild_members` SET `char_id` = 7152, `guild_id` = '1']
[08-24-2021 :: 23:53:44] [World] [World Server] Race: 9  Class: 5  Gender: 0  Deity: 203  Start zone: 6  Tutorial: true
[08-24-2021 :: 23:53:44] [World] [World Server] 138  114   83   75   60   62   45     577
[08-24-2021 :: 23:53:44] [World] [World Server] Current location: grobb (52)  0.00, -100.00, 3.00, 0.00
[08-24-2021 :: 23:53:44] [World] [World Server] Bind location: innothule (46) -588.00, -2192.00, -25.00
[08-24-2021 :: 23:53:44] [World] [World Server] Home location: grobb (52) 0.00, -100.00, 3.00
[08-24-2021 :: 23:53:44] [World] [World Server] Setting to 'grobb' (52:0)
[08-24-2021 :: 23:53:44] [World] [World Server] Setting to 'grobb' (52:0)
