[08-08-2021 :: 00:50:36] [World] [World Server] Setting to 'commons' (21:0)
[08-08-2021 :: 00:50:36] [World] [World Server] Setting to 'commons' (21:0)
[08-08-2021 :: 00:50:52] [World] [World Server] Setting to 'ecommons' (22:0)
[08-08-2021 :: 00:50:53] [World] [World Server] Setting to 'ecommons' (22:0)
[08-08-2021 :: 00:51:00] [World] [World Server] Setting to 'commons' (21:0)
[08-08-2021 :: 00:51:24] [World] [World Server] Setting to 'ecommons' (22:0)
[08-08-2021 :: 00:52:29] [World] [World Server] Setting to 'commons' (21:0)
[08-08-2021 :: 00:53:10] [World] [World Server] Setting to 'ecommons' (22:0)
[08-08-2021 :: 00:53:18] [World] [World Server] Setting to 'commons' (21:0)
[08-08-2021 :: 00:53:44] [World] [World Server] Setting to 'ecommons' (22:0)
[08-08-2021 :: 00:54:06] [World] [World Server] Setting to 'commons' (21:0)
[08-08-2021 :: 00:54:15] [World] [World Server] Setting to 'ecommons' (22:0)
[08-08-2021 :: 00:54:23] [World] [World Server] Setting to 'commons' (21:0)
[08-08-2021 :: 00:55:12] [World] [World Server] Setting to 'ecommons' (22:0)
[08-08-2021 :: 00:55:22] [World] [World Server] Setting to 'commons' (21:0)
[08-08-2021 :: 00:56:10] [World] [World Server] Setting to 'ecommons' (22:0)
[08-08-2021 :: 00:56:30] [World] [World Server] Setting to 'commons' (21:0)
[08-08-2021 :: 00:56:58] [World] [World Server] Setting to 'ecommons' (22:0)
[08-08-2021 :: 00:57:17] [World] [World Server] Setting to 'commons' (21:0)
[08-08-2021 :: 00:57:30] [World] [World Server] Setting to 'ecommons' (22:0)
[08-08-2021 :: 00:57:39] [World] [World Server] Setting to 'commons' (21:0)
[08-08-2021 :: 00:57:54] [World] [World Server] Setting to 'ecommons' (22:0)
[08-08-2021 :: 00:58:04] [World] [World Server] Setting to 'commons' (21:0)
[08-08-2021 :: 00:59:42] [World] [World Server] Setting to 'ecommons' (22:0)
[08-08-2021 :: 00:59:58] [World] [World Server] Setting to 'commons' (21:0)
[08-08-2021 :: 01:00:12] [World] [World Server] Setting to 'ecommons' (22:0)
[08-08-2021 :: 01:00:24] [World] [World Server] Setting to 'commons' (21:0)
[08-08-2021 :: 01:00:37] [World] [World Server] Setting to 'ecommons' (22:0)
[08-08-2021 :: 08:29:24] [World] [World Server] Setting to 'ecommons' (22:0)
[08-08-2021 :: 08:29:24] [World] [World Server] Setting to 'ecommons' (22:0)
[08-08-2021 :: 13:38:44] [World] [World Server] Setting to 'ecommons' (22:0)
[08-08-2021 :: 13:38:44] [World] [World Server] Setting to 'ecommons' (22:0)
[08-08-2021 :: 13:41:37] [World] [World Server] Setting to 'commons' (21:0)
[08-08-2021 :: 13:41:38] [World] [World Server] Setting to 'commons' (21:0)
[08-08-2021 :: 13:44:15] [World] [World Server] Setting to 'befallen' (36:0)
[08-08-2021 :: 13:44:15] [World] [World Server] Setting to 'befallen' (36:0)
[08-08-2021 :: 13:44:38] [World] [World Server] Setting to 'commons' (21:0)
[08-08-2021 :: 13:45:05] [World] [World Server] Setting to 'befallen' (36:0)
[08-08-2021 :: 13:49:12] [World] [World Server] Setting to 'commons' (21:0)
[08-08-2021 :: 13:50:44] [World] [World Server] Setting to 'befallen' (36:0)
[08-08-2021 :: 13:52:12] [World] [World Server] Setting to 'commons' (21:0)
[08-08-2021 :: 13:52:21] [World] [World Server] Setting to 'befallen' (36:0)
[08-08-2021 :: 13:52:54] [World] [World Server] Setting to 'commons' (21:0)
[08-08-2021 :: 13:53:27] [World] [World Server] Setting to 'befallen' (36:0)
[08-08-2021 :: 13:53:44] [World] [World Server] Setting to 'commons' (21:0)
[08-08-2021 :: 13:58:26] [World] [World Server] Setting to 'kithicor' (20:0)
[08-08-2021 :: 13:58:27] [World] [World Server] Setting to 'kithicor' (20:0)
[08-08-2021 :: 13:58:37] [World] [World Server] Setting to 'commons' (21:0)
[08-08-2021 :: 13:58:56] [World] [World Server] Setting to 'kithicor' (20:0)
[08-08-2021 :: 13:59:05] [World] [World Server] Setting to 'commons' (21:0)
[08-08-2021 :: 14:00:04] [World] [World Server] Setting to 'kithicor' (20:0)
[08-08-2021 :: 14:04:27] [World] [World Server] Setting to 'commons' (21:0)
[08-08-2021 :: 14:05:38] [World] [World Server] Setting to 'kithicor' (20:0)
[08-08-2021 :: 14:06:00] [World] [World Server] Setting to 'commons' (21:0)
[08-08-2021 :: 14:07:12] [World] [World Server] Setting to 'kithicor' (20:0)
[08-08-2021 :: 14:07:21] [World] [World Server] Setting to 'commons' (21:0)
[08-08-2021 :: 14:07:34] [World] [World Server] Setting to 'kithicor' (20:0)
[08-08-2021 :: 14:07:43] [World] [World Server] Setting to 'commons' (21:0)
[08-08-2021 :: 14:08:09] [World] [World Server] Setting to 'kithicor' (20:0)
[08-08-2021 :: 14:11:58] [World] [World Server] Setting to 'rivervale' (19:0)
[08-08-2021 :: 14:11:59] [World] [World Server] Setting to 'rivervale' (19:0)
[08-08-2021 :: 14:12:16] [World] [World Server] Setting to 'kithicor' (20:0)
[08-08-2021 :: 14:12:35] [World] [World Server] Setting to 'rivervale' (19:0)
[08-08-2021 :: 14:12:55] [World] [World Server] Setting to 'kithicor' (20:0)
[08-08-2021 :: 14:13:03] [World] [World Server] Setting to 'rivervale' (19:0)
[08-08-2021 :: 14:13:23] [World] [World Server] Setting to 'kithicor' (20:0)
[08-08-2021 :: 14:15:35] [World] [World Server] Setting to 'rivervale' (19:0)
[08-08-2021 :: 14:16:10] [World] [World Server] Setting to 'kithicor' (20:0)
[08-08-2021 :: 14:16:23] [World] [World Server] Setting to 'rivervale' (19:0)
[08-08-2021 :: 14:16:38] [World] [World Server] Setting to 'kithicor' (20:0)
[08-08-2021 :: 14:16:55] [World] [World Server] Setting to 'rivervale' (19:0)
[08-08-2021 :: 14:17:44] [World] [World Server] Setting to 'kithicor' (20:0)
[08-08-2021 :: 14:18:10] [World] [World Server] Setting to 'rivervale' (19:0)
[08-08-2021 :: 14:18:21] [World] [World Server] Setting to 'kithicor' (20:0)
[08-08-2021 :: 14:23:51] [World] [World Server] Setting to 'ecommons' (22:0)
[08-08-2021 :: 14:24:05] [World] [World Server] Setting to 'kithicor' (20:0)
[08-08-2021 :: 14:28:18] [World] [World Server] Setting to 'kithicor' (20:0)
[08-08-2021 :: 14:28:21] [World] [World Server] Setting to 'highpass' (5:0)
[08-08-2021 :: 14:28:22] [World] [World Server] Setting to 'highpass' (5:0)
[08-08-2021 :: 14:29:45] [World] [World Server] Setting to 'kithicor' (20:0)
[08-08-2021 :: 14:30:45] [World] [World Server] Setting to 'highpass' (5:0)
[08-08-2021 :: 14:31:26] [World] [World Server] Setting to 'kithicor' (20:0)
[08-08-2021 :: 14:31:40] [World] [World Server] Setting to 'highpass' (5:0)
[08-08-2021 :: 14:33:37] [World] [World Server] Setting to 'kithicor' (20:0)
[08-08-2021 :: 14:34:05] [World] [World Server] Setting to 'highpass' (5:0)
[08-08-2021 :: 14:34:10] [World] [World Server] Setting to 'kithicor' (20:0)
[08-08-2021 :: 14:34:54] [World] [World Server] Setting to 'highpass' (5:0)
[08-08-2021 :: 14:36:18] [World] [World Server] Setting to 'kithicor' (20:0)
[08-08-2021 :: 14:36:53] [World] [World Server] Setting to 'highpass' (5:0)
[08-08-2021 :: 14:41:06] [World] [World Server] Setting to 'eastkarana' (15:0)
[08-08-2021 :: 14:41:07] [World] [World Server] Setting to 'eastkarana' (15:0)
[08-08-2021 :: 14:41:20] [World] [World Server] Setting to 'highpass' (5:0)
[08-08-2021 :: 14:42:00] [World] [World Server] Setting to 'eastkarana' (15:0)
[08-08-2021 :: 14:43:42] [World] [World Server] Setting to 'highpass' (5:0)
[08-08-2021 :: 14:44:41] [World] [World Server] Setting to 'eastkarana' (15:0)
[08-08-2021 :: 14:46:05] [World] [World Server] Setting to 'highpass' (5:0)
[08-08-2021 :: 14:50:05] [World] [World Server] Setting to 'eastkarana' (15:0)
[08-08-2021 :: 14:50:13] [World] [World Server] Setting to 'highpass' (5:0)
[08-08-2021 :: 14:50:22] [World] [World Server] Setting to 'eastkarana' (15:0)
[08-08-2021 :: 14:53:09] [World] [World Server] Setting to 'northkarana' (13:0)
[08-08-2021 :: 14:53:10] [World] [World Server] Setting to 'northkarana' (13:0)
[08-08-2021 :: 14:57:59] [World] [World Server] Setting to 'eastkarana' (15:0)
[08-08-2021 :: 14:58:19] [World] [World Server] Setting to 'northkarana' (13:0)
[08-08-2021 :: 15:00:04] [World] [World Server] Setting to 'eastkarana' (15:0)
[08-08-2021 :: 15:00:54] [World] [World Server] Setting to 'northkarana' (13:0)
[08-08-2021 :: 15:01:05] [World] [World Server] Setting to 'eastkarana' (15:0)
[08-08-2021 :: 15:03:29] [World] [World Server] Setting to 'northkarana' (13:0)
[08-08-2021 :: 15:06:05] [World] [World Server] Setting to 'eastkarana' (15:0)
[08-08-2021 :: 15:06:16] [World] [World Server] Setting to 'northkarana' (13:0)
[08-08-2021 :: 15:07:38] [World] [World Server] Setting to 'eastkarana' (15:0)
[08-08-2021 :: 15:12:54] [World] [World Server] Setting to 'beholder' (16:0)
[08-08-2021 :: 15:12:54] [World] [World Server] Setting to 'beholder' (16:0)
[08-08-2021 :: 15:13:41] [World] [World Server] Setting to 'eastkarana' (15:0)
[08-08-2021 :: 15:14:24] [World] [World Server] Setting to 'beholder' (16:0)
[08-08-2021 :: 15:14:32] [World] [World Server] Setting to 'eastkarana' (15:0)
[08-08-2021 :: 15:16:23] [World] [World Server] Setting to 'beholder' (16:0)
[08-08-2021 :: 15:16:45] [World] [World Server] Setting to 'eastkarana' (15:0)
[08-08-2021 :: 15:17:37] [World] [World Server] Setting to 'beholder' (16:0)
[08-08-2021 :: 15:20:22] [World] [World Server] Setting to 'eastkarana' (15:0)
[08-08-2021 :: 15:28:32] [World] [World Server] Setting to 'beholder' (16:0)
[08-08-2021 :: 15:31:52] [World] [World Server] Setting to 'eastkarana' (15:0)
[08-08-2021 :: 15:32:25] [World] [World Server] Setting to 'beholder' (16:0)
[08-08-2021 :: 15:33:26] [World] [World Server] Setting to 'eastkarana' (15:0)
[08-08-2021 :: 15:42:39] [World] [World Server] Setting to 'beholder' (16:0)
[08-08-2021 :: 15:43:04] [World] [World Server] Setting to 'eastkarana' (15:0)
[08-08-2021 :: 15:43:18] [World] [World Server] Setting to 'beholder' (16:0)
[08-08-2021 :: 15:45:53] [World] [World Server] Setting to 'eastkarana' (15:0)
[08-08-2021 :: 15:47:36] [World] [World Server] Setting to 'beholder' (16:0)
[08-08-2021 :: 15:49:02] [World] [World Server] Setting to 'eastkarana' (15:0)
[08-08-2021 :: 15:50:23] [World] [World Server] Setting to 'beholder' (16:0)
[08-08-2021 :: 15:52:40] [World] [World Server] Setting to 'eastkarana' (15:0)
[08-08-2021 :: 15:52:56] [World] [World Server] Setting to 'beholder' (16:0)
[08-08-2021 :: 15:53:30] [World] [World Server] Setting to 'eastkarana' (15:0)
[08-08-2021 :: 15:54:02] [World] [World Server] Setting to 'beholder' (16:0)
[08-08-2021 :: 15:54:21] [World] [World Server] Setting to 'eastkarana' (15:0)
[08-08-2021 :: 15:54:52] [World] [World Server] Setting to 'beholder' (16:0)
[08-08-2021 :: 15:55:03] [World] [World Server] Setting to 'eastkarana' (15:0)
[08-08-2021 :: 15:56:47] [World] [World Server] Setting to 'beholder' (16:0)
[08-08-2021 :: 15:57:04] [World] [World Server] Setting to 'eastkarana' (15:0)
[08-08-2021 :: 15:57:28] [World] [World Server] Setting to 'beholder' (16:0)
[08-08-2021 :: 15:57:38] [World] [World Server] Setting to 'eastkarana' (15:0)
[08-08-2021 :: 15:58:57] [World] [World Server] Setting to 'beholder' (16:0)
[08-08-2021 :: 16:03:35] [World] [World Server] Setting to 'runnyeye' (11:0)
[08-08-2021 :: 16:03:35] [World] [World Server] Setting to 'runnyeye' (11:0)
[08-08-2021 :: 16:03:44] [World] [World Server] Setting to 'beholder' (16:0)
[08-08-2021 :: 16:05:22] [World] [World Server] Setting to 'runnyeye' (11:0)
[08-08-2021 :: 16:05:58] [World] [World Server] Setting to 'beholder' (16:0)
[08-08-2021 :: 16:06:21] [World] [World Server] Setting to 'runnyeye' (11:0)
[08-08-2021 :: 16:09:44] [World] [World Server] Setting to 'beholder' (16:0)
[08-08-2021 :: 16:10:04] [World] [World Server] Setting to 'runnyeye' (11:0)
[08-08-2021 :: 16:10:24] [World] [World Server] Setting to 'beholder' (16:0)
[08-08-2021 :: 16:12:49] [World] [World Server] Setting to 'runnyeye' (11:0)
[08-08-2021 :: 16:13:17] [World] [World Server] Setting to 'beholder' (16:0)
[08-08-2021 :: 16:13:18] [World] [World Server] Setting to 'beholder' (16:0)
[08-08-2021 :: 16:16:04] [World] [World Server] Setting to 'runnyeye' (11:0)
[08-08-2021 :: 16:16:21] [World] [World Server] Setting to 'beholder' (16:0)
[08-08-2021 :: 16:16:29] [World] [World Server] Setting to 'runnyeye' (11:0)
[08-08-2021 :: 16:17:08] [World] [World Server] Setting to 'beholder' (16:0)
[08-08-2021 :: 16:18:02] [World] [World Server] Setting to 'runnyeye' (11:0)
[08-08-2021 :: 16:18:10] [World] [World Server] Setting to 'beholder' (16:0)
[08-08-2021 :: 17:55:00] [World] [World Server] Setting to 'runnyeye' (11:0)
[08-08-2021 :: 17:55:01] [World] [World Server] Setting to 'runnyeye' (11:0)
[08-08-2021 :: 17:55:08] [World] [World Server] Setting to 'beholder' (16:0)
[08-08-2021 :: 17:55:26] [World] [World Server] Setting to 'northkarana' (13:0)
[08-08-2021 :: 17:55:27] [World] [World Server] Setting to 'northkarana' (13:0)
[08-08-2021 :: 17:56:08] [World] [World Server] Setting to 'runnyeye' (11:0)
[08-08-2021 :: 17:56:38] [World] [World Server] Setting to 'beholder' (16:0)
[08-08-2021 :: 18:05:00] [World] [World Server] Setting to 'eastkarana' (15:0)
[08-08-2021 :: 18:05:01] [World] [World Server] Setting to 'eastkarana' (15:0)
[08-08-2021 :: 18:05:16] [World] [World Server] Setting to 'beholder' (16:0)
[08-08-2021 :: 18:12:54] [World] [World Server] Setting to 'runnyeye' (11:0)
[08-08-2021 :: 18:13:51] [World] [World Server] Setting to 'misty' (33:0)
[08-08-2021 :: 18:13:52] [World] [World Server] Setting to 'misty' (33:0)
[08-08-2021 :: 18:14:03] [World] [World Server] Setting to 'runnyeye' (11:0)
[08-08-2021 :: 18:16:54] [World] [World Server] Setting to 'misty' (33:0)
[08-08-2021 :: 18:17:16] [World] [World Server] Setting to 'runnyeye' (11:0)
[08-08-2021 :: 18:17:24] [World] [World Server] Setting to 'misty' (33:0)
[08-08-2021 :: 18:17:59] [World] [World Server] Setting to 'runnyeye' (11:0)
[08-08-2021 :: 18:22:36] [World] [World Server] Setting to 'misty' (33:0)
[08-08-2021 :: 18:23:17] [World] [World Server] Setting to 'runnyeye' (11:0)
[08-08-2021 :: 18:23:24] [World] [World Server] Setting to 'misty' (33:0)
[08-08-2021 :: 18:24:35] [World] [World Server] Setting to 'runnyeye' (11:0)
[08-08-2021 :: 18:24:54] [World] [World Server] Setting to 'misty' (33:0)
[08-08-2021 :: 18:25:01] [World] [World Server] Setting to 'runnyeye' (11:0)
[08-08-2021 :: 18:25:12] [World] [World Server] Setting to 'misty' (33:0)
[08-08-2021 :: 18:25:26] [World] [World Server] Setting to 'runnyeye' (11:0)
[08-08-2021 :: 18:25:39] [World] [World Server] Setting to 'misty' (33:0)
[08-08-2021 :: 18:27:18] [World] [World Server] Setting to 'runnyeye' (11:0)
[08-08-2021 :: 18:27:53] [World] [World Server] Setting to 'misty' (33:0)
[08-08-2021 :: 18:28:02] [World] [World Server] Setting to 'runnyeye' (11:0)
[08-08-2021 :: 18:28:10] [World] [World Server] Setting to 'misty' (33:0)
[08-08-2021 :: 18:32:30] [World] [World Server] Setting to 'rivervale' (19:0)
[08-08-2021 :: 18:32:31] [World] [World Server] Setting to 'rivervale' (19:0)
[08-08-2021 :: 18:32:38] [World] [World Server] Setting to 'misty' (33:0)
[08-08-2021 :: 18:33:15] [World] [World Server] Setting to 'rivervale' (19:0)
[08-08-2021 :: 20:00:35] [World] [World Server] Setting to 'misty' (33:0)
[08-08-2021 :: 20:00:36] [World] [World Server] Setting to 'misty' (33:0)
[08-08-2021 :: 20:00:56] [World] [World Server] Setting to 'qrg' (3:0)
[08-08-2021 :: 20:00:57] [World] [World Server] Setting to 'qrg' (3:0)
[08-08-2021 :: 20:01:10] [World] [World Server] Setting to 'runnyeye' (11:0)
[08-08-2021 :: 20:01:11] [World] [World Server] Setting to 'runnyeye' (11:0)
[08-08-2021 :: 20:01:23] [World] [World Server] Setting to 'misty' (33:0)
[08-08-2021 :: 20:01:43] [World] [World Server] Setting to 'ecommons' (22:0)
[08-08-2021 :: 20:01:44] [World] [World Server] Setting to 'ecommons' (22:0)
[08-08-2021 :: 20:01:53] [World] [World Server] Setting to 'runnyeye' (11:0)
[08-08-2021 :: 20:02:04] [World] [World Server] Setting to 'misty' (33:0)
[08-08-2021 :: 20:02:21] [World] [World Server] Setting to 'runnyeye' (11:0)
[08-08-2021 :: 20:02:43] [World] [World Server] Setting to 'misty' (33:0)
[08-08-2021 :: 20:05:36] [World] [World Server] Setting to 'misty' (33:0)
[08-08-2021 :: 20:08:14] [World] [World Server] Setting to 'rivervale' (19:0)
[08-08-2021 :: 20:08:23] [World] [World Server] Setting to 'misty' (33:0)
[08-08-2021 :: 20:08:37] [World] [World Server] Setting to 'rivervale' (19:0)
[08-08-2021 :: 20:10:36] [World] [World Server] Setting to 'misty' (33:0)
[08-08-2021 :: 20:10:45] [World] [World Server] Setting to 'rivervale' (19:0)
[08-08-2021 :: 20:11:13] [World] [World Server] Setting to 'misty' (33:0)
[08-08-2021 :: 20:12:04] [World] [World Server] Setting to 'rivervale' (19:0)
[08-08-2021 :: 20:12:12] [World] [World Server] Setting to 'misty' (33:0)
[08-08-2021 :: 20:16:22] [World] [World Server] Setting to 'rivervale' (19:0)
[08-08-2021 :: 20:17:17] [World] [World Server] Setting to 'misty' (33:0)
[08-08-2021 :: 20:17:23] [World] [World Server] Setting to 'rivervale' (19:0)
[08-08-2021 :: 20:17:28] [World] [World Server] Setting to 'misty' (33:0)
[08-08-2021 :: 20:17:36] [World] [World Server] Setting to 'rivervale' (19:0)
[08-08-2021 :: 20:17:45] [World] [World Server] Setting to 'misty' (33:0)
[08-08-2021 :: 20:19:38] [World] [World Server] Setting to 'highpass' (5:0)
[08-08-2021 :: 20:19:39] [World] [World Server] Setting to 'highpass' (5:0)
[08-08-2021 :: 20:20:14] [World] [World Server] Setting to 'highkeep' (6:0)
[08-08-2021 :: 20:20:15] [World] [World Server] Setting to 'highkeep' (6:0)
[08-08-2021 :: 20:20:42] [World] [World Server] Setting to 'highpass' (5:0)
[08-08-2021 :: 20:24:18] [World] [World Server] Setting to 'highkeep' (6:0)
[08-08-2021 :: 20:24:34] [World] [World Server] Setting to 'highpass' (5:0)
[08-08-2021 :: 20:24:50] [World] [World Server] Setting to 'highkeep' (6:0)
[08-08-2021 :: 20:25:03] [World] [World Server] Setting to 'highpass' (5:0)
[08-08-2021 :: 20:25:15] [World] [World Server] Setting to 'highkeep' (6:0)
[08-08-2021 :: 20:26:05] [World] [World Server] Setting to 'highpass' (5:0)
[08-08-2021 :: 20:26:57] [World] [World Server] Setting to 'highkeep' (6:0)
[08-08-2021 :: 20:27:10] [World] [World Server] Setting to 'highpass' (5:0)
[08-08-2021 :: 20:28:09] [World] [World Server] Setting to 'highkeep' (6:0)
[08-08-2021 :: 20:31:47] [World] [World Server] Setting to 'highpass' (5:0)
[08-08-2021 :: 20:32:39] [World] [World Server] Setting to 'highkeep' (6:0)
[08-08-2021 :: 20:33:53] [World] [World Server] Setting to 'highpass' (5:0)
[08-08-2021 :: 20:34:09] [World] [World Server] Setting to 'highkeep' (6:0)
[08-08-2021 :: 20:34:26] [World] [World Server] Setting to 'highpass' (5:0)
[08-08-2021 :: 20:36:44] [World] [World Server] Setting to 'highkeep' (6:0)
[08-08-2021 :: 20:36:51] [World] [World Server] Setting to 'highpass' (5:0)
[08-08-2021 :: 20:37:07] [World] [World Server] Setting to 'highkeep' (6:0)
[08-08-2021 :: 20:37:18] [World] [World Server] Setting to 'highpass' (5:0)
[08-08-2021 :: 20:37:37] [World] [World Server] Setting to 'highkeep' (6:0)
[08-08-2021 :: 20:37:54] [World] [World Server] Setting to 'highpass' (5:0)
[08-08-2021 :: 20:38:12] [World] [World Server] Setting to 'highkeep' (6:0)
[08-08-2021 :: 20:38:25] [World] [World Server] Setting to 'highpass' (5:0)
[08-08-2021 :: 20:39:28] [World] [World Server] Setting to 'highkeep' (6:0)
[08-08-2021 :: 20:39:37] [World] [World Server] Setting to 'highpass' (5:0)
[08-08-2021 :: 20:39:45] [World] [World Server] Setting to 'highkeep' (6:0)
[08-08-2021 :: 20:39:56] [World] [World Server] Setting to 'highpass' (5:0)
[08-08-2021 :: 20:40:11] [World] [World Server] Setting to 'highkeep' (6:0)
[08-08-2021 :: 20:40:20] [World] [World Server] Setting to 'highpass' (5:0)
[08-08-2021 :: 20:40:33] [World] [World Server] Setting to 'highkeep' (6:0)
[08-08-2021 :: 20:40:43] [World] [World Server] Setting to 'highpass' (5:0)
[08-08-2021 :: 20:41:09] [World] [World Server] Setting to 'highkeep' (6:0)
[08-08-2021 :: 20:41:18] [World] [World Server] Setting to 'highpass' (5:0)
[08-08-2021 :: 20:43:06] [World] [World Server] Setting to 'highkeep' (6:0)
[08-08-2021 :: 20:43:44] [World] [World Server] Setting to 'highpass' (5:0)
[08-08-2021 :: 20:44:03] [World] [World Server] Setting to 'highkeep' (6:0)
[08-08-2021 :: 20:44:35] [World] [World Server] Setting to 'highpass' (5:0)
[08-08-2021 :: 20:44:47] [World] [World Server] Setting to 'highkeep' (6:0)
[08-08-2021 :: 20:44:58] [World] [World Server] Setting to 'highpass' (5:0)
[08-08-2021 :: 20:45:07] [World] [World Server] Setting to 'highkeep' (6:0)
[08-08-2021 :: 20:45:24] [World] [World Server] Setting to 'highpass' (5:0)
[08-08-2021 :: 20:45:45] [World] [World Server] Setting to 'highkeep' (6:0)
[08-08-2021 :: 20:45:54] [World] [World Server] Setting to 'highpass' (5:0)
[08-08-2021 :: 20:46:00] [World] [World Server] Setting to 'highkeep' (6:0)
[08-08-2021 :: 20:46:05] [World] [World Server] Setting to 'highpass' (5:0)
[08-08-2021 :: 20:46:18] [World] [World Server] Setting to 'highkeep' (6:0)
[08-08-2021 :: 20:46:23] [World] [World Server] Setting to 'highpass' (5:0)
[08-08-2021 :: 20:47:23] [World] [World Server] Setting to 'commons' (21:0)
[08-08-2021 :: 20:47:24] [World] [World Server] Setting to 'commons' (21:0)
[08-08-2021 :: 20:49:09] [World] [World Server] Setting to 'befallen' (36:0)
[08-08-2021 :: 20:49:10] [World] [World Server] Setting to 'befallen' (36:0)
[08-08-2021 :: 20:49:16] [World] [World Server] Setting to 'commons' (21:0)
[08-08-2021 :: 20:49:55] [World] [World Server] Setting to 'ecommons' (22:0)
[08-08-2021 :: 20:50:02] [World] [World Server] Setting to 'freportw' (9:0)
[08-08-2021 :: 20:50:03] [World] [World Server] Setting to 'freportw' (9:0)
[08-08-2021 :: 20:50:41] [World] [World Server] Setting to 'ecommons' (22:0)
[08-08-2021 :: 20:52:36] [World] [World Server] Setting to 'freportw' (9:0)
[08-08-2021 :: 20:53:13] [World] [World Server] Setting to 'ecommons' (22:0)
[08-08-2021 :: 20:53:25] [World] [World Server] Setting to 'freportw' (9:0)
[08-08-2021 :: 20:53:47] [World] [World Server] Setting to 'ecommons' (22:0)
[08-08-2021 :: 20:53:54] [World] [World Server] Setting to 'freportw' (9:0)
[08-08-2021 :: 20:54:14] [World] [World Server] Setting to 'ecommons' (22:0)
[08-08-2021 :: 20:55:25] [World] [World Server] Setting to 'freportw' (9:0)
[08-08-2021 :: 20:55:32] [World] [World Server] Setting to 'ecommons' (22:0)
[08-08-2021 :: 20:56:29] [World] [World Server] Setting to 'freportw' (9:0)
[08-08-2021 :: 20:58:19] [World] [World Server] Setting to 'ecommons' (22:0)
[08-08-2021 :: 20:58:27] [World] [World Server] Setting to 'freportw' (9:0)
[08-08-2021 :: 20:58:42] [World] [World Server] Setting to 'ecommons' (22:0)
[08-08-2021 :: 20:59:07] [World] [World Server] Setting to 'freportw' (9:0)
[08-08-2021 :: 20:59:17] [World] [World Server] Setting to 'ecommons' (22:0)
[08-08-2021 :: 20:59:24] [World] [World Server] Setting to 'freportw' (9:0)
[08-08-2021 :: 20:59:50] [World] [World Server] Setting to 'ecommons' (22:0)
[08-08-2021 :: 21:00:29] [World] [World Server] Setting to 'freportw' (9:0)
[08-08-2021 :: 21:01:00] [World] [World Server] Setting to 'ecommons' (22:0)
[08-08-2021 :: 21:01:00] [World] [World Server] Setting to 'ecommons' (22:0)
[08-08-2021 :: 21:01:10] [World] [World Server] Setting to 'freportw' (9:0)
[08-08-2021 :: 21:09:06] [World] [World Server] Setting to 'freportn' (8:0)
[08-08-2021 :: 21:09:07] [World] [World Server] Setting to 'freportn' (8:0)
[08-08-2021 :: 21:10:51] [World] [World Server] Setting to 'freportw' (9:0)
[08-08-2021 :: 21:11:54] [World] [World Server] Setting to 'freportn' (8:0)
[08-08-2021 :: 21:12:27] [World] [World Server] Setting to 'freportw' (9:0)
[08-08-2021 :: 21:13:17] [World] [World Server] Setting to 'freportn' (8:0)
[08-08-2021 :: 21:13:30] [World] [World Server] Setting to 'freportw' (9:0)
[08-08-2021 :: 21:13:50] [World] [World Server] Setting to 'freportn' (8:0)
[08-08-2021 :: 21:13:57] [World] [World Server] Setting to 'freportw' (9:0)
[08-08-2021 :: 21:14:59] [World] [World Server] Setting to 'freportn' (8:0)
[08-08-2021 :: 21:15:34] [World] [World Server] Setting to 'freportw' (9:0)
[08-08-2021 :: 21:16:11] [World] [World Server] Setting to 'freportn' (8:0)
[08-08-2021 :: 21:17:03] [World] [World Server] Setting to 'freportw' (9:0)
[08-08-2021 :: 21:17:18] [World] [World Server] Setting to 'freportn' (8:0)
[08-08-2021 :: 21:17:26] [World] [World Server] Setting to 'freportw' (9:0)
[08-08-2021 :: 21:17:38] [World] [World Server] Setting to 'freportn' (8:0)
[08-08-2021 :: 21:19:25] [World] [World Server] Setting to 'freportw' (9:0)
[08-08-2021 :: 21:21:12] [World] [World Server] Setting to 'freportw' (9:0)
[08-08-2021 :: 21:22:14] [World] [World Server] Setting to 'ecommons' (22:0)
[08-08-2021 :: 21:22:33] [World] [World Server] Setting to 'freportw' (9:0)
[08-08-2021 :: 21:27:21] [World] [World Server] Setting to 'freportw' (9:0)
[08-08-2021 :: 21:27:56] [World] [World Server] Setting to 'freportn' (8:0)
[08-08-2021 :: 21:28:18] [World] [World Server] Setting to 'freportw' (9:0)
[08-08-2021 :: 21:30:03] [World] [World Server] Setting to 'freportn' (8:0)
[08-08-2021 :: 21:30:10] [World] [World Server] Setting to 'freportw' (9:0)
[08-08-2021 :: 21:30:17] [World] [World Server] Setting to 'freportn' (8:0)
[08-08-2021 :: 21:31:14] [World] [World Server] Setting to 'freportw' (9:0)
[08-08-2021 :: 21:31:43] [World] [World Server] Setting to 'freportn' (8:0)
[08-08-2021 :: 21:32:47] [World] [World Server] Setting to 'freportw' (9:0)
[08-08-2021 :: 21:32:57] [World] [World Server] Setting to 'freportn' (8:0)
[08-08-2021 :: 21:34:41] [World] [World Server] Setting to 'freportw' (9:0)
[08-08-2021 :: 21:37:00] [World] [World Server] Setting to 'freportn' (8:0)
[08-08-2021 :: 21:37:39] [World] [World Server] Setting to 'freportw' (9:0)
[08-08-2021 :: 21:38:38] [World] [World Server] Setting to 'freportn' (8:0)
[08-08-2021 :: 21:39:13] [World] [World Server] Setting to 'freportw' (9:0)
[08-08-2021 :: 21:40:18] [World] [World Server] Setting to 'freportn' (8:0)
[08-08-2021 :: 21:41:15] [World] [World Server] Setting to 'freportw' (9:0)
[08-08-2021 :: 21:41:23] [World] [World Server] Setting to 'freportn' (8:0)
[08-08-2021 :: 21:41:51] [World] [World Server] Setting to 'freportw' (9:0)
[08-08-2021 :: 22:06:56] [World] [World Server] Setting to 'ecommons' (22:0)
[08-08-2021 :: 22:06:57] [World] [World Server] Setting to 'ecommons' (22:0)
[08-08-2021 :: 22:07:16] [World] [World Server] Setting to 'freportw' (9:0)
[08-08-2021 :: 22:27:01] [World] [World Server] Setting to 'freportw' (9:0)
[08-08-2021 :: 22:29:10] [World] [World Server] Setting to 'freportn' (8:0)
[08-08-2021 :: 22:29:11] [World] [World Server] Setting to 'freportn' (8:0)
[08-08-2021 :: 22:32:03] [World] [World Server] Setting to 'freportw' (9:0)
[08-08-2021 :: 22:32:19] [World] [World Server] Setting to 'freportn' (8:0)
[08-08-2021 :: 22:32:28] [World] [World Server] Setting to 'freportw' (9:0)
[08-08-2021 :: 22:32:45] [World] [World Server] Setting to 'freportn' (8:0)
[08-08-2021 :: 22:48:45] [World] [World Server] Setting to 'freporte' (10:0)
[08-08-2021 :: 22:48:46] [World] [World Server] Setting to 'freporte' (10:0)
[08-08-2021 :: 22:50:35] [World] [World Server] Setting to 'nro' (34:0)
[08-08-2021 :: 22:50:36] [World] [World Server] Setting to 'nro' (34:0)
[08-08-2021 :: 22:50:57] [World] [World Server] Setting to 'freporte' (10:0)
[08-08-2021 :: 22:51:07] [World] [World Server] Setting to 'nro' (34:0)
[08-08-2021 :: 22:51:18] [World] [World Server] Setting to 'freporte' (10:0)
[08-08-2021 :: 22:52:43] [World] [World Server] Setting to 'freportw' (9:0)
[08-08-2021 :: 22:52:44] [World] [World Server] Setting to 'freportw' (9:0)
[08-08-2021 :: 22:53:16] [World] [World Server] Setting to 'freporte' (10:0)
[08-08-2021 :: 22:53:27] [World] [World Server] Setting to 'freportw' (9:0)
[08-08-2021 :: 22:53:34] [World] [World Server] Setting to 'freporte' (10:0)
[08-08-2021 :: 22:53:39] [World] [World Server] Setting to 'freportw' (9:0)
[08-08-2021 :: 22:53:59] [World] [World Server] Setting to 'freporte' (10:0)
[08-08-2021 :: 22:58:00] [World] [World Server] Setting to 'freportw' (9:0)
[08-08-2021 :: 22:58:11] [World] [World Server] Setting to 'freporte' (10:0)
[08-08-2021 :: 22:59:41] [World] [World Server] Setting to 'freportw' (9:0)
[08-08-2021 :: 23:00:21] [World] [World Server] Setting to 'freporte' (10:0)
[08-08-2021 :: 23:00:37] [World] [World Server] Setting to 'freportw' (9:0)
[08-08-2021 :: 23:00:46] [World] [World Server] Setting to 'freporte' (10:0)
[08-08-2021 :: 23:00:53] [World] [World Server] Setting to 'freportw' (9:0)
[08-08-2021 :: 23:01:09] [World] [World Server] Setting to 'freporte' (10:0)
[08-08-2021 :: 23:01:18] [World] [World Server] Setting to 'freportw' (9:0)
[08-08-2021 :: 23:03:38] [World] [World Server] Setting to 'freporte' (10:0)
[08-08-2021 :: 23:04:46] [World] [World Server] Setting to 'freportw' (9:0)
[08-08-2021 :: 23:04:55] [World] [World Server] Setting to 'freporte' (10:0)
[08-08-2021 :: 23:05:08] [World] [World Server] Setting to 'freportw' (9:0)
[08-08-2021 :: 23:05:23] [World] [World Server] Setting to 'freporte' (10:0)
[08-08-2021 :: 23:06:33] [World] [World Server] Setting to 'freportw' (9:0)
[08-08-2021 :: 23:06:47] [World] [World Server] Setting to 'freporte' (10:0)
[08-08-2021 :: 23:08:18] [World] [World Server] Setting to 'freportw' (9:0)
[08-08-2021 :: 23:08:43] [World] [World Server] Setting to 'freporte' (10:0)
[08-08-2021 :: 23:09:34] [World] [World Server] Setting to 'freportw' (9:0)
[08-08-2021 :: 23:09:40] [World] [World Server] Setting to 'freporte' (10:0)
[08-08-2021 :: 23:09:45] [World] [World Server] Setting to 'freportw' (9:0)
[08-08-2021 :: 23:09:52] [World] [World Server] Setting to 'freporte' (10:0)
[08-08-2021 :: 23:10:00] [World] [World Server] Setting to 'freportw' (9:0)
[08-08-2021 :: 23:11:16] [World] [World Server] Setting to 'freporte' (10:0)
[08-08-2021 :: 23:12:49] [World] [World Server] Setting to 'freportw' (9:0)
[08-08-2021 :: 23:13:10] [World] [World Server] Setting to 'freporte' (10:0)
[08-08-2021 :: 23:14:36] [World] [World Server] Setting to 'freportw' (9:0)
[08-08-2021 :: 23:14:49] [World] [World Server] Setting to 'freporte' (10:0)
[08-08-2021 :: 23:15:02] [World] [World Server] Setting to 'freportw' (9:0)
[08-08-2021 :: 23:15:13] [World] [World Server] Setting to 'freporte' (10:0)
[08-08-2021 :: 23:15:47] [World] [World Server] Setting to 'freportw' (9:0)
[08-08-2021 :: 23:17:23] [World] [World Server] Setting to 'freporte' (10:0)
[08-08-2021 :: 23:17:33] [World] [World Server] Setting to 'freportw' (9:0)
[08-08-2021 :: 23:17:40] [World] [World Server] Setting to 'freporte' (10:0)
[08-08-2021 :: 23:17:45] [World] [World Server] Setting to 'freportw' (9:0)
[08-08-2021 :: 23:17:50] [World] [World Server] Setting to 'freporte' (10:0)
[08-08-2021 :: 23:18:57] [World] [World Server] Setting to 'nro' (34:0)
[08-08-2021 :: 23:23:21] [World] [World Server] Setting to 'oasis' (37:0)
[08-08-2021 :: 23:23:22] [World] [World Server] Setting to 'oasis' (37:0)
[08-08-2021 :: 23:23:32] [World] [World Server] Setting to 'nro' (34:0)
[08-08-2021 :: 23:23:39] [World] [World Server] Setting to 'oasis' (37:0)
[08-08-2021 :: 23:28:07] [World] [World Server] Setting to 'sro' (35:0)
[08-08-2021 :: 23:28:08] [World] [World Server] Setting to 'sro' (35:0)
[08-08-2021 :: 23:30:14] [World] [World Server] Setting to 'oasis' (37:0)
[08-08-2021 :: 23:30:28] [World] [World Server] Setting to 'sro' (35:0)
[08-08-2021 :: 23:30:49] [World] [World Server] Setting to 'oasis' (37:0)
[08-08-2021 :: 23:31:09] [World] [World Server] Setting to 'sro' (35:0)
[08-08-2021 :: 23:31:22] [World] [World Server] Setting to 'oasis' (37:0)
[08-08-2021 :: 23:32:11] [World] [World Server] Setting to 'sro' (35:0)
[08-08-2021 :: 23:32:19] [World] [World Server] Setting to 'oasis' (37:0)
[08-08-2021 :: 23:32:30] [World] [World Server] Setting to 'sro' (35:0)
[08-08-2021 :: 23:33:32] [World] [World Server] Setting to 'oasis' (37:0)
[08-08-2021 :: 23:33:50] [World] [World Server] Setting to 'sro' (35:0)
[08-08-2021 :: 23:34:21] [World] [World Server] Setting to 'oasis' (37:0)
[08-08-2021 :: 23:35:12] [World] [World Server] Setting to 'sro' (35:0)
[08-08-2021 :: 23:35:22] [World] [World Server] Setting to 'oasis' (37:0)
[08-08-2021 :: 23:35:29] [World] [World Server] Setting to 'sro' (35:0)
[08-08-2021 :: 23:35:47] [World] [World Server] Setting to 'oasis' (37:0)
[08-08-2021 :: 23:36:06] [World] [World Server] Setting to 'sro' (35:0)
[08-08-2021 :: 23:36:11] [World] [World Server] Setting to 'oasis' (37:0)
[08-08-2021 :: 23:36:19] [World] [World Server] Setting to 'sro' (35:0)
[08-08-2021 :: 23:36:24] [World] [World Server] Setting to 'oasis' (37:0)
[08-08-2021 :: 23:36:38] [World] [World Server] Setting to 'sro' (35:0)
[08-08-2021 :: 23:37:09] [World] [World Server] Setting to 'oasis' (37:0)
[08-08-2021 :: 23:38:36] [World] [World Server] Setting to 'sro' (35:0)
[08-08-2021 :: 23:38:46] [World] [World Server] Setting to 'oasis' (37:0)
[08-08-2021 :: 23:38:53] [World] [World Server] Setting to 'sro' (35:0)
[08-09-2021 :: 04:26:26] [World] [World Server] Setting to 'najena' (44:0)
[08-09-2021 :: 04:26:26] [World] [World Server] Setting to 'najena' (44:0)
[08-09-2021 :: 04:26:46] [World] [World Server] Setting to 'runnyeye' (11:0)
[08-09-2021 :: 04:26:47] [World] [World Server] Setting to 'runnyeye' (11:0)
[08-09-2021 :: 04:27:42] [World] [World Server] Setting to 'beholder' (16:0)
[08-09-2021 :: 04:27:43] [World] [World Server] Setting to 'beholder' (16:0)
[08-09-2021 :: 08:11:11] [World] [World Server] Setting to 'sro' (35:0)
[08-09-2021 :: 08:11:11] [World] [World Server] Setting to 'sro' (35:0)
[08-09-2021 :: 08:12:47] [World] [World Server] Setting to 'qrg' (3:0)
[08-09-2021 :: 08:12:47] [World] [World Server] Setting to 'qrg' (3:0)
[08-09-2021 :: 08:13:52] [World] [World Server] Setting to 'qeytoqrg' (4:0)
[08-09-2021 :: 08:13:53] [World] [World Server] Setting to 'qeytoqrg' (4:0)
[08-09-2021 :: 11:01:34] [World] [World Server] Setting to 'qrg' (3:0)
[08-09-2021 :: 11:01:35] [World] [World Server] Setting to 'qrg' (3:0)
[08-09-2021 :: 11:02:39] [World] [World Server] Setting to 'qeytoqrg' (4:0)
[08-09-2021 :: 11:12:14] [World] [World Server] Setting to 'sro' (35:0)
[08-09-2021 :: 11:12:14] [World] [World Server] Setting to 'sro' (35:0)
[08-09-2021 :: 11:17:43] [World] [World Server] Setting to 'innothule' (46:0)
[08-09-2021 :: 11:17:43] [World] [World Server] Setting to 'innothule' (46:0)
[08-09-2021 :: 11:17:54] [World] [World Server] Setting to 'sro' (35:0)
[08-09-2021 :: 11:18:02] [World] [World Server] Setting to 'innothule' (46:0)
[08-09-2021 :: 11:18:11] [World] [World Server] Setting to 'sro' (35:0)
[08-09-2021 :: 11:18:30] [World] [World Server] Setting to 'innothule' (46:0)
[08-09-2021 :: 11:18:39] [World] [World Server] Setting to 'sro' (35:0)
[08-09-2021 :: 11:18:55] [World] [World Server] Setting to 'innothule' (46:0)
[08-09-2021 :: 11:21:58] [World] [World Server] Setting to 'sro' (35:0)
[08-09-2021 :: 11:22:29] [World] [World Server] Setting to 'innothule' (46:0)
[08-09-2021 :: 11:25:29] [World] [World Server] Setting to 'sro' (35:0)
[08-09-2021 :: 11:26:38] [World] [World Server] Setting to 'innothule' (46:0)
[08-09-2021 :: 11:26:45] [World] [World Server] Setting to 'sro' (35:0)
[08-09-2021 :: 11:27:19] [World] [World Server] Setting to 'innothule' (46:0)
[08-09-2021 :: 11:28:12] [World] [World Server] Setting to 'sro' (35:0)
[08-09-2021 :: 11:28:22] [World] [World Server] Setting to 'innothule' (46:0)
[08-09-2021 :: 11:28:58] [World] [World Server] Setting to 'sro' (35:0)
[08-09-2021 :: 11:31:06] [World] [World Server] Setting to 'innothule' (46:0)
[08-09-2021 :: 11:31:55] [World] [World Server] Setting to 'sro' (35:0)
[08-09-2021 :: 11:32:30] [World] [World Server] Setting to 'innothule' (46:0)
[08-09-2021 :: 11:33:46] [World] [World Server] Setting to 'sro' (35:0)
[08-09-2021 :: 11:33:54] [World] [World Server] Setting to 'innothule' (46:0)
[08-09-2021 :: 11:34:08] [World] [World Server] Setting to 'sro' (35:0)
[08-09-2021 :: 11:35:06] [World] [World Server] Setting to 'innothule' (46:0)
[08-09-2021 :: 11:35:12] [World] [World Server] Setting to 'sro' (35:0)
[08-09-2021 :: 11:35:19] [World] [World Server] Setting to 'innothule' (46:0)
[08-09-2021 :: 11:35:24] [World] [World Server] Setting to 'sro' (35:0)
[08-09-2021 :: 11:35:29] [World] [World Server] Setting to 'innothule' (46:0)
[08-09-2021 :: 11:35:36] [World] [World Server] Setting to 'sro' (35:0)
[08-09-2021 :: 11:46:15] [World] [World Server] Setting to 'innothule' (46:0)
[08-09-2021 :: 11:46:36] [World] [World Server] Setting to 'sro' (35:0)
[08-09-2021 :: 11:48:40] [World] [World Server] Setting to 'innothule' (46:0)
[08-09-2021 :: 11:51:20] [World] [World Server] Setting to 'feerrott' (47:0)
[08-09-2021 :: 11:51:21] [World] [World Server] Setting to 'feerrott' (47:0)
[08-09-2021 :: 11:51:44] [World] [World Server] Setting to 'innothule' (46:0)
[08-09-2021 :: 11:51:52] [World] [World Server] Setting to 'feerrott' (47:0)
[08-09-2021 :: 11:53:05] [World] [World Server] Setting to 'innothule' (46:0)
[08-09-2021 :: 11:59:42] [World] [World Server] Setting to 'feerrott' (47:0)
[08-09-2021 :: 12:00:04] [World] [World Server] Setting to 'innothule' (46:0)
[08-09-2021 :: 12:00:51] [World] [World Server] Setting to 'feerrott' (47:0)
[08-09-2021 :: 12:00:57] [World] [World Server] Setting to 'innothule' (46:0)
[08-09-2021 :: 12:03:14] [World] [World Server] Setting to 'feerrott' (47:0)
[08-09-2021 :: 12:03:19] [World] [World Server] Setting to 'innothule' (46:0)
[08-09-2021 :: 12:04:15] [World] [World Server] Setting to 'feerrott' (47:0)
[08-09-2021 :: 12:05:06] [World] [World Server] Setting to 'innothule' (46:0)
[08-09-2021 :: 12:05:12] [World] [World Server] Setting to 'feerrott' (47:0)
[08-09-2021 :: 12:05:20] [World] [World Server] Setting to 'innothule' (46:0)
[08-09-2021 :: 12:05:27] [World] [World Server] Setting to 'feerrott' (47:0)
[08-09-2021 :: 12:05:37] [World] [World Server] Setting to 'innothule' (46:0)
[08-09-2021 :: 12:07:35] [World] [World Server] Setting to 'feerrott' (47:0)
[08-09-2021 :: 12:08:04] [World] [World Server] Setting to 'innothule' (46:0)
[08-09-2021 :: 12:12:40] [World] [World Server] Setting to 'guktop' (65:0)
[08-09-2021 :: 12:12:41] [World] [World Server] Setting to 'guktop' (65:0)
[08-09-2021 :: 12:12:49] [World] [World Server] Setting to 'innothule' (46:0)
[08-09-2021 :: 12:13:14] [World] [World Server] Setting to 'guktop' (65:0)
[08-09-2021 :: 12:28:48] [World] [World Server] Setting to 'innothule' (46:0)
[08-09-2021 :: 12:28:49] [World] [World Server] Setting to 'innothule' (46:0)
[08-09-2021 :: 12:29:27] [World] [World Server] Setting to 'guktop' (65:0)
[08-09-2021 :: 12:29:33] [World] [World Server] Setting to 'innothule' (46:0)
[08-09-2021 :: 12:29:39] [World] [World Server] Setting to 'guktop' (65:0)
[08-09-2021 :: 12:29:46] [World] [World Server] Setting to 'innothule' (46:0)
[08-09-2021 :: 12:29:54] [World] [World Server] Setting to 'guktop' (65:0)
[08-09-2021 :: 12:30:15] [World] [World Server] Setting to 'innothule' (46:0)
[08-09-2021 :: 12:30:22] [World] [World Server] Setting to 'guktop' (65:0)
[08-09-2021 :: 12:30:29] [World] [World Server] Setting to 'innothule' (46:0)
[08-09-2021 :: 12:30:35] [World] [World Server] Setting to 'guktop' (65:0)
[08-09-2021 :: 12:30:59] [World] [World Server] Setting to 'innothule' (46:0)
[08-09-2021 :: 12:33:04] [World] [World Server] Setting to 'guktop' (65:0)
[08-09-2021 :: 12:33:11] [World] [World Server] Setting to 'innothule' (46:0)
[08-09-2021 :: 12:33:17] [World] [World Server] Setting to 'guktop' (65:0)
[08-09-2021 :: 12:33:40] [World] [World Server] Setting to 'innothule' (46:0)
[08-09-2021 :: 12:35:20] [World] [World Server] Setting to 'guktop' (65:0)
[08-09-2021 :: 12:35:25] [World] [World Server] Setting to 'innothule' (46:0)
[08-09-2021 :: 12:35:32] [World] [World Server] Setting to 'guktop' (65:0)
[08-09-2021 :: 12:35:51] [World] [World Server] Setting to 'innothule' (46:0)
[08-09-2021 :: 12:38:00] [World] [World Server] Setting to 'grobb' (52:0)
[08-09-2021 :: 12:38:01] [World] [World Server] Setting to 'grobb' (52:0)
[08-09-2021 :: 12:38:47] [World] [World Server] Setting to 'innothule' (46:0)
[08-09-2021 :: 12:39:27] [World] [World Server] Setting to 'grobb' (52:0)
[08-09-2021 :: 12:41:48] [World] [World Server] Setting to 'innothule' (46:0)
[08-09-2021 :: 12:42:01] [World] [World Server] Setting to 'grobb' (52:0)
[08-09-2021 :: 12:42:08] [World] [World Server] Setting to 'innothule' (46:0)
[08-09-2021 :: 12:42:13] [World] [World Server] Setting to 'grobb' (52:0)
[08-09-2021 :: 12:42:32] [World] [World Server] Setting to 'innothule' (46:0)
[08-09-2021 :: 12:42:37] [World] [World Server] Setting to 'grobb' (52:0)
[08-09-2021 :: 12:44:03] [World] [World Server] Setting to 'innothule' (46:0)
[08-09-2021 :: 12:45:02] [World] [World Server] Setting to 'grobb' (52:0)
[08-09-2021 :: 12:45:06] [World] [World Server] Setting to 'innothule' (46:0)
[08-09-2021 :: 12:45:32] [World] [World Server] Setting to 'grobb' (52:0)
[08-09-2021 :: 12:46:10] [World] [World Server] Setting to 'innothule' (46:0)
[08-09-2021 :: 12:46:22] [World] [World Server] Setting to 'grobb' (52:0)
[08-09-2021 :: 12:46:28] [World] [World Server] Setting to 'innothule' (46:0)
[08-09-2021 :: 12:46:54] [World] [World Server] Setting to 'grobb' (52:0)
[08-09-2021 :: 12:47:35] [World] [World Server] Setting to 'guktop' (65:0)
[08-09-2021 :: 12:59:25] [World] [World Server] Setting to 'gukbottom' (66:0)
[08-09-2021 :: 12:59:26] [World] [World Server] Setting to 'gukbottom' (66:0)
[08-09-2021 :: 12:59:41] [World] [World Server] Setting to 'guktop' (65:0)
[08-09-2021 :: 13:01:08] [World] [World Server] Setting to 'gukbottom' (66:0)
[08-09-2021 :: 13:01:26] [World] [World Server] Setting to 'guktop' (65:0)
[08-09-2021 :: 13:05:16] [World] [World Server] Setting to 'gukbottom' (66:0)
[08-09-2021 :: 13:05:28] [World] [World Server] Setting to 'guktop' (65:0)
[08-09-2021 :: 13:14:54] [World] [World Server] Setting to 'gukbottom' (66:0)
[08-09-2021 :: 13:15:07] [World] [World Server] Setting to 'guktop' (65:0)
[08-09-2021 :: 13:15:24] [World] [World Server] Setting to 'gukbottom' (66:0)
[08-09-2021 :: 13:15:39] [World] [World Server] Setting to 'guktop' (65:0)
[08-09-2021 :: 13:17:11] [World] [World Server] Setting to 'gukbottom' (66:0)
[08-09-2021 :: 13:17:28] [World] [World Server] Setting to 'guktop' (65:0)
[08-09-2021 :: 13:17:36] [World] [World Server] Setting to 'gukbottom' (66:0)
[08-09-2021 :: 13:18:10] [World] [World Server] Setting to 'guktop' (65:0)
[08-09-2021 :: 13:18:20] [World] [World Server] Setting to 'gukbottom' (66:0)
[08-09-2021 :: 13:18:59] [World] [World Server] Setting to 'guktop' (65:0)
[08-09-2021 :: 13:19:16] [World] [World Server] Setting to 'gukbottom' (66:0)
[08-09-2021 :: 13:19:51] [World] [World Server] Setting to 'guktop' (65:0)
[08-09-2021 :: 13:22:41] [World] [World Server] Setting to 'gukbottom' (66:0)
[08-09-2021 :: 13:23:26] [World] [World Server] Setting to 'guktop' (65:0)
[08-09-2021 :: 13:23:34] [World] [World Server] Setting to 'gukbottom' (66:0)
[08-09-2021 :: 13:23:47] [World] [World Server] Setting to 'guktop' (65:0)
[08-09-2021 :: 13:24:47] [World] [World Server] Setting to 'gukbottom' (66:0)
[08-09-2021 :: 13:24:55] [World] [World Server] Setting to 'guktop' (65:0)
[08-09-2021 :: 13:31:44] [World] [World Server] Setting to 'gukbottom' (66:0)
[08-09-2021 :: 13:32:00] [World] [World Server] Setting to 'guktop' (65:0)
[08-09-2021 :: 13:32:11] [World] [World Server] Setting to 'gukbottom' (66:0)
[08-09-2021 :: 13:32:22] [World] [World Server] Setting to 'guktop' (65:0)
[08-09-2021 :: 13:33:08] [World] [World Server] Setting to 'gukbottom' (66:0)
[08-09-2021 :: 13:36:58] [World] [World Server] Setting to 'guktop' (65:0)
[08-09-2021 :: 13:37:58] [World] [World Server] Setting to 'gukbottom' (66:0)
[08-09-2021 :: 13:38:08] [World] [World Server] Setting to 'guktop' (65:0)
[08-09-2021 :: 13:38:25] [World] [World Server] Setting to 'gukbottom' (66:0)
[08-09-2021 :: 13:41:17] [World] [World Server] Setting to 'guktop' (65:0)
[08-09-2021 :: 13:41:40] [World] [World Server] Setting to 'gukbottom' (66:0)
[08-09-2021 :: 13:42:17] [World] [World Server] Setting to 'guktop' (65:0)
[08-09-2021 :: 13:42:53] [World] [World Server] Setting to 'gukbottom' (66:0)
[08-09-2021 :: 13:44:40] [World] [World Server] Setting to 'guktop' (65:0)
[08-09-2021 :: 13:44:45] [World] [World Server] Setting to 'gukbottom' (66:0)
[08-09-2021 :: 13:44:52] [World] [World Server] Setting to 'guktop' (65:0)
[08-09-2021 :: 13:45:08] [World] [World Server] Setting to 'gukbottom' (66:0)
[08-09-2021 :: 13:45:34] [World] [World Server] Setting to 'guktop' (65:0)
[08-09-2021 :: 13:45:45] [World] [World Server] Setting to 'gukbottom' (66:0)
[08-09-2021 :: 13:45:50] [World] [World Server] Setting to 'guktop' (65:0)
[08-09-2021 :: 13:50:13] [World] [World Server] Setting to 'gukbottom' (66:0)
[08-09-2021 :: 13:50:24] [World] [World Server] Setting to 'guktop' (65:0)
[08-09-2021 :: 13:50:44] [World] [World Server] Setting to 'gukbottom' (66:0)
[08-09-2021 :: 13:50:50] [World] [World Server] Setting to 'guktop' (65:0)
[08-09-2021 :: 13:51:30] [World] [World Server] Setting to 'gukbottom' (66:0)
[08-09-2021 :: 13:51:43] [World] [World Server] Setting to 'guktop' (65:0)
[08-09-2021 :: 13:53:31] [World] [World Server] Setting to 'gukbottom' (66:0)
[08-09-2021 :: 13:53:37] [World] [World Server] Setting to 'guktop' (65:0)
[08-09-2021 :: 13:53:57] [World] [World Server] Setting to 'gukbottom' (66:0)
[08-09-2021 :: 13:54:28] [World] [World Server] Setting to 'guktop' (65:0)
[08-09-2021 :: 13:54:38] [World] [World Server] Setting to 'gukbottom' (66:0)
[08-09-2021 :: 13:54:48] [World] [World Server] Setting to 'guktop' (65:0)
[08-09-2021 :: 13:55:00] [World] [World Server] Setting to 'gukbottom' (66:0)
[08-09-2021 :: 13:55:36] [World] [World Server] Setting to 'guktop' (65:0)
[08-09-2021 :: 13:55:50] [World] [World Server] Setting to 'gukbottom' (66:0)
[08-09-2021 :: 13:56:22] [World] [World Server] Setting to 'guktop' (65:0)
[08-09-2021 :: 13:58:12] [World] [World Server] Setting to 'gukbottom' (66:0)
[08-09-2021 :: 13:58:19] [World] [World Server] Setting to 'guktop' (65:0)
[08-09-2021 :: 13:58:32] [World] [World Server] Setting to 'gukbottom' (66:0)
[08-09-2021 :: 13:58:32] [World] [World Server] Setting to 'gukbottom' (66:0)
[08-09-2021 :: 13:59:17] [World] [World Server] Setting to 'guktop' (65:0)
[08-09-2021 :: 14:11:02] [World] [World Server] Setting to 'gukbottom' (66:0)
[08-09-2021 :: 14:11:07] [World] [World Server] Setting to 'guktop' (65:0)
[08-09-2021 :: 14:11:16] [World] [World Server] Setting to 'gukbottom' (66:0)
[08-09-2021 :: 14:11:29] [World] [World Server] Setting to 'guktop' (65:0)
[08-09-2021 :: 14:11:40] [World] [World Server] Setting to 'gukbottom' (66:0)
[08-09-2021 :: 14:13:32] [World] [World Server] Setting to 'guktop' (65:0)
[08-09-2021 :: 14:13:32] [World] [World Server] Setting to 'guktop' (65:0)
[08-09-2021 :: 14:13:57] [World] [World Server] Setting to 'gukbottom' (66:0)
[08-09-2021 :: 14:14:12] [World] [World Server] Setting to 'guktop' (65:0)
[08-09-2021 :: 14:15:23] [World] [World Server] Setting to 'gukbottom' (66:0)
[08-09-2021 :: 14:15:38] [World] [World Server] Setting to 'guktop' (65:0)
[08-09-2021 :: 14:15:49] [World] [World Server] Setting to 'gukbottom' (66:0)
[08-09-2021 :: 14:16:08] [World] [World Server] Setting to 'guktop' (65:0)
[08-09-2021 :: 14:17:10] [World] [World Server] Setting to 'gukbottom' (66:0)
[08-09-2021 :: 14:17:20] [World] [World Server] Setting to 'guktop' (65:0)
[08-09-2021 :: 14:17:27] [World] [World Server] Setting to 'gukbottom' (66:0)
[08-09-2021 :: 14:17:32] [World] [World Server] Setting to 'guktop' (65:0)
[08-09-2021 :: 14:21:00] [World] [World Server] Setting to 'gukbottom' (66:0)
[08-09-2021 :: 14:22:14] [World] [World Server] Setting to 'qrg' (3:0)
[08-09-2021 :: 14:22:15] [World] [World Server] Setting to 'qrg' (3:0)
[08-09-2021 :: 14:23:57] [World] [World Server] Setting to 'gukbottom' (66:0)
[08-09-2021 :: 14:24:19] [World] [World Server] Setting to 'guktop' (65:0)
[08-09-2021 :: 14:24:26] [World] [World Server] Setting to 'gukbottom' (66:0)
[08-09-2021 :: 14:38:46] [World] [World Server] Setting to 'innothule' (46:0)
[08-09-2021 :: 14:38:47] [World] [World Server] Setting to 'innothule' (46:0)
[08-09-2021 :: 14:39:46] [World] [World Server] Setting to 'guktop' (65:0)
[08-09-2021 :: 14:42:16] [World] [World Server] Setting to 'innothule' (46:0)
[08-09-2021 :: 14:45:54] [World] [World Server] Setting to 'feerrott' (47:0)
[08-09-2021 :: 14:45:55] [World] [World Server] Setting to 'feerrott' (47:0)
[08-09-2021 :: 14:47:14] [World] [World Server] Setting to 'ecommons' (22:0)
[08-09-2021 :: 14:47:15] [World] [World Server] Setting to 'ecommons' (22:0)
[08-09-2021 :: 14:47:24] [World] [World Server] Setting to 'feerrott' (47:0)
[08-09-2021 :: 14:47:43] [World] [World Server] Setting to 'ecommons' (22:0)
[08-09-2021 :: 14:47:55] [World] [World Server] Setting to 'feerrott' (47:0)
[08-09-2021 :: 19:16:49] [World] [World Server] Setting to 'feerrott' (47:0)
[08-09-2021 :: 19:16:49] [World] [World Server] Setting to 'feerrott' (47:0)
[08-09-2021 :: 19:17:05] [World] [World Server] Setting to 'freportw' (9:0)
[08-09-2021 :: 19:17:06] [World] [World Server] Setting to 'freportw' (9:0)
[08-09-2021 :: 19:17:33] [World] [World Server] Setting to 'ecommons' (22:0)
[08-09-2021 :: 19:17:34] [World] [World Server] Setting to 'ecommons' (22:0)
[08-09-2021 :: 19:17:46] [World] [World Server] Setting to 'freportw' (9:0)
[08-09-2021 :: 19:33:02] [World] [World Server] Setting to 'ecommons' (22:0)
[08-09-2021 :: 19:33:16] [World] [World Server] Setting to 'freportw' (9:0)
[08-09-2021 :: 19:36:01] [World] [World Server] Setting to 'ecommons' (22:0)
[08-09-2021 :: 19:36:30] [World] [World Server] Setting to 'freportw' (9:0)
[08-09-2021 :: 19:38:07] [World] [World Server] Setting to 'ecommons' (22:0)
[08-09-2021 :: 19:38:18] [World] [World Server] Setting to 'freportw' (9:0)
[08-09-2021 :: 19:38:37] [World] [World Server] Setting to 'ecommons' (22:0)
[08-09-2021 :: 19:39:04] [World] [World Server] Setting to 'freportw' (9:0)
[08-09-2021 :: 19:40:05] [World] [World Server] Setting to 'ecommons' (22:0)
[08-09-2021 :: 19:40:14] [World] [World Server] Setting to 'freportw' (9:0)
[08-09-2021 :: 19:41:38] [World] [World Server] Setting to 'ecommons' (22:0)
[08-09-2021 :: 19:41:47] [World] [World Server] Setting to 'freportw' (9:0)
[08-09-2021 :: 19:43:04] [World] [World Server] Setting to 'ecommons' (22:0)
[08-09-2021 :: 19:43:19] [World] [World Server] Setting to 'freportw' (9:0)
[08-09-2021 :: 19:44:35] [World] [World Server] Setting to 'ecommons' (22:0)
[08-09-2021 :: 19:44:45] [World] [World Server] Setting to 'freportw' (9:0)
[08-09-2021 :: 19:45:22] [World] [World Server] Setting to 'ecommons' (22:0)
[08-09-2021 :: 19:45:33] [World] [World Server] Setting to 'freportw' (9:0)
[08-09-2021 :: 19:46:18] [World] [World Server] Setting to 'ecommons' (22:0)
[08-09-2021 :: 19:46:27] [World] [World Server] Setting to 'freportw' (9:0)
[08-09-2021 :: 19:47:12] [World] [World Server] Setting to 'ecommons' (22:0)
[08-09-2021 :: 19:47:20] [World] [World Server] Setting to 'freportw' (9:0)
[08-09-2021 :: 19:48:36] [World] [MySQL Error] [1364] [Field 'public_note' doesn't have a default value]
[INSERT INTO `guild_members` SET `char_id` = 7128, `guild_id` = '1']
[08-09-2021 :: 19:48:36] [World] [World Server] Race: 7  Class: 4  Gender: 1  Deity: 207  Start zone: 3  Tutorial: true
[08-09-2021 :: 19:48:36] [World] [World Server]  75   80  100  105   65   75   75     575
[08-09-2021 :: 19:48:36] [World] [World Server] Current location: qrg (3)  84.00, 133.00, 2.44, 128.00
[08-09-2021 :: 19:48:36] [World] [World Server] Bind location: qrg (3) 84.00, 133.00, 2.44
[08-09-2021 :: 19:48:36] [World] [World Server] Home location: qrg (3) 84.00, 133.00, 2.44
[08-09-2021 :: 19:48:36] [World] [World Server] Setting to 'qrg' (3:0)
[08-09-2021 :: 19:48:36] [World] [World Server] Setting to 'qrg' (3:0)
[08-09-2021 :: 19:49:57] [World] [World Server] Setting to 'ecommons' (22:0)
[08-09-2021 :: 19:50:06] [World] [World Server] Setting to 'freportw' (9:0)
[08-09-2021 :: 19:50:50] [World] [World Server] Setting to 'ecommons' (22:0)
[08-09-2021 :: 19:51:01] [World] [World Server] Setting to 'freportw' (9:0)
[08-09-2021 :: 19:51:41] [World] [World Server] Setting to 'ecommons' (22:0)
[08-09-2021 :: 19:51:50] [World] [World Server] Setting to 'freportw' (9:0)
[08-09-2021 :: 19:53:01] [World] [World Server] Setting to 'ecommons' (22:0)
[08-09-2021 :: 19:53:11] [World] [World Server] Setting to 'freportw' (9:0)
[08-09-2021 :: 19:53:49] [World] [World Server] Setting to 'ecommons' (22:0)
[08-09-2021 :: 19:53:59] [World] [World Server] Setting to 'freportw' (9:0)
[08-09-2021 :: 20:01:18] [World] [World Server] Setting to 'ecommons' (22:0)
[08-09-2021 :: 20:01:27] [World] [World Server] Setting to 'freportw' (9:0)
[08-09-2021 :: 20:02:04] [World] [World Server] Setting to 'ecommons' (22:0)
[08-09-2021 :: 20:02:12] [World] [World Server] Setting to 'freportw' (9:0)
[08-09-2021 :: 20:08:14] [World] [World Server] Setting to 'ecommons' (22:0)
[08-09-2021 :: 20:08:26] [World] [World Server] Setting to 'freportw' (9:0)
[08-09-2021 :: 20:14:25] [World] [World Server] Setting to 'ecommons' (22:0)
[08-09-2021 :: 20:14:33] [World] [World Server] Setting to 'freportw' (9:0)
[08-09-2021 :: 20:23:03] [World] [World Server] Setting to 'ecommons' (22:0)
[08-09-2021 :: 20:23:04] [World] [World Server] Setting to 'ecommons' (22:0)
[08-09-2021 :: 20:23:23] [World] [World Server] Setting to 'freportw' (9:0)
[08-09-2021 :: 20:24:46] [World] [World Server] Setting to 'ecommons' (22:0)
[08-09-2021 :: 20:24:57] [World] [World Server] Setting to 'freportw' (9:0)
[08-09-2021 :: 20:25:10] [World] [World Server] Setting to 'runnyeye' (11:0)
[08-09-2021 :: 20:25:10] [World] [World Server] Setting to 'runnyeye' (11:0)
[08-09-2021 :: 20:25:20] [World] [World Server] Setting to 'misty' (33:0)
[08-09-2021 :: 20:25:21] [World] [World Server] Setting to 'misty' (33:0)
[08-09-2021 :: 20:25:44] [World] [World Server] Setting to 'runnyeye' (11:0)
[08-09-2021 :: 23:38:32] [World] [World Server] Setting to 'runnyeye' (11:0)
[08-09-2021 :: 23:38:32] [World] [World Server] Setting to 'runnyeye' (11:0)
[08-09-2021 :: 23:38:46] [World] [World Server] Setting to 'feerrott' (47:0)
[08-09-2021 :: 23:38:47] [World] [World Server] Setting to 'feerrott' (47:0)
[08-09-2021 :: 23:39:41] [World] [World Server] Setting to 'oggok' (49:0)
[08-09-2021 :: 23:39:42] [World] [World Server] Setting to 'oggok' (49:0)
[08-09-2021 :: 23:40:22] [World] [World Server] Setting to 'feerrott' (47:0)
[08-09-2021 :: 23:43:13] [World] [World Server] Setting to 'oggok' (49:0)
[08-09-2021 :: 23:43:18] [World] [World Server] Setting to 'feerrott' (47:0)
[08-09-2021 :: 23:45:33] [World] [World Server] Setting to 'oggok' (49:0)
[08-09-2021 :: 23:46:42] [World] [World Server] Setting to 'feerrott' (47:0)
[08-09-2021 :: 23:46:51] [World] [World Server] Setting to 'oggok' (49:0)
[08-09-2021 :: 23:46:55] [World] [World Server] Setting to 'feerrott' (47:0)
[08-09-2021 :: 23:47:00] [World] [World Server] Setting to 'oggok' (49:0)
[08-09-2021 :: 23:47:08] [World] [World Server] Setting to 'feerrott' (47:0)
[08-09-2021 :: 23:47:16] [World] [World Server] Setting to 'oggok' (49:0)
[08-09-2021 :: 23:47:52] [World] [World Server] Setting to 'feerrott' (47:0)
[08-09-2021 :: 23:51:08] [World] [World Server] Setting to 'rathemtn' (50:0)
[08-09-2021 :: 23:51:09] [World] [World Server] Setting to 'rathemtn' (50:0)
[08-09-2021 :: 23:52:44] [World] [World Server] Setting to 'feerrott' (47:0)
[08-09-2021 :: 23:53:25] [World] [World Server] Setting to 'rathemtn' (50:0)
[08-09-2021 :: 23:55:01] [World] [World Server] Setting to 'feerrott' (47:0)
[08-09-2021 :: 23:57:00] [World] [World Server] Setting to 'rathemtn' (50:0)
[08-09-2021 :: 23:57:27] [World] [World Server] Setting to 'feerrott' (47:0)
[08-09-2021 :: 23:57:33] [World] [World Server] Setting to 'rathemtn' (50:0)
[08-09-2021 :: 23:57:40] [World] [World Server] Setting to 'feerrott' (47:0)
[08-09-2021 :: 23:57:48] [World] [World Server] Setting to 'rathemtn' (50:0)
[08-09-2021 :: 23:58:38] [World] [World Server] Setting to 'feerrott' (47:0)
[08-09-2021 :: 23:59:22] [World] [World Server] Setting to 'rathemtn' (50:0)
[08-10-2021 :: 00:00:48] [World] [World Server] Setting to 'feerrott' (47:0)
[08-10-2021 :: 00:00:56] [World] [World Server] Setting to 'rathemtn' (50:0)
[08-10-2021 :: 00:01:07] [World] [World Server] Setting to 'feerrott' (47:0)
[08-10-2021 :: 00:01:16] [World] [World Server] Setting to 'rathemtn' (50:0)
[08-10-2021 :: 00:02:23] [World] [World Server] Setting to 'feerrott' (47:0)
[08-10-2021 :: 00:02:38] [World] [World Server] Setting to 'rathemtn' (50:0)
[08-10-2021 :: 00:02:54] [World] [World Server] Setting to 'feerrott' (47:0)
[08-10-2021 :: 00:03:07] [World] [World Server] Setting to 'rathemtn' (50:0)
[08-10-2021 :: 00:03:20] [World] [World Server] Setting to 'feerrott' (47:0)
[08-10-2021 :: 00:03:24] [World] [World Server] Setting to 'rathemtn' (50:0)
[08-10-2021 :: 00:03:35] [World] [World Server] Setting to 'feerrott' (47:0)
[08-10-2021 :: 00:03:49] [World] [World Server] Setting to 'rathemtn' (50:0)
[08-10-2021 :: 00:03:55] [World] [World Server] Setting to 'feerrott' (47:0)
[08-10-2021 :: 00:03:59] [World] [World Server] Setting to 'rathemtn' (50:0)
[08-10-2021 :: 00:04:19] [World] [World Server] Setting to 'feerrott' (47:0)
[08-10-2021 :: 00:11:40] [World] [World Server] Setting to 'cazicthule' (48:0)
[08-10-2021 :: 00:11:41] [World] [World Server] Setting to 'cazicthule' (48:0)
[08-10-2021 :: 00:11:54] [World] [World Server] Setting to 'feerrott' (47:0)
[08-10-2021 :: 00:12:47] [World] [World Server] Setting to 'cazicthule' (48:0)
[08-10-2021 :: 00:14:15] [World] [World Server] Setting to 'feerrott' (47:0)
[08-10-2021 :: 00:14:27] [World] [World Server] Setting to 'cazicthule' (48:0)
[08-10-2021 :: 00:14:35] [World] [World Server] Setting to 'feerrott' (47:0)
[08-10-2021 :: 00:14:51] [World] [World Server] Setting to 'cazicthule' (48:0)
[08-10-2021 :: 00:15:02] [World] [World Server] Setting to 'feerrott' (47:0)
[08-10-2021 :: 00:15:16] [World] [World Server] Setting to 'cazicthule' (48:0)
[08-10-2021 :: 00:15:55] [World] [World Server] Setting to 'feerrott' (47:0)
[08-10-2021 :: 00:17:43] [World] [World Server] Setting to 'cazicthule' (48:0)
[08-10-2021 :: 00:17:55] [World] [World Server] Setting to 'feerrott' (47:0)
[08-10-2021 :: 00:18:11] [World] [World Server] Setting to 'cazicthule' (48:0)
[08-10-2021 :: 00:18:25] [World] [World Server] Setting to 'feerrott' (47:0)
[08-10-2021 :: 00:18:34] [World] [World Server] Setting to 'cazicthule' (48:0)
[08-10-2021 :: 00:18:42] [World] [World Server] Setting to 'feerrott' (47:0)
[08-10-2021 :: 00:18:47] [World] [World Server] Setting to 'cazicthule' (48:0)
[08-10-2021 :: 00:18:52] [World] [World Server] Setting to 'feerrott' (47:0)
[08-10-2021 :: 00:20:13] [World] [World Server] Setting to 'cazicthule' (48:0)
[08-10-2021 :: 00:20:19] [World] [World Server] Setting to 'feerrott' (47:0)
[08-10-2021 :: 00:24:06] [World] [World Server] Setting to 'innothule' (46:0)
[08-10-2021 :: 00:24:06] [World] [World Server] Setting to 'innothule' (46:0)
[08-10-2021 :: 00:24:13] [World] [World Server] Setting to 'feerrott' (47:0)
[08-10-2021 :: 00:24:18] [World] [World Server] Setting to 'innothule' (46:0)
[08-10-2021 :: 00:26:49] [World] [World Server] Setting to 'feerrott' (47:0)
[08-10-2021 :: 00:40:30] [World] [World Server] Setting to 'fearplane' (72:0)
[08-10-2021 :: 00:40:31] [World] [World Server] Setting to 'fearplane' (72:0)
[08-10-2021 :: 00:40:56] [World] [World Server] Setting to 'qrg' (3:0)
[08-10-2021 :: 00:40:57] [World] [World Server] Setting to 'qrg' (3:0)
[08-10-2021 :: 00:41:09] [World] [World Server] Setting to 'fearplane' (72:0)
[08-10-2021 :: 00:46:41] [World] [World Server] Setting to 'fearplane' (72:0)
[08-10-2021 :: 00:47:16] [World] [World Server] Setting to 'feerrott' (47:0)
[08-10-2021 :: 00:50:21] [World] [World Server] Setting to 'fearplane' (72:0)
[08-10-2021 :: 00:57:53] [World] [World Server] Setting to 'feerrott' (47:0)
[08-10-2021 :: 00:59:00] [World] [World Server] Setting to 'fearplane' (72:0)
[08-10-2021 :: 00:59:14] [World] [World Server] Setting to 'feerrott' (47:0)
[08-10-2021 :: 01:00:03] [World] [World Server] Setting to 'fearplane' (72:0)
[08-10-2021 :: 01:09:06] [World] [World Server] Setting to 'feerrott' (47:0)
[08-10-2021 :: 01:10:35] [World] [World Server] Setting to 'fearplane' (72:0)
[08-10-2021 :: 01:10:56] [World] [World Server] Setting to 'ecommons' (22:0)
[08-10-2021 :: 01:10:57] [World] [World Server] Setting to 'ecommons' (22:0)
[08-10-2021 :: 12:21:49] [World] [World Server] Setting to 'ecommons' (22:0)
[08-10-2021 :: 12:21:49] [World] [World Server] Setting to 'ecommons' (22:0)
[08-10-2021 :: 12:22:47] [World] [World Server] Setting to 'oasis' (37:0)
[08-10-2021 :: 12:22:48] [World] [World Server] Setting to 'oasis' (37:0)
[08-10-2021 :: 12:23:59] [World] [World Server] Setting to 'oasis' (37:0)
[08-10-2021 :: 12:25:09] [World] [World Server] Setting to 'nro' (34:0)
[08-10-2021 :: 12:25:10] [World] [World Server] Setting to 'nro' (34:0)
[08-10-2021 :: 12:25:39] [World] [World Server] Setting to 'oasis' (37:0)
[08-10-2021 :: 12:26:03] [World] [World Server] Setting to 'nro' (34:0)
[08-10-2021 :: 12:26:19] [World] [World Server] Setting to 'oasis' (37:0)
[08-10-2021 :: 12:26:30] [World] [World Server] Setting to 'nro' (34:0)
[08-10-2021 :: 12:26:40] [World] [World Server] Setting to 'oasis' (37:0)
[08-10-2021 :: 12:26:51] [World] [World Server] Setting to 'nro' (34:0)
[08-10-2021 :: 14:40:05] [World] [World Server] Setting to 'nro' (34:0)
[08-10-2021 :: 14:40:05] [World] [World Server] Setting to 'nro' (34:0)
[08-10-2021 :: 14:40:19] [World] [World Server] Setting to 'oasis' (37:0)
[08-10-2021 :: 14:40:20] [World] [World Server] Setting to 'oasis' (37:0)
[08-10-2021 :: 14:42:17] [World] [World Server] Setting to 'sro' (35:0)
[08-10-2021 :: 14:42:18] [World] [World Server] Setting to 'sro' (35:0)
[08-10-2021 :: 14:47:32] [World] [World Server] Setting to 'oasis' (37:0)
[08-10-2021 :: 14:47:42] [World] [World Server] Setting to 'sro' (35:0)
[08-10-2021 :: 14:48:05] [World] [World Server] Setting to 'nektulos' (25:0)
[08-10-2021 :: 14:48:05] [World] [World Server] Setting to 'nektulos' (25:0)
[08-10-2021 :: 14:48:14] [World] [World Server] Setting to 'sro' (35:0)
[08-10-2021 :: 14:58:33] [World] [World Server] Setting to 'innothule' (46:0)
[08-10-2021 :: 14:58:34] [World] [World Server] Setting to 'innothule' (46:0)
[08-10-2021 :: 20:28:28] [World] [World Server] Setting to 'innothule' (46:0)
[08-10-2021 :: 20:28:28] [World] [World Server] Setting to 'innothule' (46:0)
[08-10-2021 :: 20:28:48] [World] [World Server] Setting to 'freportw' (9:0)
[08-10-2021 :: 20:28:49] [World] [World Server] Setting to 'freportw' (9:0)
[08-10-2021 :: 20:29:04] [World] [World Server] Setting to 'ecommons' (22:0)
[08-10-2021 :: 20:29:05] [World] [World Server] Setting to 'ecommons' (22:0)
[08-10-2021 :: 20:29:17] [World] [World Server] Setting to 'freportw' (9:0)
[08-10-2021 :: 20:35:49] [World] [World Server] Setting to 'nro' (34:0)
[08-10-2021 :: 20:35:50] [World] [World Server] Setting to 'nro' (34:0)
[08-14-2021 :: 01:39:57] [World] [Error] Error decrypting message from client
[08-14-2021 :: 01:40:20] [World] [World Server] Setting to 'qeynos' (1:0)
[08-14-2021 :: 01:40:20] [World] [World Server] Setting to 'qeynos' (1:0)
[08-14-2021 :: 01:40:40] [World] [World Server] Setting to 'freportw' (9:0)
[08-14-2021 :: 01:40:41] [World] [World Server] Setting to 'freportw' (9:0)
