[08-13-2021 :: 00:47:17] [World] [World Server] Setting to 'eastkarana' (15:0)
[08-13-2021 :: 00:47:17] [World] [World Server] Setting to 'eastkarana' (15:0)
[08-13-2021 :: 00:47:48] [World] [World Server] Setting to 'mistmoore' (59:0)
[08-13-2021 :: 00:47:49] [World] [World Server] Setting to 'mistmoore' (59:0)
[08-13-2021 :: 00:48:30] [World] [World Server] Setting to 'ecommons' (22:0)
[08-13-2021 :: 00:48:31] [World] [World Server] Setting to 'ecommons' (22:0)
[08-13-2021 :: 00:57:39] [World] [World Server] Setting to 'ecommons' (22:0)
[08-13-2021 :: 00:57:54] [World] [World Server] Setting to 'airplane' (71:0)
[08-13-2021 :: 00:57:55] [World] [World Server] Setting to 'airplane' (71:0)
[08-13-2021 :: 00:58:18] [World] [World Server] Setting to 'freporte' (10:0)
[08-13-2021 :: 00:58:19] [World] [World Server] Setting to 'freporte' (10:0)
[08-13-2021 :: 00:59:16] [World] [World Server] Setting to 'airplane' (71:0)
[08-13-2021 :: 00:59:16] [World] [World Server] Setting to 'airplane' (71:0)
[08-13-2021 :: 00:59:32] [World] [World Server] Setting to 'freporte' (10:0)
[08-13-2021 :: 01:07:14] [World] [World Server] Setting to 'airplane' (71:0)
[08-13-2021 :: 01:07:15] [World] [World Server] Setting to 'airplane' (71:0)
[08-13-2021 :: 01:07:38] [World] [World Server] Setting to 'freporte' (10:0)
[08-13-2021 :: 01:08:06] [World] [World Server] Setting to 'airplane' (71:0)
[08-13-2021 :: 01:08:07] [World] [World Server] Setting to 'airplane' (71:0)
[08-13-2021 :: 01:08:43] [World] [World Server] Setting to 'freporte' (10:0)
[08-13-2021 :: 02:38:02] [World] [World Server] Setting to 'freporte' (10:0)
[08-13-2021 :: 02:38:02] [World] [World Server] Setting to 'freporte' (10:0)
[08-13-2021 :: 02:38:46] [World] [World Server] Setting to 'oggok' (49:0)
[08-13-2021 :: 02:38:47] [World] [World Server] Setting to 'oggok' (49:0)
[08-13-2021 :: 02:39:46] [World] [World Server] Setting to 'ecommons' (22:0)
[08-13-2021 :: 02:39:47] [World] [World Server] Setting to 'ecommons' (22:0)
[08-13-2021 :: 02:51:16] [World] [World Server] Setting to 'commons' (21:0)
[08-13-2021 :: 02:51:16] [World] [World Server] Setting to 'commons' (21:0)
[08-13-2021 :: 11:37:11] [World] [World Server] Setting to 'commons' (21:0)
[08-13-2021 :: 11:37:11] [World] [World Server] Setting to 'commons' (21:0)
[08-13-2021 :: 11:37:28] [World] [World Server] Setting to 'freporte' (10:0)
[08-13-2021 :: 11:37:29] [World] [World Server] Setting to 'freporte' (10:0)
[08-13-2021 :: 11:37:35] [World] [World Server] Setting to 'arena' (77:0)
[08-13-2021 :: 11:37:36] [World] [World Server] Setting to 'arena' (77:0)
[08-13-2021 :: 11:38:15] [World] [World Server] Setting to 'lakerathe' (51:0)
[08-13-2021 :: 11:38:16] [World] [World Server] Setting to 'lakerathe' (51:0)
[08-13-2021 :: 11:38:45] [World] [World Server] Setting to 'arena' (77:0)
[08-13-2021 :: 11:39:09] [World] [World Server] Setting to 'lakerathe' (51:0)
[08-13-2021 :: 11:39:16] [World] [World Server] Setting to 'arena' (77:0)
[08-13-2021 :: 11:39:21] [World] [World Server] Setting to 'lakerathe' (51:0)
[08-13-2021 :: 11:39:34] [World] [World Server] Setting to 'arena' (77:0)
[08-13-2021 :: 11:39:56] [World] [World Server] Setting to 'lakerathe' (51:0)
[08-13-2021 :: 11:40:01] [World] [World Server] Setting to 'arena' (77:0)
[08-13-2021 :: 11:40:21] [World] [World Server] Setting to 'ecommons' (22:0)
[08-13-2021 :: 11:40:22] [World] [World Server] Setting to 'ecommons' (22:0)
[08-13-2021 :: 11:40:30] [World] [World Server] Setting to 'arena' (77:0)
[08-13-2021 :: 11:41:19] [World] [World Server] Setting to 'ecommons' (22:0)
[08-13-2021 :: 11:41:28] [World] [World Server] Setting to 'arena' (77:0)
[08-13-2021 :: 11:41:43] [World] [World Server] Setting to 'lakerathe' (51:0)
[08-13-2021 :: 11:41:52] [World] [World Server] Setting to 'arena' (77:0)
[08-13-2021 :: 11:42:05] [World] [World Server] Setting to 'ecommons' (22:0)
[08-13-2021 :: 11:42:18] [World] [World Server] Setting to 'arena' (77:0)
[08-13-2021 :: 11:42:33] [World] [World Server] Setting to 'lakerathe' (51:0)
[08-13-2021 :: 11:49:08] [World] [World Server] Setting to 'arena' (77:0)
[08-13-2021 :: 11:49:23] [World] [World Server] Setting to 'ecommons' (22:0)
[08-13-2021 :: 11:49:32] [World] [World Server] Setting to 'arena' (77:0)
[08-13-2021 :: 11:49:52] [World] [World Server] Setting to 'lakerathe' (51:0)
[08-13-2021 :: 11:50:07] [World] [World Server] Setting to 'freporte' (10:0)
[08-13-2021 :: 11:50:33] [World] [World Server] Setting to 'freportw' (9:0)
[08-13-2021 :: 11:50:35] [World] [World Server] Setting to 'freportw' (9:0)
[08-13-2021 :: 11:53:16] [World] [World Server] Setting to 'ecommons' (22:0)
[08-13-2021 :: 11:53:30] [World] [World Server] Setting to 'freportw' (9:0)
[08-13-2021 :: 11:55:26] [World] [World Server] Setting to 'ecommons' (22:0)
[08-13-2021 :: 11:55:43] [World] [World Server] Setting to 'freportw' (9:0)
[08-13-2021 :: 12:00:50] [World] [World Server] Setting to 'freportn' (8:0)
[08-13-2021 :: 12:00:51] [World] [World Server] Setting to 'freportn' (8:0)
[08-13-2021 :: 12:00:59] [World] [World Server] Setting to 'freportw' (9:0)
[08-13-2021 :: 12:06:59] [World] [World Server] Setting to 'ecommons' (22:0)
[08-13-2021 :: 12:07:12] [World] [World Server] Setting to 'freportw' (9:0)
[08-13-2021 :: 12:09:39] [World] [World Server] Setting to 'ecommons' (22:0)
[08-13-2021 :: 12:09:49] [World] [World Server] Setting to 'freportw' (9:0)
[08-13-2021 :: 12:19:47] [World] [World Server] Setting to 'ecommons' (22:0)
[08-13-2021 :: 12:19:59] [World] [World Server] Setting to 'freportw' (9:0)
[08-13-2021 :: 12:21:37] [World] [World Server] Setting to 'arena' (77:0)
[08-13-2021 :: 12:22:20] [World] [World Server] Setting to 'ecommons' (22:0)
[08-13-2021 :: 12:22:28] [World] [World Server] Setting to 'arena' (77:0)
[08-13-2021 :: 12:23:12] [World] [World Server] Setting to 'arena' (77:0)
[08-13-2021 :: 12:23:32] [World] [World Server] Setting to 'lakerathe' (51:0)
[08-13-2021 :: 12:24:10] [World] [World Server] Setting to 'arena' (77:0)
[08-13-2021 :: 12:35:58] [World] [World Server] Setting to 'freportw' (9:0)
[08-13-2021 :: 12:39:31] [World] [World Server] Setting to 'arena' (77:0)
[08-13-2021 :: 12:39:32] [World] [World Server] Setting to 'arena' (77:0)
[08-13-2021 :: 12:39:47] [World] [World Server] Setting to 'lakerathe' (51:0)
[08-13-2021 :: 12:39:48] [World] [World Server] Setting to 'lakerathe' (51:0)
[08-13-2021 :: 12:39:54] [World] [World Server] Setting to 'arena' (77:0)
[08-13-2021 :: 12:41:05] [World] [World Server] Setting to 'ecommons' (22:0)
[08-13-2021 :: 12:41:05] [World] [World Server] Setting to 'ecommons' (22:0)
[08-13-2021 :: 12:41:05] [World] [World Server] Setting to 'ecommons' (22:0)
[08-13-2021 :: 12:41:17] [World] [World Server] Setting to 'arena' (77:0)
[08-13-2021 :: 12:41:32] [World] [World Server] Setting to 'lakerathe' (51:0)
[08-13-2021 :: 12:41:38] [World] [World Server] Setting to 'arena' (77:0)
[08-13-2021 :: 12:46:02] [World] [World Server] Setting to 'freportw' (9:0)
[08-13-2021 :: 12:46:58] [World] [World Server] Setting to 'ecommons' (22:0)
[08-13-2021 :: 12:47:08] [World] [World Server] Setting to 'freportw' (9:0)
[08-13-2021 :: 13:33:23] [World] [World Server] Setting to 'freportw' (9:0)
[08-13-2021 :: 13:38:43] [World] [World Server] Setting to 'qrg' (3:0)
[08-13-2021 :: 13:38:44] [World] [World Server] Setting to 'qrg' (3:0)
[08-13-2021 :: 13:38:58] [World] [World Server] Setting to 'freportw' (9:0)
[08-13-2021 :: 14:20:24] [World] [World Server] Setting to 'freportw' (9:0)
[08-13-2021 :: 14:20:35] [World] [World Server] Setting to 'freportn' (8:0)
[08-13-2021 :: 14:20:35] [World] [World Server] Setting to 'freportn' (8:0)
[08-13-2021 :: 14:22:17] [World] [World Server] Setting to 'freportw' (9:0)
[08-13-2021 :: 14:25:06] [World] [World Server] Setting to 'freportn' (8:0)
[08-13-2021 :: 14:28:11] [World] [World Server] Setting to 'lakerathe' (51:0)
[08-13-2021 :: 14:28:12] [World] [World Server] Setting to 'lakerathe' (51:0)
[08-13-2021 :: 14:29:24] [World] [World Server] Setting to 'qrg' (3:0)
[08-13-2021 :: 14:29:36] [World] [World Server] Setting to 'lakerathe' (51:0)
[08-13-2021 :: 14:29:43] [World] [World Server] Setting to 'arena' (77:0)
[08-13-2021 :: 14:29:44] [World] [World Server] Setting to 'arena' (77:0)
[08-13-2021 :: 14:30:17] [World] [World Server] Setting to 'lakerathe' (51:0)
[08-13-2021 :: 14:47:25] [World] [World Server] Setting to 'freportw' (9:0)
[08-13-2021 :: 14:56:22] [World] [World Server] Setting to 'freportw' (9:0)
[08-13-2021 :: 14:56:22] [World] [World Server] Setting to 'freportw' (9:0)
