[08-17-2021 :: 23:56:07] [World] [World Server] Setting to 'ecommons' (22:0)
[08-17-2021 :: 23:56:07] [World] [World Server] Setting to 'ecommons' (22:0)
[08-18-2021 :: 00:01:53] [World] [World Server] Setting to 'freporte' (10:0)
[08-18-2021 :: 00:01:54] [World] [World Server] Setting to 'freporte' (10:0)
[08-18-2021 :: 00:24:15] [World] [World Server] Setting to 'ecommons' (22:0)
[08-18-2021 :: 00:28:32] [World] [World Server] Setting to 'nro' (34:0)
[08-18-2021 :: 00:28:32] [World] [World Server] Setting to 'nro' (34:0)
[08-18-2021 :: 00:28:37] [World] [World Server] Setting to 'ecommons' (22:0)
[08-18-2021 :: 00:28:41] [World] [World Server] Setting to 'nro' (34:0)
[08-18-2021 :: 00:31:09] [World] [World Server] Setting to 'oasis' (37:0)
[08-18-2021 :: 00:31:10] [World] [World Server] Setting to 'oasis' (37:0)
[08-18-2021 :: 00:31:17] [World] [World Server] Setting to 'nro' (34:0)
[08-18-2021 :: 00:31:23] [World] [World Server] Setting to 'oasis' (37:0)
[08-18-2021 :: 00:34:38] [World] [World Server] Setting to 'sro' (35:0)
[08-18-2021 :: 00:34:39] [World] [World Server] Setting to 'sro' (35:0)
[08-18-2021 :: 00:34:47] [World] [World Server] Setting to 'oasis' (37:0)
[08-18-2021 :: 00:37:35] [World] [World Server] Setting to 'nro' (34:0)
[08-18-2021 :: 00:51:04] [World] [World Server] Setting to 'nro' (34:0)
[08-18-2021 :: 00:57:10] [World] [World Server] Setting to 'qrg' (3:0)
[08-18-2021 :: 00:57:11] [World] [World Server] Setting to 'qrg' (3:0)
[08-18-2021 :: 01:04:44] [World] [World Server] Setting to 'nro' (34:0)
[08-18-2021 :: 09:05:32] [World] [World Server] Setting to 'nro' (34:0)
[08-18-2021 :: 09:05:32] [World] [World Server] Setting to 'nro' (34:0)
[08-18-2021 :: 09:09:11] [World] [World Server] Setting to 'oasis' (37:0)
[08-18-2021 :: 09:09:11] [World] [World Server] Setting to 'oasis' (37:0)
[08-18-2021 :: 09:13:19] [World] [World Server] Setting to 'qrg' (3:0)
[08-18-2021 :: 09:13:19] [World] [World Server] Setting to 'qrg' (3:0)
[08-18-2021 :: 09:14:08] [World] [World Server] Setting to 'lavastorm' (27:0)
[08-18-2021 :: 09:14:08] [World] [World Server] Setting to 'lavastorm' (27:0)
[08-18-2021 :: 09:19:30] [World] [World Server] Setting to 'commons' (21:0)
[08-18-2021 :: 09:19:31] [World] [World Server] Setting to 'commons' (21:0)
[08-18-2021 :: 09:25:12] [World] [World Server] Setting to 'commons' (21:0)
[08-18-2021 :: 09:31:45] [World] [World Server] Setting to 'ecommons' (22:0)
[08-18-2021 :: 09:31:46] [World] [World Server] Setting to 'ecommons' (22:0)
[08-18-2021 :: 09:31:57] [World] [World Server] Setting to 'commons' (21:0)
[08-18-2021 :: 09:34:30] [World] [World Server] Setting to 'commons' (21:0)
[08-18-2021 :: 09:35:16] [World] [World Server] Setting to 'ecommons' (22:0)
[08-18-2021 :: 09:35:22] [World] [World Server] Setting to 'commons' (21:0)
[08-18-2021 :: 09:39:25] [World] [World Server] Setting to 'commons' (21:0)
[08-18-2021 :: 09:43:22] [World] [World Server] Setting to 'commons' (21:0)
[08-18-2021 :: 09:47:01] [World] [World Server] Setting to 'commons' (21:0)
[08-18-2021 :: 09:51:44] [World] [World Server] Setting to 'commons' (21:0)
