[08-11-2021 :: 01:07:05] [World] [Error] Error decrypting message from client
[08-11-2021 :: 01:07:05] [World] [Error] Error decrypting message from client
[08-11-2021 :: 01:07:47] [World] [World Server] Setting to 'qeynos2' (2:0)
[08-11-2021 :: 01:07:47] [World] [World Server] Setting to 'qeynos2' (2:0)
[08-25-2021 :: 00:24:30] [World] [MySQL Error] [1364] [Field 'public_note' doesn't have a default value]
[INSERT INTO `guild_members` SET `char_id` = 7159, `guild_id` = '1']
[08-25-2021 :: 00:24:30] [World] [World Server] Race: 11  Class: 2  Gender: 0  Deity: 205  Start zone: 3  Tutorial: true
[08-25-2021 :: 00:24:30] [World] [World Server] 100   85   95   90   90   67   50     577
[08-25-2021 :: 00:24:30] [World] [World Server] Current location: rivervale (19)  -369.00, -228.00, -17.81, 192.00
[08-25-2021 :: 00:24:30] [World] [World Server] Bind location: (null) (0) 0.00, 0.00, 0.00
[08-25-2021 :: 00:24:30] [World] [World Server] Home location: rivervale (19) -369.00, -228.00, -17.81
[08-25-2021 :: 00:24:30] [World] [World Server] Setting to 'rivervale' (19:0)
[08-25-2021 :: 00:24:30] [World] [World Server] Setting to 'rivervale' (19:0)
[08-25-2021 :: 00:26:44] [World] [MySQL Error] [1364] [Field 'public_note' doesn't have a default value]
[INSERT INTO `guild_members` SET `char_id` = 7160, `guild_id` = '1']
[08-25-2021 :: 00:26:44] [World] [World Server] Race: 1  Class: 12  Gender: 1  Deity: 396  Start zone: 4  Tutorial: true
[08-25-2021 :: 00:26:44] [World] [World Server] 100   90   75   75   75   85   75     575
[08-25-2021 :: 00:26:44] [World] [World Server] Current location: freportw (9)  -710.00, 138.00, 17.75, 0.00
[08-25-2021 :: 00:26:44] [World] [World Server] Bind location: freportw (9) 181.00, 335.00, -24.00
[08-25-2021 :: 00:26:44] [World] [World Server] Home location: freportw (9) -710.00, 138.00, 17.75
[08-25-2021 :: 00:26:44] [World] [World Server] Setting to 'freportw' (9:0)
[08-25-2021 :: 00:26:44] [World] [World Server] Setting to 'freportw' (9:0)
[08-25-2021 :: 00:28:48] [World] [MySQL Error] [1364] [Field 'public_note' doesn't have a default value]
[INSERT INTO `guild_members` SET `char_id` = 7161, `guild_id` = '1']
[08-25-2021 :: 00:28:49] [World] [World Server] Race: 1  Class: 2  Gender: 0  Deity: 201  Start zone: 1  Tutorial: true
[08-25-2021 :: 00:28:49] [World] [World Server] 105   85   75   75   85   75   75     575
[08-25-2021 :: 00:28:49] [World] [World Server] Current location: qcat (45)  -625.00, 354.00, -35.25, 0.00
[08-25-2021 :: 00:28:49] [World] [World Server] Bind location: (null) (0) 0.00, 0.00, 0.00
[08-25-2021 :: 00:28:49] [World] [World Server] Home location: qcat (45) -625.00, 354.00, -35.25
[08-25-2021 :: 00:28:49] [World] [World Server] Setting to 'qcat' (45:0)
[08-25-2021 :: 00:28:49] [World] [World Server] Setting to 'qcat' (45:0)
