[08-25-2021 :: 23:25:17] [World] [MySQL Error] [1364] [Field 'public_note' doesn't have a default value]
[INSERT INTO `guild_members` SET `char_id` = 7222, `guild_id` = '1']
[08-25-2021 :: 23:25:17] [World] [World Server] Race: 1  Class: 2  Gender: 1  Deity: 208  Start zone: 4  Tutorial: true
[08-25-2021 :: 23:25:17] [World] [World Server]  93   97   75   75   85   75   75     575
[08-25-2021 :: 23:25:17] [World] [World Server] Current location: freportw (9)  201.00, -126.00, 17.75, 0.00
[08-25-2021 :: 23:25:17] [World] [World Server] Bind location: (null) (0) 0.00, 0.00, 0.00
[08-25-2021 :: 23:25:17] [World] [World Server] Home location: freportw (9) 201.00, -126.00, 17.75
[08-25-2021 :: 23:25:17] [World] [World Server] Setting to 'freportw' (9:0)
[08-25-2021 :: 23:25:17] [World] [World Server] Setting to 'freportw' (9:0)
[08-25-2021 :: 23:28:32] [World] [MySQL Error] [1364] [Field 'public_note' doesn't have a default value]
[INSERT INTO `guild_members` SET `char_id` = 7223, `guild_id` = '1']
[08-25-2021 :: 23:28:32] [World] [World Server] Race: 1  Class: 2  Gender: 0  Deity: 208  Start zone: 4  Tutorial: true
[08-25-2021 :: 23:28:32] [World] [World Server]  93   97   75   75   85   75   75     575
[08-25-2021 :: 23:28:32] [World] [World Server] Current location: freportw (9)  -3.94, -40.00, -24.87, 0.00
[08-25-2021 :: 23:28:32] [World] [World Server] Bind location: (null) (0) 0.00, 0.00, 0.00
[08-25-2021 :: 23:28:32] [World] [World Server] Home location: freportw (9) -3.94, -40.00, -24.87
[08-25-2021 :: 23:28:32] [World] [World Server] Setting to 'freportw' (9:0)
[08-25-2021 :: 23:29:13] [World] [World Server] Setting to 'freportn' (8:0)
[08-25-2021 :: 23:29:15] [World] [World Server] Setting to 'freportn' (8:0)
[08-25-2021 :: 23:33:15] [World] [World Server] Setting to 'qrg' (3:0)
[08-25-2021 :: 23:33:15] [World] [World Server] Setting to 'qrg' (3:0)
[08-25-2021 :: 23:34:32] [World] [MySQL Error] [1364] [Field 'public_note' doesn't have a default value]
[INSERT INTO `guild_members` SET `char_id` = 7224, `guild_id` = '1']
[08-25-2021 :: 23:34:33] [World] [World Server] Race: 1  Class: 7  Gender: 0  Deity: 396  Start zone: 1  Tutorial: true
[08-25-2021 :: 23:34:33] [World] [World Server]  88   92   85   85   75   75   75     575
[08-25-2021 :: 23:34:33] [World] [World Server] Current location: qeynos2 (2)  288.00, 344.00, 3.75, 64.00
[08-25-2021 :: 23:34:33] [World] [World Server] Bind location: (null) (0) 0.00, 0.00, 0.00
[08-25-2021 :: 23:34:33] [World] [World Server] Home location: qeynos2 (2) 288.00, 344.00, 3.75
[08-25-2021 :: 23:34:33] [World] [World Server] Setting to 'qeynos2' (2:0)
[08-25-2021 :: 23:34:33] [World] [World Server] Setting to 'qeynos2' (2:0)
[08-25-2021 :: 23:36:55] [World] [MySQL Error] [1364] [Field 'public_note' doesn't have a default value]
[INSERT INTO `guild_members` SET `char_id` = 7225, `guild_id` = '1']
[08-25-2021 :: 23:36:56] [World] [World Server] Race: 1  Class: 6  Gender: 0  Deity: 215  Start zone: 1  Tutorial: true
[08-25-2021 :: 23:36:56] [World] [World Server]  88  102   75   75   85   75   75     575
[08-25-2021 :: 23:36:56] [World] [World Server] Current location: qrg (3)  -430.00, -209.00, 6.75, 192.00
[08-25-2021 :: 23:36:56] [World] [World Server] Bind location: (null) (0) 0.00, 0.00, 0.00
[08-25-2021 :: 23:36:56] [World] [World Server] Home location: qrg (3) -430.00, -209.00, 6.75
[08-25-2021 :: 23:36:56] [World] [World Server] Setting to 'qrg' (3:0)
[08-25-2021 :: 23:39:19] [World] [MySQL Error] [1364] [Field 'public_note' doesn't have a default value]
[INSERT INTO `guild_members` SET `char_id` = 7226, `guild_id` = '1']
[08-25-2021 :: 23:39:20] [World] [World Server] Race: 1  Class: 6  Gender: 0  Deity: 207  Start zone: 1  Tutorial: true
[08-25-2021 :: 23:39:20] [World] [World Server]  87  103   75   75   85   75   75     575
[08-25-2021 :: 23:39:20] [World] [World Server] Current location: qrg (3)  -430.00, -209.00, 6.75, 192.00
[08-25-2021 :: 23:39:20] [World] [World Server] Bind location: (null) (0) 0.00, 0.00, 0.00
[08-25-2021 :: 23:39:20] [World] [World Server] Home location: qrg (3) -430.00, -209.00, 6.75
[08-25-2021 :: 23:39:20] [World] [World Server] Setting to 'qrg' (3:0)
[08-25-2021 :: 23:42:00] [World] [MySQL Error] [1364] [Field 'public_note' doesn't have a default value]
[INSERT INTO `guild_members` SET `char_id` = 7227, `guild_id` = '1']
[08-25-2021 :: 23:42:00] [World] [World Server] Race: 1  Class: 2  Gender: 0  Deity: 212  Start zone: 1  Tutorial: true
[08-25-2021 :: 23:42:00] [World] [World Server]  92   98   75   75   85   75   75     575
[08-25-2021 :: 23:42:00] [World] [World Server] Current location: qeynos2 (2)  -677.00, -75.00, -10.25, 0.00
[08-25-2021 :: 23:42:00] [World] [World Server] Bind location: (null) (0) 0.00, 0.00, 0.00
[08-25-2021 :: 23:42:00] [World] [World Server] Home location: qeynos2 (2) -677.00, -75.00, -10.25
[08-25-2021 :: 23:42:01] [World] [World Server] Setting to 'qeynos2' (2:0)
