[07-29-2021 :: 18:39:54] [World] [World Server] Setting to 'ecommons' (22:0)
[07-29-2021 :: 18:39:54] [World] [World Server] Setting to 'ecommons' (22:0)
[08-11-2021 :: 21:03:23] [World] [World Server] Setting to 'nro' (34:0)
[08-11-2021 :: 21:03:23] [World] [World Server] Setting to 'nro' (34:0)
[08-11-2021 :: 21:13:26] [World] [World Server] Setting to 'nro' (34:0)
[08-11-2021 :: 21:15:15] [World] [World Server] Setting to 'nro' (34:0)
[08-11-2021 :: 21:18:04] [World] [World Server] Setting to 'nro' (34:0)
[08-11-2021 :: 21:19:37] [World] [World Server] Setting to 'nro' (34:0)
[08-11-2021 :: 21:20:48] [World] [World Server] Setting to 'nro' (34:0)
[08-11-2021 :: 21:23:16] [World] [World Server] Setting to 'fearplane' (72:0)
[08-11-2021 :: 21:23:17] [World] [World Server] Setting to 'fearplane' (72:0)
[08-11-2021 :: 21:24:26] [World] [World Server] Setting to 'feerrott' (47:0)
[08-11-2021 :: 21:24:27] [World] [World Server] Setting to 'feerrott' (47:0)
[08-11-2021 :: 21:34:25] [World] [World Server] Setting to 'feerrott' (47:0)
[08-11-2021 :: 21:35:24] [World] [World Server] Setting to 'nro' (34:0)
[08-11-2021 :: 21:41:22] [World] [World Server] Setting to 'nro' (34:0)
[08-11-2021 :: 21:45:33] [World] [World Server] Setting to 'nro' (34:0)
[08-11-2021 :: 21:48:31] [World] [World Server] Setting to 'qeynos2' (2:0)
[08-11-2021 :: 21:48:32] [World] [World Server] Setting to 'qeynos2' (2:0)
[08-11-2021 :: 21:52:19] [World] [World Server] Setting to 'qeynos2' (2:0)
[08-11-2021 :: 21:57:36] [World] [World Server] Setting to 'qeynos2' (2:0)
[08-11-2021 :: 22:05:33] [World] [World Server] Setting to 'qeynos2' (2:0)
[08-11-2021 :: 22:07:37] [World] [World Server] Setting to 'nro' (34:0)
[08-11-2021 :: 22:07:38] [World] [World Server] Setting to 'nro' (34:0)
