[08-19-2021 :: 18:24:41] [World] [World Server] Setting to 'highpass' (5:0)
[08-19-2021 :: 18:24:41] [World] [World Server] Setting to 'highpass' (5:0)
[08-19-2021 :: 18:24:49] [World] [World Server] Setting to 'kithicor' (20:0)
[08-19-2021 :: 18:24:50] [World] [World Server] Setting to 'kithicor' (20:0)
[08-19-2021 :: 18:29:24] [World] [World Server] Setting to 'commons' (21:0)
[08-19-2021 :: 18:29:25] [World] [World Server] Setting to 'commons' (21:0)
[08-19-2021 :: 18:30:30] [World] [World Server] Setting to 'lavastorm' (27:0)
[08-19-2021 :: 18:30:31] [World] [World Server] Setting to 'lavastorm' (27:0)
[08-19-2021 :: 18:31:20] [World] [World Server] Setting to 'highpass' (5:0)
[08-19-2021 :: 18:31:26] [World] [World Server] Setting to 'highkeep' (6:0)
[08-19-2021 :: 18:31:27] [World] [World Server] Setting to 'highkeep' (6:0)
[08-19-2021 :: 18:31:34] [World] [World Server] Setting to 'ecommons' (22:0)
[08-19-2021 :: 18:31:35] [World] [World Server] Setting to 'ecommons' (22:0)
[08-19-2021 :: 18:31:42] [World] [World Server] Setting to 'freporte' (10:0)
[08-19-2021 :: 18:31:43] [World] [World Server] Setting to 'freporte' (10:0)
[08-19-2021 :: 18:31:52] [World] [World Server] Setting to 'freportw' (9:0)
[08-19-2021 :: 18:31:54] [World] [World Server] Setting to 'freportw' (9:0)
[08-19-2021 :: 18:32:01] [World] [World Server] Setting to 'freportn' (8:0)
[08-19-2021 :: 18:32:02] [World] [World Server] Setting to 'freportn' (8:0)
[08-19-2021 :: 18:32:10] [World] [World Server] Setting to 'qeynos' (1:0)
[08-19-2021 :: 18:32:11] [World] [World Server] Setting to 'qeynos' (1:0)
[08-19-2021 :: 18:32:23] [World] [World Server] Setting to 'qeynos2' (2:0)
[08-19-2021 :: 18:32:25] [World] [World Server] Setting to 'qeynos2' (2:0)
[08-19-2021 :: 18:32:34] [World] [World Server] Setting to 'commons' (21:0)
[08-19-2021 :: 18:42:39] [World] [World Server] Setting to 'commons' (21:0)
[08-19-2021 :: 19:11:25] [World] [World Server] Setting to 'commons' (21:0)
[08-19-2021 :: 19:13:40] [World] [World Server] Setting to 'commons' (21:0)
[08-19-2021 :: 19:36:53] [World] [World Server] Setting to 'commons' (21:0)
[08-19-2021 :: 19:36:53] [World] [World Server] Setting to 'commons' (21:0)
[08-19-2021 :: 19:40:45] [World] [World Server] Setting to 'commons' (21:0)
[08-19-2021 :: 19:44:32] [World] [World Server] Setting to 'ecommons' (22:0)
[08-19-2021 :: 19:44:33] [World] [World Server] Setting to 'ecommons' (22:0)
[08-19-2021 :: 19:47:19] [World] [World Server] Setting to 'nektulos' (25:0)
[08-19-2021 :: 19:47:19] [World] [World Server] Setting to 'nektulos' (25:0)
[08-19-2021 :: 19:47:44] [World] [World Server] Setting to 'ecommons' (22:0)
[08-19-2021 :: 19:47:55] [World] [World Server] Setting to 'nektulos' (25:0)
[08-19-2021 :: 19:48:14] [World] [World Server] Setting to 'ecommons' (22:0)
[08-19-2021 :: 19:48:51] [World] [World Server] Setting to 'nektulos' (25:0)
[08-19-2021 :: 19:50:47] [World] [World Server] Setting to 'ecommons' (22:0)
[08-19-2021 :: 19:55:23] [World] [World Server] Setting to 'nektulos' (25:0)
[08-19-2021 :: 19:55:46] [World] [World Server] Setting to 'ecommons' (22:0)
[08-19-2021 :: 19:55:50] [World] [World Server] Setting to 'nektulos' (25:0)
[08-19-2021 :: 19:58:05] [World] [World Server] Setting to 'ecommons' (22:0)
[08-19-2021 :: 19:58:18] [World] [World Server] Setting to 'nektulos' (25:0)
[08-19-2021 :: 19:59:56] [World] [World Server] Setting to 'ecommons' (22:0)
[08-19-2021 :: 20:00:02] [World] [World Server] Setting to 'nektulos' (25:0)
[08-19-2021 :: 20:00:18] [World] [World Server] Setting to 'ecommons' (22:0)
[08-19-2021 :: 20:00:24] [World] [World Server] Setting to 'nektulos' (25:0)
[08-19-2021 :: 20:01:24] [World] [World Server] Setting to 'ecommons' (22:0)
[08-19-2021 :: 20:02:21] [World] [World Server] Setting to 'nektulos' (25:0)
[08-19-2021 :: 20:02:29] [World] [World Server] Setting to 'ecommons' (22:0)
[08-19-2021 :: 20:02:33] [World] [World Server] Setting to 'nektulos' (25:0)
[08-19-2021 :: 20:06:36] [World] [World Server] Setting to 'neriaka' (40:0)
[08-19-2021 :: 20:06:37] [World] [World Server] Setting to 'neriaka' (40:0)
[08-19-2021 :: 20:07:40] [World] [World Server] Setting to 'nektulos' (25:0)
[08-19-2021 :: 20:07:48] [World] [World Server] Setting to 'neriaka' (40:0)
[08-19-2021 :: 20:09:39] [World] [World Server] Setting to 'nektulos' (25:0)
[08-19-2021 :: 20:09:52] [World] [World Server] Setting to 'neriaka' (40:0)
[08-19-2021 :: 20:10:01] [World] [World Server] Setting to 'nektulos' (25:0)
[08-19-2021 :: 20:10:30] [World] [World Server] Setting to 'neriaka' (40:0)
[08-19-2021 :: 20:10:34] [World] [World Server] Setting to 'nektulos' (25:0)
[08-19-2021 :: 20:12:20] [World] [World Server] Setting to 'neriaka' (40:0)
[08-19-2021 :: 20:13:10] [World] [World Server] Setting to 'nektulos' (25:0)
[08-19-2021 :: 20:13:19] [World] [World Server] Setting to 'neriaka' (40:0)
[08-19-2021 :: 20:13:23] [World] [World Server] Setting to 'nektulos' (25:0)
[08-19-2021 :: 20:13:30] [World] [World Server] Setting to 'neriaka' (40:0)
[08-19-2021 :: 20:13:34] [World] [World Server] Setting to 'nektulos' (25:0)
[08-19-2021 :: 20:14:06] [World] [World Server] Setting to 'neriaka' (40:0)
[08-19-2021 :: 20:14:20] [World] [World Server] Setting to 'nektulos' (25:0)
[08-19-2021 :: 20:14:25] [World] [World Server] Setting to 'neriaka' (40:0)
[08-19-2021 :: 20:14:30] [World] [World Server] Setting to 'nektulos' (25:0)
[08-19-2021 :: 20:17:15] [World] [World Server] Setting to 'lavastorm' (27:0)
[08-19-2021 :: 20:17:16] [World] [World Server] Setting to 'lavastorm' (27:0)
[08-19-2021 :: 20:17:41] [World] [World Server] Setting to 'nektulos' (25:0)
[08-19-2021 :: 20:21:01] [World] [World Server] Setting to 'lavastorm' (27:0)
[08-19-2021 :: 20:21:21] [World] [World Server] Setting to 'nektulos' (25:0)
[08-19-2021 :: 20:22:03] [World] [World Server] Setting to 'lavastorm' (27:0)
[08-19-2021 :: 20:23:04] [World] [World Server] Setting to 'nektulos' (25:0)
[08-19-2021 :: 20:23:12] [World] [World Server] Setting to 'lavastorm' (27:0)
[08-19-2021 :: 20:23:26] [World] [World Server] Setting to 'nektulos' (25:0)
[08-19-2021 :: 20:23:43] [World] [World Server] Setting to 'lavastorm' (27:0)
[08-19-2021 :: 20:24:27] [World] [World Server] Setting to 'nektulos' (25:0)
[08-19-2021 :: 20:24:32] [World] [World Server] Setting to 'lavastorm' (27:0)
[08-19-2021 :: 20:27:18] [World] [World Server] Setting to 'nektulos' (25:0)
[08-19-2021 :: 20:27:29] [World] [World Server] Setting to 'lavastorm' (27:0)
[08-19-2021 :: 20:28:34] [World] [World Server] Setting to 'nektulos' (25:0)
[08-19-2021 :: 20:29:34] [World] [World Server] Setting to 'lavastorm' (27:0)
[08-19-2021 :: 20:29:59] [World] [World Server] Setting to 'nektulos' (25:0)
[08-19-2021 :: 20:30:29] [World] [World Server] Setting to 'lavastorm' (27:0)
[08-19-2021 :: 20:30:41] [World] [World Server] Setting to 'nektulos' (25:0)
[08-19-2021 :: 20:31:03] [World] [World Server] Setting to 'lavastorm' (27:0)
[08-19-2021 :: 20:31:10] [World] [World Server] Setting to 'nektulos' (25:0)
[08-19-2021 :: 20:32:45] [World] [World Server] Setting to 'lavastorm' (27:0)
[08-20-2021 :: 11:55:24] [World] [MySQL Error] [1364] [Field 'public_note' doesn't have a default value]
[INSERT INTO `guild_members` SET `char_id` = 7132, `guild_id` = '1']
[08-20-2021 :: 11:55:25] [World] [World Server] Race: 4  Class: 4  Gender: 0  Deity: 215  Start zone: 54  Tutorial: true
[08-20-2021 :: 11:55:25] [World] [World Server]  70   75  105  100   85   75   75     585
[08-20-2021 :: 11:55:25] [World] [World Server] Current location: gfaydark (54)  523.00, -447.00, 117.53, 128.00
[08-20-2021 :: 11:55:25] [World] [World Server] Bind location: gfaydark (54) 523.00, -447.00, 117.53
[08-20-2021 :: 11:55:25] [World] [World Server] Home location: gfaydark (54) 523.00, -447.00, 117.53
[08-20-2021 :: 11:55:25] [World] [World Server] Setting to 'gfaydark' (54:0)
[08-20-2021 :: 11:55:25] [World] [World Server] Setting to 'gfaydark' (54:0)
[08-20-2021 :: 16:33:12] [World] [MySQL Error] [1364] [Field 'public_note' doesn't have a default value]
[INSERT INTO `guild_members` SET `char_id` = 7133, `guild_id` = '1']
[08-20-2021 :: 16:33:12] [World] [World Server] Race: 6  Class: 11  Gender: 0  Deity: 206  Start zone: 5  Tutorial: true
[08-20-2021 :: 16:33:12] [World] [World Server]  60   70   90   85   83  134   60     582
[08-20-2021 :: 16:33:12] [World] [World Server] Current location: neriakc (42)  -1253.00, 1255.00, -80.84, 0.00
[08-20-2021 :: 16:33:12] [World] [World Server] Bind location: neriakc (42) -1253.00, 1255.00, -80.84
[08-20-2021 :: 16:33:12] [World] [World Server] Home location: neriakc (42) -1253.00, 1255.00, -80.84
[08-20-2021 :: 16:33:13] [World] [World Server] Setting to 'neriakc' (42:0)
[08-20-2021 :: 16:33:13] [World] [World Server] Setting to 'neriakc' (42:0)
[08-20-2021 :: 16:36:27] [World] [World Server] Setting to 'neriakb' (41:0)
[08-20-2021 :: 16:36:28] [World] [World Server] Setting to 'neriakb' (41:0)
[08-20-2021 :: 16:37:15] [World] [World Server] Setting to 'neriaka' (40:0)
[08-20-2021 :: 16:37:16] [World] [World Server] Setting to 'neriaka' (40:0)
[08-20-2021 :: 16:37:48] [World] [World Server] Setting to 'nektulos' (25:0)
[08-20-2021 :: 16:37:48] [World] [World Server] Setting to 'nektulos' (25:0)
[08-21-2021 :: 18:56:34] [World] [World Server] Setting to 'runnyeye' (11:0)
[08-21-2021 :: 18:56:34] [World] [World Server] Setting to 'runnyeye' (11:0)
[08-21-2021 :: 18:58:33] [World] [MySQL Error] [1364] [Field 'public_note' doesn't have a default value]
[INSERT INTO `guild_members` SET `char_id` = 7134, `guild_id` = '1']
[08-21-2021 :: 18:58:33] [World] [World Server] Race: 9  Class: 5  Gender: 0  Deity: 203  Start zone: 6  Tutorial: true
[08-21-2021 :: 18:58:33] [World] [World Server] 118  124   85   75   60   70   45     577
[08-21-2021 :: 18:58:33] [World] [World Server] Current location: grobb (52)  0.00, -100.00, 3.00, 0.00
[08-21-2021 :: 18:58:33] [World] [World Server] Bind location: grobb (52) 0.00, -100.00, 3.00
[08-21-2021 :: 18:58:33] [World] [World Server] Home location: grobb (52) 0.00, -100.00, 3.00
[08-21-2021 :: 18:58:34] [World] [World Server] Setting to 'grobb' (52:0)
[08-21-2021 :: 18:58:34] [World] [World Server] Setting to 'grobb' (52:0)
